---------------------------------------------------------------
[ 2019-09-27T14:34:32+08:00 ] 127.0.0.1 GET /admin
[ info ] local.lizi.com/admin [运行时间：0.583033s][吞吐率：1.72req/s] [内存消耗：4,235.25kb] [文件加载：76]
[ info ] [ LANG ] C:\Users\Administrator\Desktop\phpEnv5.6.0-Green\www\lizi\thinkphp\lang\zh-cn.php
[ info ] [ ROUTE ] array (
  'type' => 'module',
  'module' => 
  array (
    0 => 'admin',
    1 => NULL,
    2 => NULL,
  ),
)
[ info ] [ HEADER ] array (
  'cookie' => 'PHPSESSID=rtc69eibunioo9fpevehc5fa13; thinkphp_show_page_trace=0|0',
  'accept-language' => 'zh-CN,zh;q=0.9',
  'accept-encoding' => 'gzip, deflate',
  'accept' => 'text/html,application/xhtml+xml,application/xml;q=0.9,image/webp,image/apng,*/*;q=0.8,application/signed-exchange;v=b3',
  'user-agent' => 'Mozilla/5.0 (Windows NT 6.1; Win64; x64) AppleWebKit/537.36 (KHTML, like Gecko) Chrome/75.0.3770.142 Safari/537.36',
  'upgrade-insecure-requests' => '1',
  'connection' => 'close',
  'host' => 'local.lizi.com',
)
[ info ] [ PARAM ] array (
)
[ info ] [ DB ] INIT mysql
[ info ] [ SESSION ] INIT array (
  'id' => '',
  'var_session_id' => '',
  'prefix' => 'bearadmin_',
  'type' => '',
  'auto_start' => true,
)
[ info ] [ RUN ] app\admin\controller\Index->index[ C:\Users\Administrator\Desktop\phpEnv5.6.0-Green\www\lizi\application\admin\controller\Index.php ]
[ info ] [ VIEW ] C:\Users\Administrator\Desktop\phpEnv5.6.0-Green\www\lizi\public/../application/admin\view\index\index.html [ array (
  0 => 'zan',
  1 => 'html',
  2 => 'showDataHeader',
  3 => 'showDataHeaderAddButton',
  4 => 'showDataHeaderDeleteButton',
  5 => 'showFormHeader',
  6 => 'showFormHeaderBackButton',
  7 => 'showFormFooter',
  8 => 'showFormFooterSubmitButton',
  9 => 'showFormFooterResetButton',
  10 => 'webData',
) ]
[ info ] [ LOG ] INIT File
[ sql ] [ DB ] CONNECT:[ UseTime:0.002000s ] mysql:host=localhost;port=3306;dbname=lizi;charset=utf8mb4
[ sql ] [ SQL ] SHOW COLUMNS FROM `bear_admin_menus` [ RunTime:0.001000s ]
[ sql ] [ SQL ] SELECT * FROM `bear_admin_menus` WHERE  `url` = 'admin/index/index' LIMIT 1 [ RunTime:0.000000s ]
[ sql ] [ SQL ] SHOW COLUMNS FROM `bear_admin_users` [ RunTime:0.001000s ]
[ sql ] [ SQL ] SELECT * FROM `bear_admin_users` WHERE (  `id` = 1 ) AND `bear_admin_users`.`delete_time` IS NULL LIMIT 1 [ RunTime:0.000000s ]
[ sql ] [ SQL ] SHOW COLUMNS FROM `bear_admin_group_access` [ RunTime:0.002001s ]
[ sql ] [ SQL ] SELECT `AdminGroupAccess`.`uid`,`AdminGroupAccess`.`group_id`,`AdminGroups`.`name`,`AdminGroups`.`rules` FROM `bear_admin_group_access` `AdminGroupAccess` LEFT JOIN `bear_admin_groups` `AdminGroups` ON `AdminGroupAccess`.`group_id`=`AdminGroups`.`id` WHERE  (  AdminGroupAccess.uid='1' and AdminGroups.status=1 ) [ RunTime:0.001000s ]
[ sql ] [ SQL ] SELECT `condition`,`url`,`id` FROM `bear_admin_menus` WHERE  `id` IN (1,2,3,4,5,6,7,8,9,10,11,12,13,14,15,16,17,18,19,20,26,27,28,29,30,31,32,33,34,21,22,23,25,24,35,36,44,37,38,39,40,41,43,42,45,46,47,48,49,50,51,52,53,54)  AND `type` = 1  AND `status` = 1 [ RunTime:0.002000s ]
[ sql ] [ SQL ] SELECT * FROM `bear_admin_menus` WHERE  `is_show` = 1 ORDER BY `sort_id` ASC,`id` ASC [ RunTime:0.001000s ]
[ sql ] [ SQL ] SHOW COLUMNS FROM `bear_sysconfigs` [ RunTime:0.002000s ]
[ sql ] [ SQL ] SELECT * FROM `bear_sysconfigs` WHERE (  `code` = 'backend_name'  AND `status` = 1 ) AND `bear_sysconfigs`.`delete_time` IS NULL LIMIT 1 [ RunTime:0.000000s ]
---------------------------------------------------------------
[ 2019-09-27T14:34:32+08:00 ] 127.0.0.1 GET /favicon.ico
[ info ] local.lizi.com/favicon.ico [运行时间：0.049003s][吞吐率：20.41req/s] [内存消耗：2,008.70kb] [文件加载：53]
[ info ] [ LANG ] C:\Users\Administrator\Desktop\phpEnv5.6.0-Green\www\lizi\thinkphp\lang\zh-cn.php
[ info ] [ ROUTE ] array (
  'type' => 'module',
  'module' => 
  array (
    0 => 'favicon.ico',
    1 => NULL,
    2 => NULL,
  ),
)
[ info ] [ HEADER ] array (
  'cookie' => 'PHPSESSID=rtc69eibunioo9fpevehc5fa13; thinkphp_show_page_trace=0|0',
  'accept-language' => 'zh-CN,zh;q=0.9',
  'accept-encoding' => 'gzip, deflate',
  'referer' => 'http://local.lizi.com/admin',
  'accept' => 'image/webp,image/apng,image/*,*/*;q=0.8',
  'user-agent' => 'Mozilla/5.0 (Windows NT 6.1; Win64; x64) AppleWebKit/537.36 (KHTML, like Gecko) Chrome/75.0.3770.142 Safari/537.36',
  'connection' => 'close',
  'host' => 'local.lizi.com',
)
[ info ] [ PARAM ] array (
)
[ info ] [ LOG ] INIT File
---------------------------------------------------------------
[ 2019-09-27T14:34:35+08:00 ] 127.0.0.1 GET /admin/auth/logout.html
[ info ] local.lizi.com/admin/auth/logout.html [运行时间：0.132008s][吞吐率：7.58req/s] [内存消耗：4,361.79kb] [文件加载：79]
[ info ] [ LANG ] C:\Users\Administrator\Desktop\phpEnv5.6.0-Green\www\lizi\thinkphp\lang\zh-cn.php
[ info ] [ ROUTE ] array (
  'type' => 'module',
  'module' => 
  array (
    0 => 'admin',
    1 => 'auth',
    2 => 'logout',
  ),
)
[ info ] [ HEADER ] array (
  'cookie' => 'thinkphp_show_page_trace=0|0; PHPSESSID=rtc69eibunioo9fpevehc5fa13; thinkphp_show_page_trace=0|0',
  'accept-language' => 'zh-CN,zh;q=0.9',
  'accept-encoding' => 'gzip, deflate',
  'referer' => 'http://local.lizi.com/admin',
  'accept' => 'text/html,application/xhtml+xml,application/xml;q=0.9,image/webp,image/apng,*/*;q=0.8,application/signed-exchange;v=b3',
  'user-agent' => 'Mozilla/5.0 (Windows NT 6.1; Win64; x64) AppleWebKit/537.36 (KHTML, like Gecko) Chrome/75.0.3770.142 Safari/537.36',
  'upgrade-insecure-requests' => '1',
  'connection' => 'close',
  'host' => 'local.lizi.com',
)
[ info ] [ PARAM ] array (
)
[ info ] [ DB ] INIT mysql
[ info ] [ RUN ] app\admin\controller\Auth->logout[ C:\Users\Administrator\Desktop\phpEnv5.6.0-Green\www\lizi\application\admin\controller\Auth.php ]
[ info ] [ SESSION ] INIT array (
  'id' => '',
  'var_session_id' => '',
  'prefix' => 'bearadmin_',
  'type' => '',
  'auto_start' => true,
)
[ info ] [ LOG ] INIT File
[ sql ] [ DB ] CONNECT:[ UseTime:0.010001s ] mysql:host=localhost;port=3306;dbname=lizi;charset=utf8mb4
[ sql ] [ SQL ] SHOW COLUMNS FROM `bear_admin_menus` [ RunTime:0.001000s ]
[ sql ] [ SQL ] SELECT * FROM `bear_admin_menus` WHERE  `url` = 'admin/auth/logout' LIMIT 1 [ RunTime:0.001000s ]
[ sql ] [ SQL ] SHOW COLUMNS FROM `bear_admin_users` [ RunTime:0.001000s ]
[ sql ] [ SQL ] SELECT * FROM `bear_admin_users` WHERE (  `id` = 0 ) AND `bear_admin_users`.`delete_time` IS NULL LIMIT 1 [ RunTime:0.001000s ]
[ sql ] [ SQL ] SHOW COLUMNS FROM `bear_admin_logs` [ RunTime:0.003000s ]
[ sql ] [ SQL ] INSERT INTO `bear_admin_logs` (`user_id` , `title` , `resource_id` , `log_type` , `log_url` , `log_ip` , `create_time`) VALUES (1 , '退出' , 0 , 2 , 'admin/auth/logout.html' , 2130706433 , 1569566075) [ RunTime:0.009000s ]
[ sql ] [ SQL ] SHOW COLUMNS FROM `bear_admin_log_datas` [ RunTime:0.002000s ]
[ sql ] [ SQL ] INSERT INTO `bear_admin_log_datas` (`data` , `log_id` , `create_time` , `update_time`) VALUES ('56e6df2fqdsHcwsJ5ZIgTfqs5Tfeu+HkYQyAjuR0vugmcI7/8xU' , 88 , 1569566075 , 1569566075) [ RunTime:0.009000s ]
---------------------------------------------------------------
[ 2019-09-27T14:34:35+08:00 ] 127.0.0.1 GET /admin/auth/login.html
[ info ] local.lizi.com/admin/auth/login.html [运行时间：0.094006s][吞吐率：10.64req/s] [内存消耗：4,140.89kb] [文件加载：75]
[ info ] [ LANG ] C:\Users\Administrator\Desktop\phpEnv5.6.0-Green\www\lizi\thinkphp\lang\zh-cn.php
[ info ] [ ROUTE ] array (
  'type' => 'module',
  'module' => 
  array (
    0 => 'admin',
    1 => 'auth',
    2 => 'login',
  ),
)
[ info ] [ HEADER ] array (
  'cookie' => 'thinkphp_show_page_trace=0|0; PHPSESSID=rtc69eibunioo9fpevehc5fa13; thinkphp_show_page_trace=0|0',
  'accept-language' => 'zh-CN,zh;q=0.9',
  'accept-encoding' => 'gzip, deflate',
  'referer' => 'http://local.lizi.com/admin',
  'accept' => 'text/html,application/xhtml+xml,application/xml;q=0.9,image/webp,image/apng,*/*;q=0.8,application/signed-exchange;v=b3',
  'user-agent' => 'Mozilla/5.0 (Windows NT 6.1; Win64; x64) AppleWebKit/537.36 (KHTML, like Gecko) Chrome/75.0.3770.142 Safari/537.36',
  'upgrade-insecure-requests' => '1',
  'connection' => 'close',
  'host' => 'local.lizi.com',
)
[ info ] [ PARAM ] array (
)
[ info ] [ DB ] INIT mysql
[ info ] [ RUN ] app\admin\controller\Auth->login[ C:\Users\Administrator\Desktop\phpEnv5.6.0-Green\www\lizi\application\admin\controller\Auth.php ]
[ info ] [ SESSION ] INIT array (
  'id' => '',
  'var_session_id' => '',
  'prefix' => 'bearadmin_',
  'type' => '',
  'auto_start' => true,
)
[ info ] [ VIEW ] C:\Users\Administrator\Desktop\phpEnv5.6.0-Green\www\lizi\public/../application/admin\view\auth\login.html [ array (
  0 => 'title',
  1 => 'bg_num',
  2 => 'showDataHeader',
  3 => 'showDataHeaderAddButton',
  4 => 'showDataHeaderDeleteButton',
  5 => 'showFormHeader',
  6 => 'showFormHeaderBackButton',
  7 => 'showFormFooter',
  8 => 'showFormFooterSubmitButton',
  9 => 'showFormFooterResetButton',
  10 => 'webData',
) ]
[ info ] [ LOG ] INIT File
[ sql ] [ DB ] CONNECT:[ UseTime:0.010000s ] mysql:host=localhost;port=3306;dbname=lizi;charset=utf8mb4
[ sql ] [ SQL ] SHOW COLUMNS FROM `bear_admin_menus` [ RunTime:0.001000s ]
[ sql ] [ SQL ] SELECT * FROM `bear_admin_menus` WHERE  `url` = 'admin/auth/login' LIMIT 1 [ RunTime:0.000000s ]
[ sql ] [ SQL ] SHOW COLUMNS FROM `bear_admin_users` [ RunTime:0.001000s ]
[ sql ] [ SQL ] SELECT * FROM `bear_admin_users` WHERE (  `id` = 0 ) AND `bear_admin_users`.`delete_time` IS NULL LIMIT 1 [ RunTime:0.000000s ]
[ sql ] [ SQL ] SHOW COLUMNS FROM `bear_admin_group_access` [ RunTime:0.003000s ]
[ sql ] [ SQL ] SELECT `AdminGroupAccess`.`uid`,`AdminGroupAccess`.`group_id`,`AdminGroups`.`name`,`AdminGroups`.`rules` FROM `bear_admin_group_access` `AdminGroupAccess` LEFT JOIN `bear_admin_groups` `AdminGroups` ON `AdminGroupAccess`.`group_id`=`AdminGroups`.`id` WHERE  (  AdminGroupAccess.uid='' and AdminGroups.status=1 ) [ RunTime:0.002000s ]
[ sql ] [ SQL ] SHOW COLUMNS FROM `bear_sysconfigs` [ RunTime:0.002000s ]
[ sql ] [ SQL ] SELECT * FROM `bear_sysconfigs` WHERE (  `code` = 'backend_name'  AND `status` = 1 ) AND `bear_sysconfigs`.`delete_time` IS NULL LIMIT 1 [ RunTime:0.000000s ]
---------------------------------------------------------------
[ 2019-09-27T14:34:35+08:00 ] 127.0.0.1 POST /admin/auth/get_geetest_status.html
[ info ] local.lizi.com/admin/auth/get_geetest_status.html [运行时间：0.190011s][吞吐率：5.26req/s] [内存消耗：3,953.09kb] [文件加载：70]
[ info ] [ LANG ] C:\Users\Administrator\Desktop\phpEnv5.6.0-Green\www\lizi\thinkphp\lang\zh-cn.php
[ info ] [ ROUTE ] array (
  'type' => 'module',
  'module' => 
  array (
    0 => 'admin',
    1 => 'auth',
    2 => 'get_geetest_status',
  ),
)
[ info ] [ HEADER ] array (
  'cookie' => 'thinkphp_show_page_trace=0|0; PHPSESSID=rtc69eibunioo9fpevehc5fa13; thinkphp_show_page_trace=0|0',
  'accept-language' => 'zh-CN,zh;q=0.9',
  'accept-encoding' => 'gzip, deflate',
  'referer' => 'http://local.lizi.com/admin/auth/login.html',
  'user-agent' => 'Mozilla/5.0 (Windows NT 6.1; Win64; x64) AppleWebKit/537.36 (KHTML, like Gecko) Chrome/75.0.3770.142 Safari/537.36',
  'x-requested-with' => 'XMLHttpRequest',
  'origin' => 'http://local.lizi.com',
  'accept' => 'application/json, text/javascript, */*; q=0.01',
  'content-length' => '0',
  'connection' => 'close',
  'host' => 'local.lizi.com',
)
[ info ] [ PARAM ] array (
)
[ info ] [ DB ] INIT mysql
[ info ] [ RUN ] app\admin\controller\Auth->get_geetest_status[ C:\Users\Administrator\Desktop\phpEnv5.6.0-Green\www\lizi\application\admin\controller\Auth.php ]
[ info ] [ SESSION ] INIT array (
  'id' => '',
  'var_session_id' => '',
  'prefix' => 'bearadmin_',
  'type' => '',
  'auto_start' => true,
)
[ info ] [ LOG ] INIT File
[ sql ] [ DB ] CONNECT:[ UseTime:0.002000s ] mysql:host=localhost;port=3306;dbname=lizi;charset=utf8mb4
[ sql ] [ SQL ] SHOW COLUMNS FROM `bear_admin_menus` [ RunTime:0.001000s ]
[ sql ] [ SQL ] SELECT * FROM `bear_admin_menus` WHERE  `url` = 'admin/auth/get_geetest_status' LIMIT 1 [ RunTime:0.000000s ]
[ sql ] [ SQL ] SHOW COLUMNS FROM `bear_admin_users` [ RunTime:0.000000s ]
[ sql ] [ SQL ] SELECT * FROM `bear_admin_users` WHERE (  `id` = 0 ) AND `bear_admin_users`.`delete_time` IS NULL LIMIT 1 [ RunTime:0.000000s ]
