---------------------------------------------------------------
[ 2019-10-25T14:18:38+08:00 ] 127.0.0.1 GET /
[ info ] local.lizi.com/ [运行时间：0.134008s][吞吐率：7.46req/s] [内存消耗：3,424.85kb] [文件加载：66]
[ info ] [ LANG ] C:\Users\Administrator\Desktop\phpEnv5.6.0-Green\www\lizi\thinkphp\lang\zh-cn.php
[ info ] [ ROUTE ] array (
  'type' => 'module',
  'module' => 
  array (
    0 => '',
    1 => NULL,
    2 => NULL,
  ),
)
[ info ] [ HEADER ] array (
  'cookie' => 'Hm_lvt_a251280bf86f57cd4043cbbb98c55f57=1570846100,1571035163',
  'accept-language' => 'zh-CN,zh;q=0.9',
  'accept-encoding' => 'gzip, deflate',
  'accept' => 'text/html,application/xhtml+xml,application/xml;q=0.9,image/webp,image/apng,*/*;q=0.8,application/signed-exchange;v=b3',
  'user-agent' => 'Mozilla/5.0 (Windows NT 6.1; Win64; x64) AppleWebKit/537.36 (KHTML, like Gecko) Chrome/75.0.3770.142 Safari/537.36',
  'upgrade-insecure-requests' => '1',
  'connection' => 'close',
  'host' => 'local.lizi.com',
)
[ info ] [ PARAM ] array (
)
[ info ] [ DB ] INIT mysql
[ info ] [ RUN ] app\index\controller\Index->index[ C:\Users\Administrator\Desktop\phpEnv5.6.0-Green\www\lizi\application\index\controller\Index.php ]
[ info ] [ VIEW ] C:\Users\Administrator\Desktop\phpEnv5.6.0-Green\www\lizi\public/../application/index\view\index\index.html [ array (
  0 => 'config',
  1 => 'shouye',
  2 => 'list',
  3 => 'categorys',
  4 => 'indexs',
) ]
[ info ] [ SESSION ] INIT array (
  'id' => '',
  'var_session_id' => '',
  'prefix' => 'bearadmin_',
  'type' => '',
  'auto_start' => true,
)
[ info ] [ LOG ] INIT File
[ sql ] [ DB ] CONNECT:[ UseTime:0.004000s ] mysql:host=localhost;port=3306;dbname=lizi;charset=utf8mb4
[ sql ] [ SQL ] SHOW COLUMNS FROM `bear_config` [ RunTime:0.005000s ]
[ sql ] [ SQL ] SELECT * FROM `bear_config` WHERE  `id` = 1 LIMIT 1 [ RunTime:0.001000s ]
[ sql ] [ SQL ] SHOW COLUMNS FROM `bear_content` [ RunTime:0.004001s ]
[ sql ] [ SQL ] SELECT * FROM `bear_content` WHERE  `id` = 24 LIMIT 1 [ RunTime:0.000000s ]
[ sql ] [ SQL ] SELECT * FROM `bear_config` WHERE  `id` = 1 LIMIT 1 [ RunTime:0.001000s ]
[ sql ] [ SQL ] SHOW COLUMNS FROM `bear_goods` [ RunTime:0.004000s ]
[ sql ] [ SQL ] SELECT * FROM `bear_goods` WHERE  `status` = 1 ORDER BY `sort` DESC [ RunTime:0.001000s ]
[ sql ] [ SQL ] SHOW COLUMNS FROM `bear_good_cates` [ RunTime:0.004000s ]
[ sql ] [ SQL ] SELECT * FROM `bear_good_cates` ORDER BY `id` DESC [ RunTime:0.000000s ]
[ sql ] [ SQL ] SELECT * FROM `bear_content` WHERE  `id` = 24 LIMIT 1 [ RunTime:0.001000s ]
[ sql ] [ SQL ] SHOW COLUMNS FROM `bear_card` [ RunTime:0.004000s ]
[ sql ] [ SQL ] SELECT gid,count(kami) as num FROM `bear_card` WHERE  `over` = 0 GROUP BY `gid` [ RunTime:0.001001s ]
---------------------------------------------------------------
[ 2019-10-25T14:18:38+08:00 ] 127.0.0.1 GET /sink/cssimg/dinggoubg.png
[ info ] local.lizi.com/sink/cssimg/dinggoubg.png [运行时间：0.055003s][吞吐率：18.18req/s] [内存消耗：2,008.91kb] [文件加载：53]
[ info ] [ LANG ] C:\Users\Administrator\Desktop\phpEnv5.6.0-Green\www\lizi\thinkphp\lang\zh-cn.php
[ info ] [ ROUTE ] array (
  'type' => 'module',
  'module' => 
  array (
    0 => 'sink',
    1 => 'cssimg',
    2 => 'dinggoubg.png',
  ),
)
[ info ] [ HEADER ] array (
  'cookie' => 'Hm_lvt_a251280bf86f57cd4043cbbb98c55f57=1570846100,1571035163; PHPSESSID=6ouhlg7l43vmnmq8hodg5m8g05',
  'accept-language' => 'zh-CN,zh;q=0.9',
  'accept-encoding' => 'gzip, deflate',
  'referer' => 'http://local.lizi.com/',
  'accept' => 'image/webp,image/apng,image/*,*/*;q=0.8',
  'user-agent' => 'Mozilla/5.0 (Windows NT 6.1; Win64; x64) AppleWebKit/537.36 (KHTML, like Gecko) Chrome/75.0.3770.142 Safari/537.36',
  'connection' => 'close',
  'host' => 'local.lizi.com',
)
[ info ] [ PARAM ] array (
)
[ info ] [ LOG ] INIT File
---------------------------------------------------------------
[ 2019-10-25T14:18:44+08:00 ] 127.0.0.1 GET /index/index/trade.html?id=1
[ info ] local.lizi.com/index/index/trade.html?id=1 [运行时间：0.087005s][吞吐率：11.49req/s] [内存消耗：3,420.88kb] [文件加载：66]
[ info ] [ LANG ] C:\Users\Administrator\Desktop\phpEnv5.6.0-Green\www\lizi\thinkphp\lang\zh-cn.php
[ info ] [ ROUTE ] array (
  'type' => 'module',
  'module' => 
  array (
    0 => 'index',
    1 => 'index',
    2 => 'trade',
  ),
)
[ info ] [ HEADER ] array (
  'cookie' => 'Hm_lvt_a251280bf86f57cd4043cbbb98c55f57=1570846100,1571035163; PHPSESSID=6ouhlg7l43vmnmq8hodg5m8g05; thinkphp_show_page_trace=0|0',
  'accept-language' => 'zh-CN,zh;q=0.9',
  'accept-encoding' => 'gzip, deflate',
  'referer' => 'http://local.lizi.com/',
  'accept' => 'text/html,application/xhtml+xml,application/xml;q=0.9,image/webp,image/apng,*/*;q=0.8,application/signed-exchange;v=b3',
  'user-agent' => 'Mozilla/5.0 (Windows NT 6.1; Win64; x64) AppleWebKit/537.36 (KHTML, like Gecko) Chrome/75.0.3770.142 Safari/537.36',
  'upgrade-insecure-requests' => '1',
  'connection' => 'close',
  'host' => 'local.lizi.com',
)
[ info ] [ PARAM ] array (
  'id' => '1',
)
[ info ] [ DB ] INIT mysql
[ info ] [ RUN ] app\index\controller\Index->trade[ C:\Users\Administrator\Desktop\phpEnv5.6.0-Green\www\lizi\application\index\controller\Index.php ]
[ info ] [ VIEW ] C:\Users\Administrator\Desktop\phpEnv5.6.0-Green\www\lizi\public/../application/index\view\index\trade.html [ array (
  0 => 'config',
  1 => 'shouye',
  2 => 'info',
) ]
[ info ] [ SESSION ] INIT array (
  'id' => '',
  'var_session_id' => '',
  'prefix' => 'bearadmin_',
  'type' => '',
  'auto_start' => true,
)
[ info ] [ LOG ] INIT File
[ sql ] [ DB ] CONNECT:[ UseTime:0.002000s ] mysql:host=localhost;port=3306;dbname=lizi;charset=utf8mb4
[ sql ] [ SQL ] SHOW COLUMNS FROM `bear_config` [ RunTime:0.002000s ]
[ sql ] [ SQL ] SELECT * FROM `bear_config` WHERE  `id` = 1 LIMIT 1 [ RunTime:0.001001s ]
[ sql ] [ SQL ] SHOW COLUMNS FROM `bear_content` [ RunTime:0.002000s ]
[ sql ] [ SQL ] SELECT * FROM `bear_content` WHERE  `id` = 24 LIMIT 1 [ RunTime:0.000000s ]
[ sql ] [ SQL ] SELECT * FROM `bear_config` WHERE  `id` = 1 LIMIT 1 [ RunTime:0.000000s ]
[ sql ] [ SQL ] SHOW COLUMNS FROM `bear_goods` [ RunTime:0.002000s ]
[ sql ] [ SQL ] SELECT * FROM `bear_goods` WHERE  `id` = 1 LIMIT 1 [ RunTime:0.000000s ]
[ sql ] [ SQL ] SHOW COLUMNS FROM `bear_card` [ RunTime:0.002000s ]
[ sql ] [ SQL ] SELECT COUNT(kami) AS tp_count FROM `bear_card` WHERE  `gid` = 1  AND `over` = 0 LIMIT 1 [ RunTime:0.001000s ]
---------------------------------------------------------------
[ 2019-10-25T14:18:45+08:00 ] 127.0.0.1 GET /index/sink/sink/cssimg/qq.png
[ info ] local.lizi.com/index/sink/sink/cssimg/qq.png [运行时间：0.053003s][吞吐率：18.87req/s] [内存消耗：2,019.11kb] [文件加载：54]
[ info ] [ LANG ] C:\Users\Administrator\Desktop\phpEnv5.6.0-Green\www\lizi\thinkphp\lang\zh-cn.php
[ info ] [ ROUTE ] array (
  'type' => 'module',
  'module' => 
  array (
    0 => 'index',
    1 => 'sink',
    2 => 'sink',
  ),
)
[ info ] [ HEADER ] array (
  'cookie' => 'Hm_lvt_a251280bf86f57cd4043cbbb98c55f57=1570846100,1571035163; PHPSESSID=6ouhlg7l43vmnmq8hodg5m8g05; thinkphp_show_page_trace=0|0',
  'accept-language' => 'zh-CN,zh;q=0.9',
  'accept-encoding' => 'gzip, deflate',
  'referer' => 'http://local.lizi.com/index/sink/css/css7.css',
  'accept' => 'image/webp,image/apng,image/*,*/*;q=0.8',
  'user-agent' => 'Mozilla/5.0 (Windows NT 6.1; Win64; x64) AppleWebKit/537.36 (KHTML, like Gecko) Chrome/75.0.3770.142 Safari/537.36',
  'connection' => 'close',
  'host' => 'local.lizi.com',
)
[ info ] [ PARAM ] array (
  'cssimg' => 'qq.png',
)
[ info ] [ LOG ] INIT File
---------------------------------------------------------------
[ 2019-10-25T14:18:48+08:00 ] 127.0.0.1 POST /index/index/buy.html
[ info ] local.lizi.com/index/index/buy.html [运行时间：0.099006s][吞吐率：10.10req/s] [内存消耗：3,277.18kb] [文件加载：62]
[ info ] [ LANG ] C:\Users\Administrator\Desktop\phpEnv5.6.0-Green\www\lizi\thinkphp\lang\zh-cn.php
[ info ] [ ROUTE ] array (
  'type' => 'module',
  'module' => 
  array (
    0 => 'index',
    1 => 'index',
    2 => 'buy',
  ),
)
[ info ] [ HEADER ] array (
  'cookie' => 'thinkphp_show_page_trace=0|0; Hm_lvt_a251280bf86f57cd4043cbbb98c55f57=1570846100,1571035163; PHPSESSID=6ouhlg7l43vmnmq8hodg5m8g05; thinkphp_show_page_trace=0|0',
  'accept-language' => 'zh-CN,zh;q=0.9',
  'accept-encoding' => 'gzip, deflate',
  'referer' => 'http://local.lizi.com/index/index/trade.html?id=1',
  'content-type' => 'application/x-www-form-urlencoded; charset=UTF-8',
  'user-agent' => 'Mozilla/5.0 (Windows NT 6.1; Win64; x64) AppleWebKit/537.36 (KHTML, like Gecko) Chrome/75.0.3770.142 Safari/537.36',
  'x-requested-with' => 'XMLHttpRequest',
  'origin' => 'http://local.lizi.com',
  'accept' => 'application/json, text/javascript, */*; q=0.01',
  'content-length' => '168',
  'connection' => 'close',
  'host' => 'local.lizi.com',
)
[ info ] [ PARAM ] array (
  'data' => 
  array (
    'gid' => '1',
    'huo' => '0',
    'num' => '1',
    'content' => '""',
    'danpay' => '0.100',
    'countpay' => '0.1',
    'mobile' => '17353993431',
    'member_id' => '',
  ),
)
[ info ] [ DB ] INIT mysql
[ info ] [ RUN ] app\index\controller\Index->buy[ C:\Users\Administrator\Desktop\phpEnv5.6.0-Green\www\lizi\application\index\controller\Index.php ]
[ info ] [ LOG ] INIT File
[ sql ] [ DB ] CONNECT:[ UseTime:0.010001s ] mysql:host=localhost;port=3306;dbname=lizi;charset=utf8mb4
[ sql ] [ SQL ] SHOW COLUMNS FROM `bear_config` [ RunTime:0.002000s ]
[ sql ] [ SQL ] SELECT * FROM `bear_config` WHERE  `id` = 1 LIMIT 1 [ RunTime:0.000000s ]
[ sql ] [ SQL ] SHOW COLUMNS FROM `bear_content` [ RunTime:0.002000s ]
[ sql ] [ SQL ] SELECT * FROM `bear_content` WHERE  `id` = 24 LIMIT 1 [ RunTime:0.000000s ]
[ sql ] [ SQL ] SELECT * FROM `bear_config` WHERE  `id` = 1 LIMIT 1 [ RunTime:0.001000s ]
[ sql ] [ SQL ] SHOW COLUMNS FROM `bear_order` [ RunTime:0.011001s ]
[ sql ] [ SQL ] INSERT INTO `bear_order` (`gid` , `huo` , `num` , `content` , `danpay` , `countpay` , `order_no` , `mobile` , `member_id`) VALUES (1 , 0 , 1 , '\"\"' , 0.1 , 0.1 , '20191025141848605' , '17353993431' , 0) [ RunTime:0.009000s ]
---------------------------------------------------------------
[ 2019-10-25T14:18:51+08:00 ] 127.0.0.1 GET /index/index/buy.html?order_no=20191025141848605&did=24
[ info ] local.lizi.com/index/index/buy.html?order_no=20191025141848605&did=24 [运行时间：0.179010s][吞吐率：5.59req/s] [内存消耗：3,425.61kb] [文件加载：65]
[ info ] [ LANG ] C:\Users\Administrator\Desktop\phpEnv5.6.0-Green\www\lizi\thinkphp\lang\zh-cn.php
[ info ] [ ROUTE ] array (
  'type' => 'module',
  'module' => 
  array (
    0 => 'index',
    1 => 'index',
    2 => 'buy',
  ),
)
[ info ] [ HEADER ] array (
  'cookie' => 'thinkphp_show_page_trace=0|0; Hm_lvt_a251280bf86f57cd4043cbbb98c55f57=1570846100,1571035163; PHPSESSID=6ouhlg7l43vmnmq8hodg5m8g05; thinkphp_show_page_trace=0|0',
  'accept-language' => 'zh-CN,zh;q=0.9',
  'accept-encoding' => 'gzip, deflate',
  'referer' => 'http://local.lizi.com/index/index/trade.html?id=1',
  'accept' => 'text/html,application/xhtml+xml,application/xml;q=0.9,image/webp,image/apng,*/*;q=0.8,application/signed-exchange;v=b3',
  'user-agent' => 'Mozilla/5.0 (Windows NT 6.1; Win64; x64) AppleWebKit/537.36 (KHTML, like Gecko) Chrome/75.0.3770.142 Safari/537.36',
  'upgrade-insecure-requests' => '1',
  'connection' => 'close',
  'host' => 'local.lizi.com',
)
[ info ] [ PARAM ] array (
  'order_no' => '20191025141848605',
  'did' => '24',
)
[ info ] [ DB ] INIT mysql
[ info ] [ RUN ] app\index\controller\Index->buy[ C:\Users\Administrator\Desktop\phpEnv5.6.0-Green\www\lizi\application\index\controller\Index.php ]
[ info ] [ VIEW ] C:\Users\Administrator\Desktop\phpEnv5.6.0-Green\www\lizi\public/../application/index\view\index\buy.html [ array (
  0 => 'config',
  1 => 'shouye',
  2 => 'order',
  3 => 'goods',
) ]
[ info ] [ SESSION ] INIT array (
  'id' => '',
  'var_session_id' => '',
  'prefix' => 'bearadmin_',
  'type' => '',
  'auto_start' => true,
)
[ info ] [ LOG ] INIT File
[ sql ] [ DB ] CONNECT:[ UseTime:0.011001s ] mysql:host=localhost;port=3306;dbname=lizi;charset=utf8mb4
[ sql ] [ SQL ] SHOW COLUMNS FROM `bear_config` [ RunTime:0.004000s ]
[ sql ] [ SQL ] SELECT * FROM `bear_config` WHERE  `id` = 1 LIMIT 1 [ RunTime:0.000000s ]
[ sql ] [ SQL ] SHOW COLUMNS FROM `bear_content` [ RunTime:0.003001s ]
[ sql ] [ SQL ] SELECT * FROM `bear_content` WHERE  `id` = 24 LIMIT 1 [ RunTime:0.000000s ]
[ sql ] [ SQL ] SELECT * FROM `bear_config` WHERE  `id` = 1 LIMIT 1 [ RunTime:0.001000s ]
[ sql ] [ SQL ] SHOW COLUMNS FROM `bear_goods` [ RunTime:0.004000s ]
[ sql ] [ SQL ] SELECT * FROM `bear_goods` ORDER BY `id` DESC [ RunTime:0.001000s ]
[ sql ] [ SQL ] SHOW COLUMNS FROM `bear_order` [ RunTime:0.004000s ]
[ sql ] [ SQL ] SELECT * FROM `bear_order` WHERE  `id` = 24  AND `order_no` = '20191025141848605' LIMIT 1 [ RunTime:0.001000s ]
---------------------------------------------------------------
[ 2019-10-25T14:18:51+08:00 ] 127.0.0.1 GET /index/sink/sink/cssimg/dinggoubg.png
[ info ] local.lizi.com/index/sink/sink/cssimg/dinggoubg.png [运行时间：0.062004s][吞吐率：16.13req/s] [内存消耗：2,019.07kb] [文件加载：54]
[ info ] [ LANG ] C:\Users\Administrator\Desktop\phpEnv5.6.0-Green\www\lizi\thinkphp\lang\zh-cn.php
[ info ] [ ROUTE ] array (
  'type' => 'module',
  'module' => 
  array (
    0 => 'index',
    1 => 'sink',
    2 => 'sink',
  ),
)
[ info ] [ HEADER ] array (
  'cookie' => 'Hm_lvt_a251280bf86f57cd4043cbbb98c55f57=1570846100,1571035163; PHPSESSID=6ouhlg7l43vmnmq8hodg5m8g05; thinkphp_show_page_trace=0|0',
  'accept-language' => 'zh-CN,zh;q=0.9',
  'accept-encoding' => 'gzip, deflate',
  'referer' => 'http://local.lizi.com/index/sink/css/css7.css',
  'accept' => 'image/webp,image/apng,image/*,*/*;q=0.8',
  'user-agent' => 'Mozilla/5.0 (Windows NT 6.1; Win64; x64) AppleWebKit/537.36 (KHTML, like Gecko) Chrome/75.0.3770.142 Safari/537.36',
  'connection' => 'close',
  'host' => 'local.lizi.com',
)
[ info ] [ PARAM ] array (
  'cssimg' => 'dinggoubg.png',
)
[ info ] [ LOG ] INIT File
---------------------------------------------------------------
[ 2019-10-25T14:18:53+08:00 ] 127.0.0.1 GET /index/index/sink/cssimg/zf.png
[ info ] local.lizi.com/index/index/sink/cssimg/zf.png [运行时间：0.121007s][吞吐率：8.26req/s] [内存消耗：3,341.48kb] [文件加载：66]
[ info ] [ LANG ] C:\Users\Administrator\Desktop\phpEnv5.6.0-Green\www\lizi\thinkphp\lang\zh-cn.php
[ info ] [ ROUTE ] array (
  'type' => 'module',
  'module' => 
  array (
    0 => 'index',
    1 => 'index',
    2 => 'sink',
  ),
)
[ info ] [ HEADER ] array (
  'cookie' => 'thinkphp_show_page_trace=0|0; Hm_lvt_a251280bf86f57cd4043cbbb98c55f57=1570846100,1571035163; PHPSESSID=6ouhlg7l43vmnmq8hodg5m8g05; thinkphp_show_page_trace=0|0',
  'accept-language' => 'zh-CN,zh;q=0.9',
  'accept-encoding' => 'gzip, deflate',
  'referer' => 'http://local.lizi.com/index/index/buy.html?order_no=20191025141848605&did=24',
  'accept' => 'image/webp,image/apng,image/*,*/*;q=0.8',
  'user-agent' => 'Mozilla/5.0 (Windows NT 6.1; Win64; x64) AppleWebKit/537.36 (KHTML, like Gecko) Chrome/75.0.3770.142 Safari/537.36',
  'connection' => 'close',
  'host' => 'local.lizi.com',
)
[ info ] [ PARAM ] array (
  'cssimg' => 'zf.png',
)
[ info ] [ DB ] INIT mysql
[ info ] [ LOG ] INIT File
[ sql ] [ DB ] CONNECT:[ UseTime:0.011000s ] mysql:host=localhost;port=3306;dbname=lizi;charset=utf8mb4
[ sql ] [ SQL ] SHOW COLUMNS FROM `bear_config` [ RunTime:0.002000s ]
[ sql ] [ SQL ] SELECT * FROM `bear_config` WHERE  `id` = 1 LIMIT 1 [ RunTime:0.000000s ]
[ sql ] [ SQL ] SHOW COLUMNS FROM `bear_content` [ RunTime:0.002000s ]
[ sql ] [ SQL ] SELECT * FROM `bear_content` WHERE  `id` = 24 LIMIT 1 [ RunTime:0.000000s ]
[ sql ] [ SQL ] SELECT * FROM `bear_config` WHERE  `id` = 1 LIMIT 1 [ RunTime:0.001000s ]
---------------------------------------------------------------
[ 2019-10-25T14:18:55+08:00 ] 127.0.0.1 GET /index/pays/index.html?types=alipay&goodnames=%E4%B8%8D%E7%9F%A5%E9%81%93&order_no=20191025141848605&paynum=0.100&sitename=%E6%A0%97%E5%AD%90%E5%8F%91%E5%8D%A1%E7%BD%91
[ info ] local.lizi.com/index/pays/index.html?types=alipay&goodnames=%E4%B8%8D%E7%9F%A5%E9%81%93&order_no=20191025141848605&paynum=0.100&sitename=%E6%A0%97%E5%AD%90%E5%8F%91%E5%8D%A1%E7%BD%91 [运行时间：0.127008s][吞吐率：7.87req/s] [内存消耗：3,335.75kb] [文件加载：69]
[ info ] [ LANG ] C:\Users\Administrator\Desktop\phpEnv5.6.0-Green\www\lizi\thinkphp\lang\zh-cn.php
[ info ] [ ROUTE ] array (
  'type' => 'module',
  'module' => 
  array (
    0 => 'index',
    1 => 'pays',
    2 => 'index',
  ),
)
[ info ] [ HEADER ] array (
  'cookie' => 'Hm_lvt_a251280bf86f57cd4043cbbb98c55f57=1570846100,1571035163; PHPSESSID=6ouhlg7l43vmnmq8hodg5m8g05; thinkphp_show_page_trace=0|0',
  'accept-language' => 'zh-CN,zh;q=0.9',
  'accept-encoding' => 'gzip, deflate',
  'referer' => 'http://local.lizi.com/index/index/buy.html?order_no=20191025141848605&did=24',
  'accept' => 'text/html,application/xhtml+xml,application/xml;q=0.9,image/webp,image/apng,*/*;q=0.8,application/signed-exchange;v=b3',
  'user-agent' => 'Mozilla/5.0 (Windows NT 6.1; Win64; x64) AppleWebKit/537.36 (KHTML, like Gecko) Chrome/75.0.3770.142 Safari/537.36',
  'upgrade-insecure-requests' => '1',
  'connection' => 'close',
  'host' => 'local.lizi.com',
)
[ info ] [ PARAM ] array (
  'types' => 'alipay',
  'goodnames' => '不知道',
  'order_no' => '20191025141848605',
  'paynum' => '0.100',
  'sitename' => '栗子发卡网',
)
[ info ] [ DB ] INIT mysql
[ info ] [ RUN ] app\index\controller\Pays->index[ C:\Users\Administrator\Desktop\phpEnv5.6.0-Green\www\lizi\application\index\controller\Pays.php ]
[ info ] [ LOG ] INIT File
[ sql ] [ DB ] CONNECT:[ UseTime:0.003000s ] mysql:host=localhost;port=3306;dbname=lizi;charset=utf8mb4
[ sql ] [ SQL ] SHOW COLUMNS FROM `bear_pay` [ RunTime:0.006001s ]
[ sql ] [ SQL ] SELECT * FROM `bear_pay` ORDER BY `id` DESC LIMIT 1 [ RunTime:0.001000s ]
[ sql ] [ SQL ] SELECT * FROM `bear_pay` ORDER BY `id` DESC LIMIT 1 [ RunTime:0.001000s ]
[ error ] [8]未定义数组索引: sign[C:\Users\Administrator\Desktop\phpEnv5.6.0-Green\www\lizi\extend\pay\lib\AlipayNotify.php:58]
---------------------------------------------------------------
[ 2019-10-25T14:18:55+08:00 ] 127.0.0.1 GET /favicon.ico
[ info ] local.lizi.com/favicon.ico [运行时间：0.043003s][吞吐率：23.25req/s] [内存消耗：2,009.78kb] [文件加载：53]
[ info ] [ LANG ] C:\Users\Administrator\Desktop\phpEnv5.6.0-Green\www\lizi\thinkphp\lang\zh-cn.php
[ info ] [ ROUTE ] array (
  'type' => 'module',
  'module' => 
  array (
    0 => 'favicon.ico',
    1 => NULL,
    2 => NULL,
  ),
)
[ info ] [ HEADER ] array (
  'cookie' => 'Hm_lvt_a251280bf86f57cd4043cbbb98c55f57=1570846100,1571035163; PHPSESSID=6ouhlg7l43vmnmq8hodg5m8g05; thinkphp_show_page_trace=0|0',
  'accept-language' => 'zh-CN,zh;q=0.9',
  'accept-encoding' => 'gzip, deflate',
  'referer' => 'http://local.lizi.com/index/pays/index.html?types=alipay&goodnames=%E4%B8%8D%E7%9F%A5%E9%81%93&order_no=20191025141848605&paynum=0.100&sitename=%E6%A0%97%E5%AD%90%E5%8F%91%E5%8D%A1%E7%BD%91',
  'accept' => 'image/webp,image/apng,image/*,*/*;q=0.8',
  'user-agent' => 'Mozilla/5.0 (Windows NT 6.1; Win64; x64) AppleWebKit/537.36 (KHTML, like Gecko) Chrome/75.0.3770.142 Safari/537.36',
  'connection' => 'close',
  'host' => 'local.lizi.com',
)
[ info ] [ PARAM ] array (
)
[ info ] [ LOG ] INIT File
---------------------------------------------------------------
[ 2019-10-25T14:35:52+08:00 ] 127.0.0.1 GET /index/pays/index.html?types=alipay&goodnames=%E4%B8%8D%E7%9F%A5%E9%81%93&order_no=20191025141848605&paynum=0.100&sitename=%E6%A0%97%E5%AD%90%E5%8F%91%E5%8D%A1%E7%BD%91
[ info ] local.lizi.com/index/pays/index.html?types=alipay&goodnames=%E4%B8%8D%E7%9F%A5%E9%81%93&order_no=20191025141848605&paynum=0.100&sitename=%E6%A0%97%E5%AD%90%E5%8F%91%E5%8D%A1%E7%BD%91 [运行时间：0.093006s][吞吐率：10.75req/s] [内存消耗：3,336.16kb] [文件加载：69]
[ info ] [ LANG ] C:\Users\Administrator\Desktop\phpEnv5.6.0-Green\www\lizi\thinkphp\lang\zh-cn.php
[ info ] [ ROUTE ] array (
  'type' => 'module',
  'module' => 
  array (
    0 => 'index',
    1 => 'pays',
    2 => 'index',
  ),
)
[ info ] [ HEADER ] array (
  'cookie' => 'thinkphp_show_page_trace=0|0; Hm_lvt_a251280bf86f57cd4043cbbb98c55f57=1570846100,1571035163; PHPSESSID=6ouhlg7l43vmnmq8hodg5m8g05; thinkphp_show_page_trace=0|0',
  'accept-language' => 'zh-CN,zh;q=0.9',
  'accept-encoding' => 'gzip, deflate',
  'referer' => 'http://local.lizi.com/index/index/buy.html?order_no=20191025141848605&did=24',
  'accept' => 'text/html,application/xhtml+xml,application/xml;q=0.9,image/webp,image/apng,*/*;q=0.8,application/signed-exchange;v=b3',
  'user-agent' => 'Mozilla/5.0 (Windows NT 6.1; Win64; x64) AppleWebKit/537.36 (KHTML, like Gecko) Chrome/75.0.3770.142 Safari/537.36',
  'upgrade-insecure-requests' => '1',
  'cache-control' => 'max-age=0',
  'connection' => 'close',
  'host' => 'local.lizi.com',
)
[ info ] [ PARAM ] array (
  'types' => 'alipay',
  'goodnames' => '不知道',
  'order_no' => '20191025141848605',
  'paynum' => '0.100',
  'sitename' => '栗子发卡网',
)
[ info ] [ DB ] INIT mysql
[ info ] [ RUN ] app\index\controller\Pays->index[ C:\Users\Administrator\Desktop\phpEnv5.6.0-Green\www\lizi\application\index\controller\Pays.php ]
[ info ] [ LOG ] INIT File
[ sql ] [ DB ] CONNECT:[ UseTime:0.002000s ] mysql:host=localhost;port=3306;dbname=lizi;charset=utf8mb4
[ sql ] [ SQL ] SHOW COLUMNS FROM `bear_pay` [ RunTime:0.001000s ]
[ sql ] [ SQL ] SELECT * FROM `bear_pay` ORDER BY `id` DESC LIMIT 1 [ RunTime:0.000000s ]
[ sql ] [ SQL ] SELECT * FROM `bear_pay` ORDER BY `id` DESC LIMIT 1 [ RunTime:0.001000s ]
[ error ] [8]未定义数组索引: sign[C:\Users\Administrator\Desktop\phpEnv5.6.0-Green\www\lizi\extend\pay\lib\AlipayNotify.php:58]
---------------------------------------------------------------
[ 2019-10-25T14:35:52+08:00 ] 127.0.0.1 GET /index/pays/index.html?types=alipay&goodnames=%E4%B8%8D%E7%9F%A5%E9%81%93&order_no=20191025141848605&paynum=0.100&sitename=%E6%A0%97%E5%AD%90%E5%8F%91%E5%8D%A1%E7%BD%91
[ info ] local.lizi.com/index/pays/index.html?types=alipay&goodnames=%E4%B8%8D%E7%9F%A5%E9%81%93&order_no=20191025141848605&paynum=0.100&sitename=%E6%A0%97%E5%AD%90%E5%8F%91%E5%8D%A1%E7%BD%91 [运行时间：0.067004s][吞吐率：14.92req/s] [内存消耗：3,336.16kb] [文件加载：69]
[ info ] [ LANG ] C:\Users\Administrator\Desktop\phpEnv5.6.0-Green\www\lizi\thinkphp\lang\zh-cn.php
[ info ] [ ROUTE ] array (
  'type' => 'module',
  'module' => 
  array (
    0 => 'index',
    1 => 'pays',
    2 => 'index',
  ),
)
[ info ] [ HEADER ] array (
  'cookie' => 'thinkphp_show_page_trace=0|0; Hm_lvt_a251280bf86f57cd4043cbbb98c55f57=1570846100,1571035163; PHPSESSID=6ouhlg7l43vmnmq8hodg5m8g05; thinkphp_show_page_trace=0|0',
  'accept-language' => 'zh-CN,zh;q=0.9',
  'accept-encoding' => 'gzip, deflate',
  'referer' => 'http://local.lizi.com/index/index/buy.html?order_no=20191025141848605&did=24',
  'accept' => 'text/html,application/xhtml+xml,application/xml;q=0.9,image/webp,image/apng,*/*;q=0.8,application/signed-exchange;v=b3',
  'user-agent' => 'Mozilla/5.0 (Windows NT 6.1; Win64; x64) AppleWebKit/537.36 (KHTML, like Gecko) Chrome/75.0.3770.142 Safari/537.36',
  'upgrade-insecure-requests' => '1',
  'cache-control' => 'max-age=0',
  'connection' => 'close',
  'host' => 'local.lizi.com',
)
[ info ] [ PARAM ] array (
  'types' => 'alipay',
  'goodnames' => '不知道',
  'order_no' => '20191025141848605',
  'paynum' => '0.100',
  'sitename' => '栗子发卡网',
)
[ info ] [ DB ] INIT mysql
[ info ] [ RUN ] app\index\controller\Pays->index[ C:\Users\Administrator\Desktop\phpEnv5.6.0-Green\www\lizi\application\index\controller\Pays.php ]
[ info ] [ LOG ] INIT File
[ sql ] [ DB ] CONNECT:[ UseTime:0.002000s ] mysql:host=localhost;port=3306;dbname=lizi;charset=utf8mb4
[ sql ] [ SQL ] SHOW COLUMNS FROM `bear_pay` [ RunTime:0.002000s ]
[ sql ] [ SQL ] SELECT * FROM `bear_pay` ORDER BY `id` DESC LIMIT 1 [ RunTime:0.000000s ]
[ sql ] [ SQL ] SELECT * FROM `bear_pay` ORDER BY `id` DESC LIMIT 1 [ RunTime:0.000000s ]
[ error ] [8]未定义数组索引: sign[C:\Users\Administrator\Desktop\phpEnv5.6.0-Green\www\lizi\extend\pay\lib\AlipayNotify.php:58]
---------------------------------------------------------------
[ 2019-10-25T14:35:52+08:00 ] 127.0.0.1 GET /index/pays/index.html?types=alipay&goodnames=%E4%B8%8D%E7%9F%A5%E9%81%93&order_no=20191025141848605&paynum=0.100&sitename=%E6%A0%97%E5%AD%90%E5%8F%91%E5%8D%A1%E7%BD%91
[ info ] local.lizi.com/index/pays/index.html?types=alipay&goodnames=%E4%B8%8D%E7%9F%A5%E9%81%93&order_no=20191025141848605&paynum=0.100&sitename=%E6%A0%97%E5%AD%90%E5%8F%91%E5%8D%A1%E7%BD%91 [运行时间：0.069004s][吞吐率：14.49req/s] [内存消耗：3,336.16kb] [文件加载：69]
[ info ] [ LANG ] C:\Users\Administrator\Desktop\phpEnv5.6.0-Green\www\lizi\thinkphp\lang\zh-cn.php
[ info ] [ ROUTE ] array (
  'type' => 'module',
  'module' => 
  array (
    0 => 'index',
    1 => 'pays',
    2 => 'index',
  ),
)
[ info ] [ HEADER ] array (
  'cookie' => 'thinkphp_show_page_trace=0|0; Hm_lvt_a251280bf86f57cd4043cbbb98c55f57=1570846100,1571035163; PHPSESSID=6ouhlg7l43vmnmq8hodg5m8g05; thinkphp_show_page_trace=0|0',
  'accept-language' => 'zh-CN,zh;q=0.9',
  'accept-encoding' => 'gzip, deflate',
  'referer' => 'http://local.lizi.com/index/index/buy.html?order_no=20191025141848605&did=24',
  'accept' => 'text/html,application/xhtml+xml,application/xml;q=0.9,image/webp,image/apng,*/*;q=0.8,application/signed-exchange;v=b3',
  'user-agent' => 'Mozilla/5.0 (Windows NT 6.1; Win64; x64) AppleWebKit/537.36 (KHTML, like Gecko) Chrome/75.0.3770.142 Safari/537.36',
  'upgrade-insecure-requests' => '1',
  'cache-control' => 'max-age=0',
  'connection' => 'close',
  'host' => 'local.lizi.com',
)
[ info ] [ PARAM ] array (
  'types' => 'alipay',
  'goodnames' => '不知道',
  'order_no' => '20191025141848605',
  'paynum' => '0.100',
  'sitename' => '栗子发卡网',
)
[ info ] [ DB ] INIT mysql
[ info ] [ RUN ] app\index\controller\Pays->index[ C:\Users\Administrator\Desktop\phpEnv5.6.0-Green\www\lizi\application\index\controller\Pays.php ]
[ info ] [ LOG ] INIT File
[ sql ] [ DB ] CONNECT:[ UseTime:0.002000s ] mysql:host=localhost;port=3306;dbname=lizi;charset=utf8mb4
[ sql ] [ SQL ] SHOW COLUMNS FROM `bear_pay` [ RunTime:0.001000s ]
[ sql ] [ SQL ] SELECT * FROM `bear_pay` ORDER BY `id` DESC LIMIT 1 [ RunTime:0.001000s ]
[ sql ] [ SQL ] SELECT * FROM `bear_pay` ORDER BY `id` DESC LIMIT 1 [ RunTime:0.000000s ]
[ error ] [8]未定义数组索引: sign[C:\Users\Administrator\Desktop\phpEnv5.6.0-Green\www\lizi\extend\pay\lib\AlipayNotify.php:58]
---------------------------------------------------------------
[ 2019-10-25T14:35:52+08:00 ] 127.0.0.1 GET /index/pays/index.html?types=alipay&goodnames=%E4%B8%8D%E7%9F%A5%E9%81%93&order_no=20191025141848605&paynum=0.100&sitename=%E6%A0%97%E5%AD%90%E5%8F%91%E5%8D%A1%E7%BD%91
[ info ] local.lizi.com/index/pays/index.html?types=alipay&goodnames=%E4%B8%8D%E7%9F%A5%E9%81%93&order_no=20191025141848605&paynum=0.100&sitename=%E6%A0%97%E5%AD%90%E5%8F%91%E5%8D%A1%E7%BD%91 [运行时间：0.078004s][吞吐率：12.82req/s] [内存消耗：3,336.16kb] [文件加载：69]
[ info ] [ LANG ] C:\Users\Administrator\Desktop\phpEnv5.6.0-Green\www\lizi\thinkphp\lang\zh-cn.php
[ info ] [ ROUTE ] array (
  'type' => 'module',
  'module' => 
  array (
    0 => 'index',
    1 => 'pays',
    2 => 'index',
  ),
)
[ info ] [ HEADER ] array (
  'cookie' => 'thinkphp_show_page_trace=0|0; Hm_lvt_a251280bf86f57cd4043cbbb98c55f57=1570846100,1571035163; PHPSESSID=6ouhlg7l43vmnmq8hodg5m8g05; thinkphp_show_page_trace=0|0',
  'accept-language' => 'zh-CN,zh;q=0.9',
  'accept-encoding' => 'gzip, deflate',
  'referer' => 'http://local.lizi.com/index/index/buy.html?order_no=20191025141848605&did=24',
  'accept' => 'text/html,application/xhtml+xml,application/xml;q=0.9,image/webp,image/apng,*/*;q=0.8,application/signed-exchange;v=b3',
  'user-agent' => 'Mozilla/5.0 (Windows NT 6.1; Win64; x64) AppleWebKit/537.36 (KHTML, like Gecko) Chrome/75.0.3770.142 Safari/537.36',
  'upgrade-insecure-requests' => '1',
  'cache-control' => 'max-age=0',
  'connection' => 'close',
  'host' => 'local.lizi.com',
)
[ info ] [ PARAM ] array (
  'types' => 'alipay',
  'goodnames' => '不知道',
  'order_no' => '20191025141848605',
  'paynum' => '0.100',
  'sitename' => '栗子发卡网',
)
[ info ] [ DB ] INIT mysql
[ info ] [ RUN ] app\index\controller\Pays->index[ C:\Users\Administrator\Desktop\phpEnv5.6.0-Green\www\lizi\application\index\controller\Pays.php ]
[ info ] [ LOG ] INIT File
[ sql ] [ DB ] CONNECT:[ UseTime:0.010001s ] mysql:host=localhost;port=3306;dbname=lizi;charset=utf8mb4
[ sql ] [ SQL ] SHOW COLUMNS FROM `bear_pay` [ RunTime:0.002000s ]
[ sql ] [ SQL ] SELECT * FROM `bear_pay` ORDER BY `id` DESC LIMIT 1 [ RunTime:0.000000s ]
[ sql ] [ SQL ] SELECT * FROM `bear_pay` ORDER BY `id` DESC LIMIT 1 [ RunTime:0.000000s ]
[ error ] [8]未定义数组索引: sign[C:\Users\Administrator\Desktop\phpEnv5.6.0-Green\www\lizi\extend\pay\lib\AlipayNotify.php:58]
---------------------------------------------------------------
[ 2019-10-25T14:35:53+08:00 ] 127.0.0.1 GET /index/pays/index.html?types=alipay&goodnames=%E4%B8%8D%E7%9F%A5%E9%81%93&order_no=20191025141848605&paynum=0.100&sitename=%E6%A0%97%E5%AD%90%E5%8F%91%E5%8D%A1%E7%BD%91
[ info ] local.lizi.com/index/pays/index.html?types=alipay&goodnames=%E4%B8%8D%E7%9F%A5%E9%81%93&order_no=20191025141848605&paynum=0.100&sitename=%E6%A0%97%E5%AD%90%E5%8F%91%E5%8D%A1%E7%BD%91 [运行时间：0.099006s][吞吐率：10.10req/s] [内存消耗：3,336.16kb] [文件加载：69]
[ info ] [ LANG ] C:\Users\Administrator\Desktop\phpEnv5.6.0-Green\www\lizi\thinkphp\lang\zh-cn.php
[ info ] [ ROUTE ] array (
  'type' => 'module',
  'module' => 
  array (
    0 => 'index',
    1 => 'pays',
    2 => 'index',
  ),
)
[ info ] [ HEADER ] array (
  'cookie' => 'thinkphp_show_page_trace=0|0; Hm_lvt_a251280bf86f57cd4043cbbb98c55f57=1570846100,1571035163; PHPSESSID=6ouhlg7l43vmnmq8hodg5m8g05; thinkphp_show_page_trace=0|0',
  'accept-language' => 'zh-CN,zh;q=0.9',
  'accept-encoding' => 'gzip, deflate',
  'referer' => 'http://local.lizi.com/index/index/buy.html?order_no=20191025141848605&did=24',
  'accept' => 'text/html,application/xhtml+xml,application/xml;q=0.9,image/webp,image/apng,*/*;q=0.8,application/signed-exchange;v=b3',
  'user-agent' => 'Mozilla/5.0 (Windows NT 6.1; Win64; x64) AppleWebKit/537.36 (KHTML, like Gecko) Chrome/75.0.3770.142 Safari/537.36',
  'upgrade-insecure-requests' => '1',
  'cache-control' => 'max-age=0',
  'connection' => 'close',
  'host' => 'local.lizi.com',
)
[ info ] [ PARAM ] array (
  'types' => 'alipay',
  'goodnames' => '不知道',
  'order_no' => '20191025141848605',
  'paynum' => '0.100',
  'sitename' => '栗子发卡网',
)
[ info ] [ DB ] INIT mysql
[ info ] [ RUN ] app\index\controller\Pays->index[ C:\Users\Administrator\Desktop\phpEnv5.6.0-Green\www\lizi\application\index\controller\Pays.php ]
[ info ] [ LOG ] INIT File
[ sql ] [ DB ] CONNECT:[ UseTime:0.010001s ] mysql:host=localhost;port=3306;dbname=lizi;charset=utf8mb4
[ sql ] [ SQL ] SHOW COLUMNS FROM `bear_pay` [ RunTime:0.002000s ]
[ sql ] [ SQL ] SELECT * FROM `bear_pay` ORDER BY `id` DESC LIMIT 1 [ RunTime:0.000000s ]
[ sql ] [ SQL ] SELECT * FROM `bear_pay` ORDER BY `id` DESC LIMIT 1 [ RunTime:0.001000s ]
[ error ] [8]未定义数组索引: sign[C:\Users\Administrator\Desktop\phpEnv5.6.0-Green\www\lizi\extend\pay\lib\AlipayNotify.php:58]
