---------------------------------------------------------------
[ 2019-12-17T21:10:37+08:00 ] 127.0.0.1 GET /
[ info ] local.lizi.com/ [运行时间：0.127008s][吞吐率：7.87req/s] [内存消耗：3,452.85kb] [文件加载：66]
[ info ] [ LANG ] C:\Users\Administrator\Desktop\phpEnv5.6.0-Green\www\lizi\thinkphp\lang\zh-cn.php
[ info ] [ ROUTE ] array (
  'type' => 'module',
  'module' => 
  array (
    0 => '',
    1 => NULL,
    2 => NULL,
  ),
)
[ info ] [ HEADER ] array (
  'accept-language' => 'zh-CN,zh;q=0.9',
  'accept-encoding' => 'gzip, deflate',
  'accept' => 'text/html,application/xhtml+xml,application/xml;q=0.9,image/webp,image/apng,*/*;q=0.8,application/signed-exchange;v=b3',
  'user-agent' => 'Mozilla/5.0 (Windows NT 6.1; Win64; x64) AppleWebKit/537.36 (KHTML, like Gecko) Chrome/78.0.3904.108 Safari/537.36',
  'upgrade-insecure-requests' => '1',
  'connection' => 'close',
  'host' => 'local.lizi.com',
)
[ info ] [ PARAM ] array (
)
[ info ] [ DB ] INIT mysql
[ info ] [ RUN ] app\index\controller\Index->index[ C:\Users\Administrator\Desktop\phpEnv5.6.0-Green\www\lizi\application\index\controller\Index.php ]
[ info ] [ VIEW ] C:\Users\Administrator\Desktop\phpEnv5.6.0-Green\www\lizi\public/../application/index\view\index\index.html [ array (
  0 => 'config',
  1 => 'shouye',
  2 => 'list',
  3 => 'categorys',
  4 => 'indexs',
) ]
[ info ] [ SESSION ] INIT array (
  'id' => '',
  'var_session_id' => '',
  'prefix' => 'bearadmin_',
  'type' => '',
  'auto_start' => true,
)
[ info ] [ LOG ] INIT File
[ sql ] [ DB ] CONNECT:[ UseTime:0.002000s ] mysql:host=localhost;port=3306;dbname=lizi;charset=utf8mb4
[ sql ] [ SQL ] SHOW COLUMNS FROM `bear_config` [ RunTime:0.001000s ]
[ sql ] [ SQL ] SELECT * FROM `bear_config` WHERE  `id` = 1 LIMIT 1 [ RunTime:0.000000s ]
[ sql ] [ SQL ] SHOW COLUMNS FROM `bear_content` [ RunTime:0.001000s ]
[ sql ] [ SQL ] SELECT * FROM `bear_content` WHERE  `id` = 24 LIMIT 1 [ RunTime:0.000000s ]
[ sql ] [ SQL ] SELECT * FROM `bear_config` WHERE  `id` = 1 LIMIT 1 [ RunTime:0.001000s ]
[ sql ] [ SQL ] SHOW COLUMNS FROM `bear_goods` [ RunTime:0.000000s ]
[ sql ] [ SQL ] SELECT * FROM `bear_goods` WHERE  `status` = 1 ORDER BY `sort` DESC [ RunTime:0.000000s ]
[ sql ] [ SQL ] SHOW COLUMNS FROM `bear_good_cates` [ RunTime:0.002000s ]
[ sql ] [ SQL ] SELECT * FROM `bear_good_cates` ORDER BY `id` DESC [ RunTime:0.000000s ]
[ sql ] [ SQL ] SELECT * FROM `bear_content` WHERE  `id` = 24 LIMIT 1 [ RunTime:0.000000s ]
[ sql ] [ SQL ] SHOW COLUMNS FROM `bear_card` [ RunTime:0.000000s ]
[ sql ] [ SQL ] SELECT gid,count(kami) as num FROM `bear_card` WHERE  `over` = 0 GROUP BY `gid` [ RunTime:0.001000s ]
---------------------------------------------------------------
[ 2019-12-17T21:10:37+08:00 ] 127.0.0.1 GET /sink/cssimg/dinggoubg.png
[ info ] local.lizi.com/sink/cssimg/dinggoubg.png [运行时间：0.052003s][吞吐率：19.23req/s] [内存消耗：2,009.81kb] [文件加载：53]
[ info ] [ LANG ] C:\Users\Administrator\Desktop\phpEnv5.6.0-Green\www\lizi\thinkphp\lang\zh-cn.php
[ info ] [ ROUTE ] array (
  'type' => 'module',
  'module' => 
  array (
    0 => 'sink',
    1 => 'cssimg',
    2 => 'dinggoubg.png',
  ),
)
[ info ] [ HEADER ] array (
  'cookie' => 'PHPSESSID=6hef43l2r9tifb19h6rn58qaq2',
  'accept-language' => 'zh-CN,zh;q=0.9',
  'accept-encoding' => 'gzip, deflate',
  'referer' => 'http://local.lizi.com/',
  'accept' => 'image/webp,image/apng,image/*,*/*;q=0.8',
  'user-agent' => 'Mozilla/5.0 (Windows NT 6.1; Win64; x64) AppleWebKit/537.36 (KHTML, like Gecko) Chrome/78.0.3904.108 Safari/537.36',
  'connection' => 'close',
  'host' => 'local.lizi.com',
)
[ info ] [ PARAM ] array (
)
[ info ] [ LOG ] INIT File
---------------------------------------------------------------
[ 2019-12-17T21:10:40+08:00 ] 127.0.0.1 GET /index/index/trade.html?id=2
[ info ] local.lizi.com/index/index/trade.html?id=2 [运行时间：0.118007s][吞吐率：8.47req/s] [内存消耗：3,454.63kb] [文件加载：66]
[ info ] [ LANG ] C:\Users\Administrator\Desktop\phpEnv5.6.0-Green\www\lizi\thinkphp\lang\zh-cn.php
[ info ] [ ROUTE ] array (
  'type' => 'module',
  'module' => 
  array (
    0 => 'index',
    1 => 'index',
    2 => 'trade',
  ),
)
[ info ] [ HEADER ] array (
  'cookie' => 'PHPSESSID=6hef43l2r9tifb19h6rn58qaq2; thinkphp_show_page_trace=0|0',
  'accept-language' => 'zh-CN,zh;q=0.9',
  'accept-encoding' => 'gzip, deflate',
  'referer' => 'http://local.lizi.com/',
  'accept' => 'text/html,application/xhtml+xml,application/xml;q=0.9,image/webp,image/apng,*/*;q=0.8,application/signed-exchange;v=b3',
  'user-agent' => 'Mozilla/5.0 (Windows NT 6.1; Win64; x64) AppleWebKit/537.36 (KHTML, like Gecko) Chrome/78.0.3904.108 Safari/537.36',
  'upgrade-insecure-requests' => '1',
  'connection' => 'close',
  'host' => 'local.lizi.com',
)
[ info ] [ PARAM ] array (
  'id' => '2',
)
[ info ] [ DB ] INIT mysql
[ info ] [ RUN ] app\index\controller\Index->trade[ C:\Users\Administrator\Desktop\phpEnv5.6.0-Green\www\lizi\application\index\controller\Index.php ]
[ info ] [ VIEW ] C:\Users\Administrator\Desktop\phpEnv5.6.0-Green\www\lizi\public/../application/index\view\index\trade.html [ array (
  0 => 'config',
  1 => 'shouye',
  2 => 'info',
) ]
[ info ] [ SESSION ] INIT array (
  'id' => '',
  'var_session_id' => '',
  'prefix' => 'bearadmin_',
  'type' => '',
  'auto_start' => true,
)
[ info ] [ LOG ] INIT File
[ sql ] [ DB ] CONNECT:[ UseTime:0.012001s ] mysql:host=localhost;port=3306;dbname=lizi;charset=utf8mb4
[ sql ] [ SQL ] SHOW COLUMNS FROM `bear_config` [ RunTime:0.001000s ]
[ sql ] [ SQL ] SELECT * FROM `bear_config` WHERE  `id` = 1 LIMIT 1 [ RunTime:0.000000s ]
[ sql ] [ SQL ] SHOW COLUMNS FROM `bear_content` [ RunTime:0.001000s ]
[ sql ] [ SQL ] SELECT * FROM `bear_content` WHERE  `id` = 24 LIMIT 1 [ RunTime:0.001000s ]
[ sql ] [ SQL ] SELECT * FROM `bear_config` WHERE  `id` = 1 LIMIT 1 [ RunTime:0.000000s ]
[ sql ] [ SQL ] SHOW COLUMNS FROM `bear_goods` [ RunTime:0.001000s ]
[ sql ] [ SQL ] SELECT * FROM `bear_goods` WHERE  `id` = 2 LIMIT 1 [ RunTime:0.000000s ]
[ sql ] [ SQL ] SHOW COLUMNS FROM `bear_card` [ RunTime:0.000000s ]
[ sql ] [ SQL ] SELECT COUNT(kami) AS tp_count FROM `bear_card` WHERE  `gid` = 2  AND `over` = 0 LIMIT 1 [ RunTime:0.000000s ]
[ sql ] [ SQL ] SHOW COLUMNS FROM `bear_moban` [ RunTime:0.000000s ]
[ sql ] [ SQL ] SELECT `content` FROM `bear_moban` WHERE  `id` = 3 LIMIT 1 [ RunTime:0.000000s ]
---------------------------------------------------------------
[ 2019-12-17T21:10:40+08:00 ] 127.0.0.1 GET /index/sink/sink/cssimg/qq.png
[ info ] local.lizi.com/index/sink/sink/cssimg/qq.png [运行时间：0.059003s][吞吐率：16.95req/s] [内存消耗：2,019.80kb] [文件加载：54]
[ info ] [ LANG ] C:\Users\Administrator\Desktop\phpEnv5.6.0-Green\www\lizi\thinkphp\lang\zh-cn.php
[ info ] [ ROUTE ] array (
  'type' => 'module',
  'module' => 
  array (
    0 => 'index',
    1 => 'sink',
    2 => 'sink',
  ),
)
[ info ] [ HEADER ] array (
  'cookie' => 'PHPSESSID=6hef43l2r9tifb19h6rn58qaq2; thinkphp_show_page_trace=0|0',
  'accept-language' => 'zh-CN,zh;q=0.9',
  'accept-encoding' => 'gzip, deflate',
  'referer' => 'http://local.lizi.com/index/sink/css/css7.css',
  'accept' => 'image/webp,image/apng,image/*,*/*;q=0.8',
  'user-agent' => 'Mozilla/5.0 (Windows NT 6.1; Win64; x64) AppleWebKit/537.36 (KHTML, like Gecko) Chrome/78.0.3904.108 Safari/537.36',
  'connection' => 'close',
  'host' => 'local.lizi.com',
)
[ info ] [ PARAM ] array (
  'cssimg' => 'qq.png',
)
[ info ] [ LOG ] INIT File
---------------------------------------------------------------
[ 2019-12-17T21:11:00+08:00 ] 127.0.0.1 GET /index/login/login.html
[ info ] local.lizi.com/index/login/login.html [运行时间：0.080005s][吞吐率：12.50req/s] [内存消耗：3,362.10kb] [文件加载：64]
[ info ] [ LANG ] C:\Users\Administrator\Desktop\phpEnv5.6.0-Green\www\lizi\thinkphp\lang\zh-cn.php
[ info ] [ ROUTE ] array (
  'type' => 'module',
  'module' => 
  array (
    0 => 'index',
    1 => 'login',
    2 => 'login',
  ),
)
[ info ] [ HEADER ] array (
  'cookie' => 'PHPSESSID=6hef43l2r9tifb19h6rn58qaq2; thinkphp_show_page_trace=0|0',
  'accept-language' => 'zh-CN,zh;q=0.9',
  'accept-encoding' => 'gzip, deflate',
  'referer' => 'http://local.lizi.com/index/index/trade.html?id=2',
  'accept' => 'text/html,application/xhtml+xml,application/xml;q=0.9,image/webp,image/apng,*/*;q=0.8,application/signed-exchange;v=b3',
  'user-agent' => 'Mozilla/5.0 (Windows NT 6.1; Win64; x64) AppleWebKit/537.36 (KHTML, like Gecko) Chrome/78.0.3904.108 Safari/537.36',
  'upgrade-insecure-requests' => '1',
  'connection' => 'close',
  'host' => 'local.lizi.com',
)
[ info ] [ PARAM ] array (
)
[ info ] [ DB ] INIT mysql
[ info ] [ RUN ] app\index\controller\Login->login[ C:\Users\Administrator\Desktop\phpEnv5.6.0-Green\www\lizi\application\index\controller\Login.php ]
[ info ] [ SESSION ] INIT array (
  'id' => '',
  'var_session_id' => '',
  'prefix' => 'bearadmin_',
  'type' => '',
  'auto_start' => true,
)
[ info ] [ VIEW ] C:\Users\Administrator\Desktop\phpEnv5.6.0-Green\www\lizi\public/../application/index\view\login\login.html [ array (
  0 => 'config',
) ]
[ info ] [ LOG ] INIT File
[ sql ] [ DB ] CONNECT:[ UseTime:0.002000s ] mysql:host=localhost;port=3306;dbname=lizi;charset=utf8mb4
[ sql ] [ SQL ] SHOW COLUMNS FROM `bear_config` [ RunTime:0.001000s ]
[ sql ] [ SQL ] SELECT * FROM `bear_config` WHERE  `id` = 1 LIMIT 1 [ RunTime:0.000000s ]
---------------------------------------------------------------
[ 2019-12-17T21:11:00+08:00 ] 127.0.0.1 GET /static/index/sink/img/logo.png
[ info ] local.lizi.com/static/index/sink/img/logo.png [运行时间：0.050002s][吞吐率：20.00req/s] [内存消耗：2,010.65kb] [文件加载：53]
[ info ] [ LANG ] C:\Users\Administrator\Desktop\phpEnv5.6.0-Green\www\lizi\thinkphp\lang\zh-cn.php
[ info ] [ ROUTE ] array (
  'type' => 'module',
  'module' => 
  array (
    0 => 'static',
    1 => 'index',
    2 => 'sink',
  ),
)
[ info ] [ HEADER ] array (
  'cookie' => 'PHPSESSID=6hef43l2r9tifb19h6rn58qaq2; thinkphp_show_page_trace=0|0',
  'accept-language' => 'zh-CN,zh;q=0.9',
  'accept-encoding' => 'gzip, deflate',
  'referer' => 'http://local.lizi.com/index/login/login.html',
  'accept' => 'image/webp,image/apng,image/*,*/*;q=0.8',
  'user-agent' => 'Mozilla/5.0 (Windows NT 6.1; Win64; x64) AppleWebKit/537.36 (KHTML, like Gecko) Chrome/78.0.3904.108 Safari/537.36',
  'connection' => 'close',
  'host' => 'local.lizi.com',
)
[ info ] [ PARAM ] array (
  'img' => 'logo.png',
)
[ info ] [ LOG ] INIT File
---------------------------------------------------------------
[ 2019-12-17T21:11:06+08:00 ] 127.0.0.1 POST /index/login/login.html
[ info ] local.lizi.com/index/login/login.html [运行时间：0.072004s][吞吐率：13.89req/s] [内存消耗：3,256.29kb] [文件加载：62]
[ info ] [ LANG ] C:\Users\Administrator\Desktop\phpEnv5.6.0-Green\www\lizi\thinkphp\lang\zh-cn.php
[ info ] [ ROUTE ] array (
  'type' => 'module',
  'module' => 
  array (
    0 => 'index',
    1 => 'login',
    2 => 'login',
  ),
)
[ info ] [ HEADER ] array (
  'cookie' => 'thinkphp_show_page_trace=0|0; PHPSESSID=6hef43l2r9tifb19h6rn58qaq2; thinkphp_show_page_trace=0|0; Hm_lvt_a251280bf86f57cd4043cbbb98c55f57=1576588260; Hm_lpvt_a251280bf86f57cd4043cbbb98c55f57=1576588260',
  'accept-language' => 'zh-CN,zh;q=0.9',
  'accept-encoding' => 'gzip, deflate',
  'referer' => 'http://local.lizi.com/index/login/login.html',
  'content-type' => 'application/x-www-form-urlencoded; charset=UTF-8',
  'user-agent' => 'Mozilla/5.0 (Windows NT 6.1; Win64; x64) AppleWebKit/537.36 (KHTML, like Gecko) Chrome/78.0.3904.108 Safari/537.36',
  'x-requested-with' => 'XMLHttpRequest',
  'origin' => 'http://local.lizi.com',
  'accept' => 'application/json, text/javascript, */*; q=0.01',
  'content-length' => '24',
  'connection' => 'close',
  'host' => 'local.lizi.com',
)
[ info ] [ PARAM ] array (
  'account' => 'hello',
  'pwd' => '123456',
)
[ info ] [ DB ] INIT mysql
[ info ] [ RUN ] app\index\controller\Login->login[ C:\Users\Administrator\Desktop\phpEnv5.6.0-Green\www\lizi\application\index\controller\Login.php ]
[ info ] [ SESSION ] INIT array (
  'id' => '',
  'var_session_id' => '',
  'prefix' => 'bearadmin_',
  'type' => '',
  'auto_start' => true,
)
[ info ] [ LOG ] INIT File
[ sql ] [ DB ] CONNECT:[ UseTime:0.010001s ] mysql:host=localhost;port=3306;dbname=lizi;charset=utf8mb4
[ sql ] [ SQL ] SHOW COLUMNS FROM `bear_config` [ RunTime:0.001000s ]
[ sql ] [ SQL ] SELECT * FROM `bear_config` WHERE  `id` = 1 LIMIT 1 [ RunTime:0.001000s ]
[ sql ] [ SQL ] SHOW COLUMNS FROM `bear_member` [ RunTime:0.000000s ]
[ sql ] [ SQL ] SELECT * FROM `bear_member` WHERE  `account` = 'hello' OR `email` = 'hello' LIMIT 1 [ RunTime:0.000000s ]
---------------------------------------------------------------
[ 2019-12-17T21:11:07+08:00 ] 127.0.0.1 GET /index/user/index.html
[ info ] local.lizi.com/index/user/index.html [运行时间：0.102006s][吞吐率：9.80req/s] [内存消耗：3,370.63kb] [文件加载：64]
[ info ] [ LANG ] C:\Users\Administrator\Desktop\phpEnv5.6.0-Green\www\lizi\thinkphp\lang\zh-cn.php
[ info ] [ ROUTE ] array (
  'type' => 'module',
  'module' => 
  array (
    0 => 'index',
    1 => 'user',
    2 => 'index',
  ),
)
[ info ] [ HEADER ] array (
  'cookie' => 'PHPSESSID=6hef43l2r9tifb19h6rn58qaq2; thinkphp_show_page_trace=0|0; Hm_lvt_a251280bf86f57cd4043cbbb98c55f57=1576588260; Hm_lpvt_a251280bf86f57cd4043cbbb98c55f57=1576588260',
  'accept-language' => 'zh-CN,zh;q=0.9',
  'accept-encoding' => 'gzip, deflate',
  'referer' => 'http://local.lizi.com/index/login/login.html',
  'accept' => 'text/html,application/xhtml+xml,application/xml;q=0.9,image/webp,image/apng,*/*;q=0.8,application/signed-exchange;v=b3',
  'user-agent' => 'Mozilla/5.0 (Windows NT 6.1; Win64; x64) AppleWebKit/537.36 (KHTML, like Gecko) Chrome/78.0.3904.108 Safari/537.36',
  'upgrade-insecure-requests' => '1',
  'connection' => 'close',
  'host' => 'local.lizi.com',
)
[ info ] [ PARAM ] array (
)
[ info ] [ DB ] INIT mysql
[ info ] [ SESSION ] INIT array (
  'id' => '',
  'var_session_id' => '',
  'prefix' => 'bearadmin_',
  'type' => '',
  'auto_start' => true,
)
[ info ] [ VIEW ] C:\Users\Administrator\Desktop\phpEnv5.6.0-Green\www\lizi\public/../application/index\view\user\index.html [ array (
  0 => 'config',
  1 => 'path',
) ]
[ info ] [ RUN ] app\index\controller\User->index[ C:\Users\Administrator\Desktop\phpEnv5.6.0-Green\www\lizi\application\index\controller\User.php ]
[ info ] [ VIEW ] C:\Users\Administrator\Desktop\phpEnv5.6.0-Green\www\lizi\public/../application/index\view\user\index.html [ array (
  0 => 'config',
  1 => 'path',
) ]
[ info ] [ LOG ] INIT File
[ sql ] [ DB ] CONNECT:[ UseTime:0.010000s ] mysql:host=localhost;port=3306;dbname=lizi;charset=utf8mb4
[ sql ] [ SQL ] SHOW COLUMNS FROM `bear_config` [ RunTime:0.001000s ]
[ sql ] [ SQL ] SELECT * FROM `bear_config` WHERE  `id` = 1 LIMIT 1 [ RunTime:0.001000s ]
---------------------------------------------------------------
[ 2019-12-17T21:11:09+08:00 ] 127.0.0.1 GET /
[ info ] local.lizi.com/ [运行时间：0.081005s][吞吐率：12.34req/s] [内存消耗：3,459.91kb] [文件加载：66]
[ info ] [ LANG ] C:\Users\Administrator\Desktop\phpEnv5.6.0-Green\www\lizi\thinkphp\lang\zh-cn.php
[ info ] [ ROUTE ] array (
  'type' => 'module',
  'module' => 
  array (
    0 => '',
    1 => NULL,
    2 => NULL,
  ),
)
[ info ] [ HEADER ] array (
  'cookie' => 'PHPSESSID=6hef43l2r9tifb19h6rn58qaq2; thinkphp_show_page_trace=0|0; Hm_lvt_a251280bf86f57cd4043cbbb98c55f57=1576588260; Hm_lpvt_a251280bf86f57cd4043cbbb98c55f57=1576588260',
  'accept-language' => 'zh-CN,zh;q=0.9',
  'accept-encoding' => 'gzip, deflate',
  'referer' => 'http://local.lizi.com/index/user/index.html',
  'accept' => 'text/html,application/xhtml+xml,application/xml;q=0.9,image/webp,image/apng,*/*;q=0.8,application/signed-exchange;v=b3',
  'user-agent' => 'Mozilla/5.0 (Windows NT 6.1; Win64; x64) AppleWebKit/537.36 (KHTML, like Gecko) Chrome/78.0.3904.108 Safari/537.36',
  'upgrade-insecure-requests' => '1',
  'connection' => 'close',
  'host' => 'local.lizi.com',
)
[ info ] [ PARAM ] array (
)
[ info ] [ DB ] INIT mysql
[ info ] [ RUN ] app\index\controller\Index->index[ C:\Users\Administrator\Desktop\phpEnv5.6.0-Green\www\lizi\application\index\controller\Index.php ]
[ info ] [ VIEW ] C:\Users\Administrator\Desktop\phpEnv5.6.0-Green\www\lizi\public/../application/index\view\index\index.html [ array (
  0 => 'config',
  1 => 'shouye',
  2 => 'list',
  3 => 'categorys',
  4 => 'indexs',
) ]
[ info ] [ SESSION ] INIT array (
  'id' => '',
  'var_session_id' => '',
  'prefix' => 'bearadmin_',
  'type' => '',
  'auto_start' => true,
)
[ info ] [ LOG ] INIT File
[ sql ] [ DB ] CONNECT:[ UseTime:0.001000s ] mysql:host=localhost;port=3306;dbname=lizi;charset=utf8mb4
[ sql ] [ SQL ] SHOW COLUMNS FROM `bear_config` [ RunTime:0.000000s ]
[ sql ] [ SQL ] SELECT * FROM `bear_config` WHERE  `id` = 1 LIMIT 1 [ RunTime:0.000000s ]
[ sql ] [ SQL ] SHOW COLUMNS FROM `bear_content` [ RunTime:0.001000s ]
[ sql ] [ SQL ] SELECT * FROM `bear_content` WHERE  `id` = 24 LIMIT 1 [ RunTime:0.000000s ]
[ sql ] [ SQL ] SELECT * FROM `bear_config` WHERE  `id` = 1 LIMIT 1 [ RunTime:0.001000s ]
[ sql ] [ SQL ] SHOW COLUMNS FROM `bear_goods` [ RunTime:0.002000s ]
[ sql ] [ SQL ] SELECT * FROM `bear_goods` WHERE  `status` = 1 ORDER BY `sort` DESC [ RunTime:0.000000s ]
[ sql ] [ SQL ] SHOW COLUMNS FROM `bear_good_cates` [ RunTime:0.001000s ]
[ sql ] [ SQL ] SELECT * FROM `bear_good_cates` ORDER BY `id` DESC [ RunTime:0.001000s ]
[ sql ] [ SQL ] SELECT * FROM `bear_content` WHERE  `id` = 24 LIMIT 1 [ RunTime:0.000000s ]
[ sql ] [ SQL ] SHOW COLUMNS FROM `bear_card` [ RunTime:0.001000s ]
[ sql ] [ SQL ] SELECT gid,count(kami) as num FROM `bear_card` WHERE  `over` = 0 GROUP BY `gid` [ RunTime:0.002000s ]
---------------------------------------------------------------
[ 2019-12-17T21:11:10+08:00 ] 127.0.0.1 GET /sink/cssimg/dinggoubg.png
[ info ] local.lizi.com/sink/cssimg/dinggoubg.png [运行时间：0.060004s][吞吐率：16.67req/s] [内存消耗：2,010.40kb] [文件加载：53]
[ info ] [ LANG ] C:\Users\Administrator\Desktop\phpEnv5.6.0-Green\www\lizi\thinkphp\lang\zh-cn.php
[ info ] [ ROUTE ] array (
  'type' => 'module',
  'module' => 
  array (
    0 => 'sink',
    1 => 'cssimg',
    2 => 'dinggoubg.png',
  ),
)
[ info ] [ HEADER ] array (
  'cookie' => 'PHPSESSID=6hef43l2r9tifb19h6rn58qaq2; thinkphp_show_page_trace=0|0; Hm_lvt_a251280bf86f57cd4043cbbb98c55f57=1576588260; Hm_lpvt_a251280bf86f57cd4043cbbb98c55f57=1576588260',
  'accept-language' => 'zh-CN,zh;q=0.9',
  'accept-encoding' => 'gzip, deflate',
  'referer' => 'http://local.lizi.com/',
  'accept' => 'image/webp,image/apng,image/*,*/*;q=0.8',
  'user-agent' => 'Mozilla/5.0 (Windows NT 6.1; Win64; x64) AppleWebKit/537.36 (KHTML, like Gecko) Chrome/78.0.3904.108 Safari/537.36',
  'connection' => 'close',
  'host' => 'local.lizi.com',
)
[ info ] [ PARAM ] array (
)
[ info ] [ LOG ] INIT File
---------------------------------------------------------------
[ 2019-12-17T21:11:14+08:00 ] 127.0.0.1 GET /index/user/index.html
[ info ] local.lizi.com/index/user/index.html [运行时间：0.092005s][吞吐率：10.87req/s] [内存消耗：3,370.55kb] [文件加载：64]
[ info ] [ LANG ] C:\Users\Administrator\Desktop\phpEnv5.6.0-Green\www\lizi\thinkphp\lang\zh-cn.php
[ info ] [ ROUTE ] array (
  'type' => 'module',
  'module' => 
  array (
    0 => 'index',
    1 => 'user',
    2 => 'index',
  ),
)
[ info ] [ HEADER ] array (
  'cookie' => 'thinkphp_show_page_trace=0|0; PHPSESSID=6hef43l2r9tifb19h6rn58qaq2; thinkphp_show_page_trace=0|0; Hm_lvt_a251280bf86f57cd4043cbbb98c55f57=1576588260; Hm_lpvt_a251280bf86f57cd4043cbbb98c55f57=1576588260',
  'accept-language' => 'zh-CN,zh;q=0.9',
  'accept-encoding' => 'gzip, deflate',
  'referer' => 'http://local.lizi.com/',
  'accept' => 'text/html,application/xhtml+xml,application/xml;q=0.9,image/webp,image/apng,*/*;q=0.8,application/signed-exchange;v=b3',
  'user-agent' => 'Mozilla/5.0 (Windows NT 6.1; Win64; x64) AppleWebKit/537.36 (KHTML, like Gecko) Chrome/78.0.3904.108 Safari/537.36',
  'upgrade-insecure-requests' => '1',
  'connection' => 'close',
  'host' => 'local.lizi.com',
)
[ info ] [ PARAM ] array (
)
[ info ] [ DB ] INIT mysql
[ info ] [ SESSION ] INIT array (
  'id' => '',
  'var_session_id' => '',
  'prefix' => 'bearadmin_',
  'type' => '',
  'auto_start' => true,
)
[ info ] [ VIEW ] C:\Users\Administrator\Desktop\phpEnv5.6.0-Green\www\lizi\public/../application/index\view\user\index.html [ array (
  0 => 'config',
  1 => 'path',
) ]
[ info ] [ RUN ] app\index\controller\User->index[ C:\Users\Administrator\Desktop\phpEnv5.6.0-Green\www\lizi\application\index\controller\User.php ]
[ info ] [ VIEW ] C:\Users\Administrator\Desktop\phpEnv5.6.0-Green\www\lizi\public/../application/index\view\user\index.html [ array (
  0 => 'config',
  1 => 'path',
) ]
[ info ] [ LOG ] INIT File
[ sql ] [ DB ] CONNECT:[ UseTime:0.001000s ] mysql:host=localhost;port=3306;dbname=lizi;charset=utf8mb4
[ sql ] [ SQL ] SHOW COLUMNS FROM `bear_config` [ RunTime:0.002000s ]
[ sql ] [ SQL ] SELECT * FROM `bear_config` WHERE  `id` = 1 LIMIT 1 [ RunTime:0.000000s ]
---------------------------------------------------------------
[ 2019-12-17T21:11:15+08:00 ] 127.0.0.1 GET /index/user/recharge.html
[ info ] local.lizi.com/index/user/recharge.html [运行时间：0.108007s][吞吐率：9.26req/s] [内存消耗：3,370.82kb] [文件加载：64]
[ info ] [ LANG ] C:\Users\Administrator\Desktop\phpEnv5.6.0-Green\www\lizi\thinkphp\lang\zh-cn.php
[ info ] [ ROUTE ] array (
  'type' => 'module',
  'module' => 
  array (
    0 => 'index',
    1 => 'user',
    2 => 'recharge',
  ),
)
[ info ] [ HEADER ] array (
  'cookie' => 'thinkphp_show_page_trace=0|0; PHPSESSID=6hef43l2r9tifb19h6rn58qaq2; thinkphp_show_page_trace=0|0; Hm_lvt_a251280bf86f57cd4043cbbb98c55f57=1576588260; Hm_lpvt_a251280bf86f57cd4043cbbb98c55f57=1576588260',
  'accept-language' => 'zh-CN,zh;q=0.9',
  'accept-encoding' => 'gzip, deflate',
  'referer' => 'http://local.lizi.com/index/user/index.html',
  'accept' => 'text/html,application/xhtml+xml,application/xml;q=0.9,image/webp,image/apng,*/*;q=0.8,application/signed-exchange;v=b3',
  'user-agent' => 'Mozilla/5.0 (Windows NT 6.1; Win64; x64) AppleWebKit/537.36 (KHTML, like Gecko) Chrome/78.0.3904.108 Safari/537.36',
  'upgrade-insecure-requests' => '1',
  'connection' => 'close',
  'host' => 'local.lizi.com',
)
[ info ] [ PARAM ] array (
)
[ info ] [ DB ] INIT mysql
[ info ] [ SESSION ] INIT array (
  'id' => '',
  'var_session_id' => '',
  'prefix' => 'bearadmin_',
  'type' => '',
  'auto_start' => true,
)
[ info ] [ VIEW ] C:\Users\Administrator\Desktop\phpEnv5.6.0-Green\www\lizi\public/../application/index\view\user\recharge.html [ array (
  0 => 'config',
  1 => 'path',
) ]
[ info ] [ RUN ] app\index\controller\User->recharge[ C:\Users\Administrator\Desktop\phpEnv5.6.0-Green\www\lizi\application\index\controller\User.php ]
[ info ] [ VIEW ] C:\Users\Administrator\Desktop\phpEnv5.6.0-Green\www\lizi\public/../application/index\view\user\recharge.html [ array (
  0 => 'config',
  1 => 'path',
) ]
[ info ] [ LOG ] INIT File
[ sql ] [ DB ] CONNECT:[ UseTime:0.011001s ] mysql:host=localhost;port=3306;dbname=lizi;charset=utf8mb4
[ sql ] [ SQL ] SHOW COLUMNS FROM `bear_config` [ RunTime:0.001000s ]
[ sql ] [ SQL ] SELECT * FROM `bear_config` WHERE  `id` = 1 LIMIT 1 [ RunTime:0.003000s ]
---------------------------------------------------------------
[ 2019-12-17T21:11:16+08:00 ] 127.0.0.1 GET /index/user/myorder.html
[ info ] local.lizi.com/index/user/myorder.html [运行时间：0.093005s][吞吐率：10.75req/s] [内存消耗：3,583.59kb] [文件加载：68]
[ info ] [ LANG ] C:\Users\Administrator\Desktop\phpEnv5.6.0-Green\www\lizi\thinkphp\lang\zh-cn.php
[ info ] [ ROUTE ] array (
  'type' => 'module',
  'module' => 
  array (
    0 => 'index',
    1 => 'user',
    2 => 'myorder',
  ),
)
[ info ] [ HEADER ] array (
  'cookie' => 'thinkphp_show_page_trace=0|0; PHPSESSID=6hef43l2r9tifb19h6rn58qaq2; thinkphp_show_page_trace=0|0; Hm_lvt_a251280bf86f57cd4043cbbb98c55f57=1576588260; Hm_lpvt_a251280bf86f57cd4043cbbb98c55f57=1576588260',
  'accept-language' => 'zh-CN,zh;q=0.9',
  'accept-encoding' => 'gzip, deflate',
  'referer' => 'http://local.lizi.com/index/user/recharge.html',
  'accept' => 'text/html,application/xhtml+xml,application/xml;q=0.9,image/webp,image/apng,*/*;q=0.8,application/signed-exchange;v=b3',
  'user-agent' => 'Mozilla/5.0 (Windows NT 6.1; Win64; x64) AppleWebKit/537.36 (KHTML, like Gecko) Chrome/78.0.3904.108 Safari/537.36',
  'upgrade-insecure-requests' => '1',
  'connection' => 'close',
  'host' => 'local.lizi.com',
)
[ info ] [ PARAM ] array (
)
[ info ] [ DB ] INIT mysql
[ info ] [ SESSION ] INIT array (
  'id' => '',
  'var_session_id' => '',
  'prefix' => 'bearadmin_',
  'type' => '',
  'auto_start' => true,
)
[ info ] [ VIEW ] C:\Users\Administrator\Desktop\phpEnv5.6.0-Green\www\lizi\public/../application/index\view\user\myorder.html [ array (
  0 => 'config',
  1 => 'path',
) ]
[ info ] [ RUN ] app\index\controller\User->myorder[ C:\Users\Administrator\Desktop\phpEnv5.6.0-Green\www\lizi\application\index\controller\User.php ]
[ info ] [ VIEW ] C:\Users\Administrator\Desktop\phpEnv5.6.0-Green\www\lizi\public/../application/index\view\user\myorder.html [ array (
  0 => 'config',
  1 => 'path',
  2 => 'list',
  3 => 'goods',
) ]
[ info ] [ LOG ] INIT File
[ sql ] [ DB ] CONNECT:[ UseTime:0.001000s ] mysql:host=localhost;port=3306;dbname=lizi;charset=utf8mb4
[ sql ] [ SQL ] SHOW COLUMNS FROM `bear_config` [ RunTime:0.003000s ]
[ sql ] [ SQL ] SELECT * FROM `bear_config` WHERE  `id` = 1 LIMIT 1 [ RunTime:0.000000s ]
[ sql ] [ SQL ] SHOW COLUMNS FROM `bear_goods` [ RunTime:0.000000s ]
[ sql ] [ SQL ] SELECT `id`,`title` FROM `bear_goods` WHERE  `status` = 1 [ RunTime:0.000000s ]
[ sql ] [ SQL ] SHOW COLUMNS FROM `bear_order` [ RunTime:0.000000s ]
[ sql ] [ SQL ] SELECT COUNT(*) AS tp_count FROM `bear_order` WHERE  `member_id` = 25  AND `is_delete` = 0 LIMIT 1 [ RunTime:0.000000s ]
[ sql ] [ SQL ] SELECT * FROM `bear_order` WHERE  `member_id` = 25  AND `is_delete` = 0 ORDER BY `create_time` DESC LIMIT 0,15 [ RunTime:0.001000s ]
---------------------------------------------------------------
[ 2019-12-17T21:11:20+08:00 ] 127.0.0.1 GET /
[ info ] local.lizi.com/ [运行时间：0.078004s][吞吐率：12.82req/s] [内存消耗：3,460.08kb] [文件加载：66]
[ info ] [ LANG ] C:\Users\Administrator\Desktop\phpEnv5.6.0-Green\www\lizi\thinkphp\lang\zh-cn.php
[ info ] [ ROUTE ] array (
  'type' => 'module',
  'module' => 
  array (
    0 => '',
    1 => NULL,
    2 => NULL,
  ),
)
[ info ] [ HEADER ] array (
  'cookie' => 'PHPSESSID=6hef43l2r9tifb19h6rn58qaq2; thinkphp_show_page_trace=0|0; Hm_lvt_a251280bf86f57cd4043cbbb98c55f57=1576588260; Hm_lpvt_a251280bf86f57cd4043cbbb98c55f57=1576588260',
  'accept-language' => 'zh-CN,zh;q=0.9',
  'accept-encoding' => 'gzip, deflate',
  'referer' => 'http://local.lizi.com/index/user/myorder.html',
  'accept' => 'text/html,application/xhtml+xml,application/xml;q=0.9,image/webp,image/apng,*/*;q=0.8,application/signed-exchange;v=b3',
  'user-agent' => 'Mozilla/5.0 (Windows NT 6.1; Win64; x64) AppleWebKit/537.36 (KHTML, like Gecko) Chrome/78.0.3904.108 Safari/537.36',
  'upgrade-insecure-requests' => '1',
  'connection' => 'close',
  'host' => 'local.lizi.com',
)
[ info ] [ PARAM ] array (
)
[ info ] [ DB ] INIT mysql
[ info ] [ RUN ] app\index\controller\Index->index[ C:\Users\Administrator\Desktop\phpEnv5.6.0-Green\www\lizi\application\index\controller\Index.php ]
[ info ] [ VIEW ] C:\Users\Administrator\Desktop\phpEnv5.6.0-Green\www\lizi\public/../application/index\view\index\index.html [ array (
  0 => 'config',
  1 => 'shouye',
  2 => 'list',
  3 => 'categorys',
  4 => 'indexs',
) ]
[ info ] [ SESSION ] INIT array (
  'id' => '',
  'var_session_id' => '',
  'prefix' => 'bearadmin_',
  'type' => '',
  'auto_start' => true,
)
[ info ] [ LOG ] INIT File
[ sql ] [ DB ] CONNECT:[ UseTime:0.002001s ] mysql:host=localhost;port=3306;dbname=lizi;charset=utf8mb4
[ sql ] [ SQL ] SHOW COLUMNS FROM `bear_config` [ RunTime:0.001000s ]
[ sql ] [ SQL ] SELECT * FROM `bear_config` WHERE  `id` = 1 LIMIT 1 [ RunTime:0.001000s ]
[ sql ] [ SQL ] SHOW COLUMNS FROM `bear_content` [ RunTime:0.000000s ]
[ sql ] [ SQL ] SELECT * FROM `bear_content` WHERE  `id` = 24 LIMIT 1 [ RunTime:0.001000s ]
[ sql ] [ SQL ] SELECT * FROM `bear_config` WHERE  `id` = 1 LIMIT 1 [ RunTime:0.000000s ]
[ sql ] [ SQL ] SHOW COLUMNS FROM `bear_goods` [ RunTime:0.001000s ]
[ sql ] [ SQL ] SELECT * FROM `bear_goods` WHERE  `status` = 1 ORDER BY `sort` DESC [ RunTime:0.001000s ]
[ sql ] [ SQL ] SHOW COLUMNS FROM `bear_good_cates` [ RunTime:0.001000s ]
[ sql ] [ SQL ] SELECT * FROM `bear_good_cates` ORDER BY `id` DESC [ RunTime:0.000000s ]
[ sql ] [ SQL ] SELECT * FROM `bear_content` WHERE  `id` = 24 LIMIT 1 [ RunTime:0.000000s ]
[ sql ] [ SQL ] SHOW COLUMNS FROM `bear_card` [ RunTime:0.002000s ]
[ sql ] [ SQL ] SELECT gid,count(kami) as num FROM `bear_card` WHERE  `over` = 0 GROUP BY `gid` [ RunTime:0.000000s ]
---------------------------------------------------------------
[ 2019-12-17T21:11:20+08:00 ] 127.0.0.1 GET /sink/cssimg/dinggoubg.png
[ info ] local.lizi.com/sink/cssimg/dinggoubg.png [运行时间：0.059004s][吞吐率：16.95req/s] [内存消耗：2,010.40kb] [文件加载：53]
[ info ] [ LANG ] C:\Users\Administrator\Desktop\phpEnv5.6.0-Green\www\lizi\thinkphp\lang\zh-cn.php
[ info ] [ ROUTE ] array (
  'type' => 'module',
  'module' => 
  array (
    0 => 'sink',
    1 => 'cssimg',
    2 => 'dinggoubg.png',
  ),
)
[ info ] [ HEADER ] array (
  'cookie' => 'PHPSESSID=6hef43l2r9tifb19h6rn58qaq2; thinkphp_show_page_trace=0|0; Hm_lvt_a251280bf86f57cd4043cbbb98c55f57=1576588260; Hm_lpvt_a251280bf86f57cd4043cbbb98c55f57=1576588260',
  'accept-language' => 'zh-CN,zh;q=0.9',
  'accept-encoding' => 'gzip, deflate',
  'referer' => 'http://local.lizi.com/',
  'accept' => 'image/webp,image/apng,image/*,*/*;q=0.8',
  'user-agent' => 'Mozilla/5.0 (Windows NT 6.1; Win64; x64) AppleWebKit/537.36 (KHTML, like Gecko) Chrome/78.0.3904.108 Safari/537.36',
  'connection' => 'close',
  'host' => 'local.lizi.com',
)
[ info ] [ PARAM ] array (
)
[ info ] [ LOG ] INIT File
---------------------------------------------------------------
[ 2019-12-17T21:11:24+08:00 ] 127.0.0.1 GET /index/configcom/about.html
[ info ] local.lizi.com/index/configcom/about.html [运行时间：0.109007s][吞吐率：9.17req/s] [内存消耗：3,548.21kb] [文件加载：67]
[ info ] [ LANG ] C:\Users\Administrator\Desktop\phpEnv5.6.0-Green\www\lizi\thinkphp\lang\zh-cn.php
[ info ] [ ROUTE ] array (
  'type' => 'module',
  'module' => 
  array (
    0 => 'index',
    1 => 'configcom',
    2 => 'about',
  ),
)
[ info ] [ HEADER ] array (
  'cookie' => 'PHPSESSID=6hef43l2r9tifb19h6rn58qaq2; thinkphp_show_page_trace=0|0; Hm_lvt_a251280bf86f57cd4043cbbb98c55f57=1576588260; Hm_lpvt_a251280bf86f57cd4043cbbb98c55f57=1576588260',
  'accept-language' => 'zh-CN,zh;q=0.9',
  'accept-encoding' => 'gzip, deflate',
  'referer' => 'http://local.lizi.com/',
  'accept' => 'text/html,application/xhtml+xml,application/xml;q=0.9,image/webp,image/apng,*/*;q=0.8,application/signed-exchange;v=b3',
  'user-agent' => 'Mozilla/5.0 (Windows NT 6.1; Win64; x64) AppleWebKit/537.36 (KHTML, like Gecko) Chrome/78.0.3904.108 Safari/537.36',
  'upgrade-insecure-requests' => '1',
  'connection' => 'close',
  'host' => 'local.lizi.com',
)
[ info ] [ PARAM ] array (
)
[ info ] [ DB ] INIT mysql
[ info ] [ RUN ] app\index\controller\Configcom->about[ C:\Users\Administrator\Desktop\phpEnv5.6.0-Green\www\lizi\application\index\controller\Configcom.php ]
[ info ] [ VIEW ] C:\Users\Administrator\Desktop\phpEnv5.6.0-Green\www\lizi\public/../application/index\view\configcom\about.html [ array (
  0 => 'config',
  1 => 'shouye',
  2 => 'info',
) ]
[ info ] [ SESSION ] INIT array (
  'id' => '',
  'var_session_id' => '',
  'prefix' => 'bearadmin_',
  'type' => '',
  'auto_start' => true,
)
[ info ] [ LOG ] INIT File
[ sql ] [ DB ] CONNECT:[ UseTime:0.001001s ] mysql:host=localhost;port=3306;dbname=lizi;charset=utf8mb4
[ sql ] [ SQL ] SHOW COLUMNS FROM `bear_config` [ RunTime:0.000000s ]
[ sql ] [ SQL ] SELECT * FROM `bear_config` WHERE  `id` = 1 LIMIT 1 [ RunTime:0.000000s ]
[ sql ] [ SQL ] SHOW COLUMNS FROM `bear_content` [ RunTime:0.001000s ]
[ sql ] [ SQL ] SELECT * FROM `bear_content` WHERE  `id` = 24 LIMIT 1 [ RunTime:0.000000s ]
[ sql ] [ SQL ] SELECT * FROM `bear_content` WHERE  `id` = 20 LIMIT 1 [ RunTime:0.000000s ]
---------------------------------------------------------------
[ 2019-12-17T21:11:24+08:00 ] 127.0.0.1 GET /index/sink/sink/cssimg/dinggoubg.png
[ info ] local.lizi.com/index/sink/sink/cssimg/dinggoubg.png [运行时间：0.050003s][吞吐率：20.00req/s] [内存消耗：2,020.34kb] [文件加载：54]
[ info ] [ LANG ] C:\Users\Administrator\Desktop\phpEnv5.6.0-Green\www\lizi\thinkphp\lang\zh-cn.php
[ info ] [ ROUTE ] array (
  'type' => 'module',
  'module' => 
  array (
    0 => 'index',
    1 => 'sink',
    2 => 'sink',
  ),
)
[ info ] [ HEADER ] array (
  'cookie' => 'PHPSESSID=6hef43l2r9tifb19h6rn58qaq2; thinkphp_show_page_trace=0|0; Hm_lvt_a251280bf86f57cd4043cbbb98c55f57=1576588260; Hm_lpvt_a251280bf86f57cd4043cbbb98c55f57=1576588260',
  'accept-language' => 'zh-CN,zh;q=0.9',
  'accept-encoding' => 'gzip, deflate',
  'referer' => 'http://local.lizi.com/index/sink/css/css7.css',
  'accept' => 'image/webp,image/apng,image/*,*/*;q=0.8',
  'user-agent' => 'Mozilla/5.0 (Windows NT 6.1; Win64; x64) AppleWebKit/537.36 (KHTML, like Gecko) Chrome/78.0.3904.108 Safari/537.36',
  'connection' => 'close',
  'host' => 'local.lizi.com',
)
[ info ] [ PARAM ] array (
  'cssimg' => 'dinggoubg.png',
)
[ info ] [ LOG ] INIT File
---------------------------------------------------------------
[ 2019-12-17T21:11:25+08:00 ] 127.0.0.1 GET /index/configcom/help.html
[ info ] local.lizi.com/index/configcom/help.html [运行时间：0.100005s][吞吐率：10.00req/s] [内存消耗：3,546.31kb] [文件加载：67]
[ info ] [ LANG ] C:\Users\Administrator\Desktop\phpEnv5.6.0-Green\www\lizi\thinkphp\lang\zh-cn.php
[ info ] [ ROUTE ] array (
  'type' => 'module',
  'module' => 
  array (
    0 => 'index',
    1 => 'configcom',
    2 => 'help',
  ),
)
[ info ] [ HEADER ] array (
  'cookie' => 'thinkphp_show_page_trace=0|0; PHPSESSID=6hef43l2r9tifb19h6rn58qaq2; thinkphp_show_page_trace=0|0; Hm_lvt_a251280bf86f57cd4043cbbb98c55f57=1576588260; Hm_lpvt_a251280bf86f57cd4043cbbb98c55f57=1576588260',
  'accept-language' => 'zh-CN,zh;q=0.9',
  'accept-encoding' => 'gzip, deflate',
  'referer' => 'http://local.lizi.com/index/configcom/about.html',
  'accept' => 'text/html,application/xhtml+xml,application/xml;q=0.9,image/webp,image/apng,*/*;q=0.8,application/signed-exchange;v=b3',
  'user-agent' => 'Mozilla/5.0 (Windows NT 6.1; Win64; x64) AppleWebKit/537.36 (KHTML, like Gecko) Chrome/78.0.3904.108 Safari/537.36',
  'upgrade-insecure-requests' => '1',
  'connection' => 'close',
  'host' => 'local.lizi.com',
)
[ info ] [ PARAM ] array (
)
[ info ] [ DB ] INIT mysql
[ info ] [ RUN ] app\index\controller\Configcom->help[ C:\Users\Administrator\Desktop\phpEnv5.6.0-Green\www\lizi\application\index\controller\Configcom.php ]
[ info ] [ VIEW ] C:\Users\Administrator\Desktop\phpEnv5.6.0-Green\www\lizi\public/../application/index\view\configcom\help.html [ array (
  0 => 'config',
  1 => 'shouye',
  2 => 'info',
) ]
[ info ] [ SESSION ] INIT array (
  'id' => '',
  'var_session_id' => '',
  'prefix' => 'bearadmin_',
  'type' => '',
  'auto_start' => true,
)
[ info ] [ LOG ] INIT File
[ sql ] [ DB ] CONNECT:[ UseTime:0.011000s ] mysql:host=localhost;port=3306;dbname=lizi;charset=utf8mb4
[ sql ] [ SQL ] SHOW COLUMNS FROM `bear_config` [ RunTime:0.005001s ]
[ sql ] [ SQL ] SELECT * FROM `bear_config` WHERE  `id` = 1 LIMIT 1 [ RunTime:0.000000s ]
[ sql ] [ SQL ] SHOW COLUMNS FROM `bear_content` [ RunTime:0.001000s ]
[ sql ] [ SQL ] SELECT * FROM `bear_content` WHERE  `id` = 24 LIMIT 1 [ RunTime:0.001000s ]
[ sql ] [ SQL ] SELECT * FROM `bear_content` WHERE  `id` = 21 LIMIT 1 [ RunTime:0.000000s ]
---------------------------------------------------------------
[ 2019-12-17T21:11:26+08:00 ] 127.0.0.1 GET /index/sink/sink/cssimg/dinggoubg.png
[ info ] local.lizi.com/index/sink/sink/cssimg/dinggoubg.png [运行时间：0.051002s][吞吐率：19.61req/s] [内存消耗：2,020.34kb] [文件加载：54]
[ info ] [ LANG ] C:\Users\Administrator\Desktop\phpEnv5.6.0-Green\www\lizi\thinkphp\lang\zh-cn.php
[ info ] [ ROUTE ] array (
  'type' => 'module',
  'module' => 
  array (
    0 => 'index',
    1 => 'sink',
    2 => 'sink',
  ),
)
[ info ] [ HEADER ] array (
  'cookie' => 'PHPSESSID=6hef43l2r9tifb19h6rn58qaq2; thinkphp_show_page_trace=0|0; Hm_lvt_a251280bf86f57cd4043cbbb98c55f57=1576588260; Hm_lpvt_a251280bf86f57cd4043cbbb98c55f57=1576588260',
  'accept-language' => 'zh-CN,zh;q=0.9',
  'accept-encoding' => 'gzip, deflate',
  'referer' => 'http://local.lizi.com/index/sink/css/css7.css',
  'accept' => 'image/webp,image/apng,image/*,*/*;q=0.8',
  'user-agent' => 'Mozilla/5.0 (Windows NT 6.1; Win64; x64) AppleWebKit/537.36 (KHTML, like Gecko) Chrome/78.0.3904.108 Safari/537.36',
  'connection' => 'close',
  'host' => 'local.lizi.com',
)
[ info ] [ PARAM ] array (
  'cssimg' => 'dinggoubg.png',
)
[ info ] [ LOG ] INIT File
---------------------------------------------------------------
[ 2019-12-17T21:11:27+08:00 ] 127.0.0.1 GET /index/configcom/address.html
[ info ] local.lizi.com/index/configcom/address.html [运行时间：0.134008s][吞吐率：7.46req/s] [内存消耗：3,550.52kb] [文件加载：67]
[ info ] [ LANG ] C:\Users\Administrator\Desktop\phpEnv5.6.0-Green\www\lizi\thinkphp\lang\zh-cn.php
[ info ] [ ROUTE ] array (
  'type' => 'module',
  'module' => 
  array (
    0 => 'index',
    1 => 'configcom',
    2 => 'address',
  ),
)
[ info ] [ HEADER ] array (
  'cookie' => 'thinkphp_show_page_trace=0|0; PHPSESSID=6hef43l2r9tifb19h6rn58qaq2; thinkphp_show_page_trace=0|0; Hm_lvt_a251280bf86f57cd4043cbbb98c55f57=1576588260; Hm_lpvt_a251280bf86f57cd4043cbbb98c55f57=1576588260',
  'accept-language' => 'zh-CN,zh;q=0.9',
  'accept-encoding' => 'gzip, deflate',
  'referer' => 'http://local.lizi.com/index/configcom/help.html',
  'accept' => 'text/html,application/xhtml+xml,application/xml;q=0.9,image/webp,image/apng,*/*;q=0.8,application/signed-exchange;v=b3',
  'user-agent' => 'Mozilla/5.0 (Windows NT 6.1; Win64; x64) AppleWebKit/537.36 (KHTML, like Gecko) Chrome/78.0.3904.108 Safari/537.36',
  'upgrade-insecure-requests' => '1',
  'connection' => 'close',
  'host' => 'local.lizi.com',
)
[ info ] [ PARAM ] array (
)
[ info ] [ DB ] INIT mysql
[ info ] [ RUN ] app\index\controller\Configcom->address[ C:\Users\Administrator\Desktop\phpEnv5.6.0-Green\www\lizi\application\index\controller\Configcom.php ]
[ info ] [ VIEW ] C:\Users\Administrator\Desktop\phpEnv5.6.0-Green\www\lizi\public/../application/index\view\configcom\address.html [ array (
  0 => 'config',
  1 => 'shouye',
  2 => 'info',
) ]
[ info ] [ SESSION ] INIT array (
  'id' => '',
  'var_session_id' => '',
  'prefix' => 'bearadmin_',
  'type' => '',
  'auto_start' => true,
)
[ info ] [ LOG ] INIT File
[ sql ] [ DB ] CONNECT:[ UseTime:0.001000s ] mysql:host=localhost;port=3306;dbname=lizi;charset=utf8mb4
[ sql ] [ SQL ] SHOW COLUMNS FROM `bear_config` [ RunTime:0.002000s ]
[ sql ] [ SQL ] SELECT * FROM `bear_config` WHERE  `id` = 1 LIMIT 1 [ RunTime:0.000000s ]
[ sql ] [ SQL ] SHOW COLUMNS FROM `bear_content` [ RunTime:0.001000s ]
[ sql ] [ SQL ] SELECT * FROM `bear_content` WHERE  `id` = 24 LIMIT 1 [ RunTime:0.001000s ]
[ sql ] [ SQL ] SELECT * FROM `bear_content` WHERE  `id` = 5 LIMIT 1 [ RunTime:0.000000s ]
---------------------------------------------------------------
[ 2019-12-17T21:11:28+08:00 ] 127.0.0.1 GET /index/configcom/search.html
[ info ] local.lizi.com/index/configcom/search.html [运行时间：0.134008s][吞吐率：7.46req/s] [内存消耗：3,361.41kb] [文件加载：65]
[ info ] [ LANG ] C:\Users\Administrator\Desktop\phpEnv5.6.0-Green\www\lizi\thinkphp\lang\zh-cn.php
[ info ] [ ROUTE ] array (
  'type' => 'module',
  'module' => 
  array (
    0 => 'index',
    1 => 'configcom',
    2 => 'search',
  ),
)
[ info ] [ HEADER ] array (
  'cookie' => 'thinkphp_show_page_trace=0|0; PHPSESSID=6hef43l2r9tifb19h6rn58qaq2; thinkphp_show_page_trace=0|0; Hm_lvt_a251280bf86f57cd4043cbbb98c55f57=1576588260; Hm_lpvt_a251280bf86f57cd4043cbbb98c55f57=1576588260',
  'accept-language' => 'zh-CN,zh;q=0.9',
  'accept-encoding' => 'gzip, deflate',
  'referer' => 'http://local.lizi.com/index/configcom/address.html',
  'accept' => 'text/html,application/xhtml+xml,application/xml;q=0.9,image/webp,image/apng,*/*;q=0.8,application/signed-exchange;v=b3',
  'user-agent' => 'Mozilla/5.0 (Windows NT 6.1; Win64; x64) AppleWebKit/537.36 (KHTML, like Gecko) Chrome/78.0.3904.108 Safari/537.36',
  'upgrade-insecure-requests' => '1',
  'connection' => 'close',
  'host' => 'local.lizi.com',
)
[ info ] [ PARAM ] array (
)
[ info ] [ DB ] INIT mysql
[ info ] [ RUN ] app\index\controller\Configcom->search[ C:\Users\Administrator\Desktop\phpEnv5.6.0-Green\www\lizi\application\index\controller\Configcom.php ]
[ info ] [ VIEW ] C:\Users\Administrator\Desktop\phpEnv5.6.0-Green\www\lizi\public/../application/index\view\configcom\search.html [ array (
  0 => 'config',
  1 => 'shouye',
) ]
[ info ] [ SESSION ] INIT array (
  'id' => '',
  'var_session_id' => '',
  'prefix' => 'bearadmin_',
  'type' => '',
  'auto_start' => true,
)
[ info ] [ LOG ] INIT File
[ sql ] [ DB ] CONNECT:[ UseTime:0.002000s ] mysql:host=localhost;port=3306;dbname=lizi;charset=utf8mb4
[ sql ] [ SQL ] SHOW COLUMNS FROM `bear_config` [ RunTime:0.001000s ]
[ sql ] [ SQL ] SELECT * FROM `bear_config` WHERE  `id` = 1 LIMIT 1 [ RunTime:0.000000s ]
[ sql ] [ SQL ] SHOW COLUMNS FROM `bear_content` [ RunTime:0.001000s ]
[ sql ] [ SQL ] SELECT * FROM `bear_content` WHERE  `id` = 24 LIMIT 1 [ RunTime:0.000000s ]
---------------------------------------------------------------
[ 2019-12-17T21:11:32+08:00 ] 127.0.0.1 POST /index/configcom/serach.html
[ info ] local.lizi.com/index/configcom/serach.html [运行时间：0.119007s][吞吐率：8.40req/s] [内存消耗：3,308.15kb] [文件加载：66]
[ info ] [ LANG ] C:\Users\Administrator\Desktop\phpEnv5.6.0-Green\www\lizi\thinkphp\lang\zh-cn.php
[ info ] [ ROUTE ] array (
  'type' => 'module',
  'module' => 
  array (
    0 => 'index',
    1 => 'configcom',
    2 => 'serach',
  ),
)
[ info ] [ HEADER ] array (
  'cookie' => 'thinkphp_show_page_trace=0|0; PHPSESSID=6hef43l2r9tifb19h6rn58qaq2; thinkphp_show_page_trace=0|0; Hm_lvt_a251280bf86f57cd4043cbbb98c55f57=1576588260; Hm_lpvt_a251280bf86f57cd4043cbbb98c55f57=1576588260',
  'accept-language' => 'zh-CN,zh;q=0.9',
  'accept-encoding' => 'gzip, deflate',
  'referer' => 'http://local.lizi.com/index/configcom/search.html',
  'accept' => 'text/html,application/xhtml+xml,application/xml;q=0.9,image/webp,image/apng,*/*;q=0.8,application/signed-exchange;v=b3',
  'user-agent' => 'Mozilla/5.0 (Windows NT 6.1; Win64; x64) AppleWebKit/537.36 (KHTML, like Gecko) Chrome/78.0.3904.108 Safari/537.36',
  'content-type' => 'application/x-www-form-urlencoded',
  'upgrade-insecure-requests' => '1',
  'origin' => 'http://local.lizi.com',
  'cache-control' => 'max-age=0',
  'content-length' => '21',
  'connection' => 'close',
  'host' => 'local.lizi.com',
)
[ info ] [ PARAM ] array (
  'content' => '2019121634340',
)
[ info ] [ DB ] INIT mysql
[ info ] [ LOG ] INIT File
[ sql ] [ DB ] CONNECT:[ UseTime:0.003000s ] mysql:host=localhost;port=3306;dbname=lizi;charset=utf8mb4
[ sql ] [ SQL ] SHOW COLUMNS FROM `bear_config` [ RunTime:0.001000s ]
[ sql ] [ SQL ] SELECT * FROM `bear_config` WHERE  `id` = 1 LIMIT 1 [ RunTime:0.001000s ]
[ sql ] [ SQL ] SHOW COLUMNS FROM `bear_content` [ RunTime:0.001000s ]
[ sql ] [ SQL ] SELECT * FROM `bear_content` WHERE  `id` = 24 LIMIT 1 [ RunTime:0.001000s ]
---------------------------------------------------------------
[ 2019-12-17T21:11:32+08:00 ] 127.0.0.1 GET /favicon.ico
[ info ] local.lizi.com/favicon.ico [运行时间：0.047002s][吞吐率：21.28req/s] [内存消耗：2,010.25kb] [文件加载：53]
[ info ] [ LANG ] C:\Users\Administrator\Desktop\phpEnv5.6.0-Green\www\lizi\thinkphp\lang\zh-cn.php
[ info ] [ ROUTE ] array (
  'type' => 'module',
  'module' => 
  array (
    0 => 'favicon.ico',
    1 => NULL,
    2 => NULL,
  ),
)
[ info ] [ HEADER ] array (
  'cookie' => 'PHPSESSID=6hef43l2r9tifb19h6rn58qaq2; thinkphp_show_page_trace=0|0; Hm_lvt_a251280bf86f57cd4043cbbb98c55f57=1576588260; Hm_lpvt_a251280bf86f57cd4043cbbb98c55f57=1576588260',
  'accept-language' => 'zh-CN,zh;q=0.9',
  'accept-encoding' => 'gzip, deflate',
  'referer' => 'http://local.lizi.com/index/configcom/serach.html',
  'accept' => 'image/webp,image/apng,image/*,*/*;q=0.8',
  'user-agent' => 'Mozilla/5.0 (Windows NT 6.1; Win64; x64) AppleWebKit/537.36 (KHTML, like Gecko) Chrome/78.0.3904.108 Safari/537.36',
  'connection' => 'close',
  'host' => 'local.lizi.com',
)
[ info ] [ PARAM ] array (
)
[ info ] [ LOG ] INIT File
---------------------------------------------------------------
[ 2019-12-17T21:11:34+08:00 ] 127.0.0.1 GET /index/configcom/search.html
[ info ] local.lizi.com/index/configcom/search.html [运行时间：0.094005s][吞吐率：10.64req/s] [内存消耗：3,361.41kb] [文件加载：65]
[ info ] [ LANG ] C:\Users\Administrator\Desktop\phpEnv5.6.0-Green\www\lizi\thinkphp\lang\zh-cn.php
[ info ] [ ROUTE ] array (
  'type' => 'module',
  'module' => 
  array (
    0 => 'index',
    1 => 'configcom',
    2 => 'search',
  ),
)
[ info ] [ HEADER ] array (
  'cookie' => 'thinkphp_show_page_trace=0|0; PHPSESSID=6hef43l2r9tifb19h6rn58qaq2; thinkphp_show_page_trace=0|0; Hm_lvt_a251280bf86f57cd4043cbbb98c55f57=1576588260; Hm_lpvt_a251280bf86f57cd4043cbbb98c55f57=1576588260',
  'accept-language' => 'zh-CN,zh;q=0.9',
  'accept-encoding' => 'gzip, deflate',
  'referer' => 'http://local.lizi.com/index/configcom/address.html',
  'accept' => 'text/html,application/xhtml+xml,application/xml;q=0.9,image/webp,image/apng,*/*;q=0.8,application/signed-exchange;v=b3',
  'user-agent' => 'Mozilla/5.0 (Windows NT 6.1; Win64; x64) AppleWebKit/537.36 (KHTML, like Gecko) Chrome/78.0.3904.108 Safari/537.36',
  'upgrade-insecure-requests' => '1',
  'connection' => 'close',
  'host' => 'local.lizi.com',
)
[ info ] [ PARAM ] array (
)
[ info ] [ DB ] INIT mysql
[ info ] [ RUN ] app\index\controller\Configcom->search[ C:\Users\Administrator\Desktop\phpEnv5.6.0-Green\www\lizi\application\index\controller\Configcom.php ]
[ info ] [ VIEW ] C:\Users\Administrator\Desktop\phpEnv5.6.0-Green\www\lizi\public/../application/index\view\configcom\search.html [ array (
  0 => 'config',
  1 => 'shouye',
) ]
[ info ] [ SESSION ] INIT array (
  'id' => '',
  'var_session_id' => '',
  'prefix' => 'bearadmin_',
  'type' => '',
  'auto_start' => true,
)
[ info ] [ LOG ] INIT File
[ sql ] [ DB ] CONNECT:[ UseTime:0.001000s ] mysql:host=localhost;port=3306;dbname=lizi;charset=utf8mb4
[ sql ] [ SQL ] SHOW COLUMNS FROM `bear_config` [ RunTime:0.005000s ]
[ sql ] [ SQL ] SELECT * FROM `bear_config` WHERE  `id` = 1 LIMIT 1 [ RunTime:0.001000s ]
[ sql ] [ SQL ] SHOW COLUMNS FROM `bear_content` [ RunTime:0.001000s ]
[ sql ] [ SQL ] SELECT * FROM `bear_content` WHERE  `id` = 24 LIMIT 1 [ RunTime:0.000000s ]
