---------------------------------------------------------------
[ 2019-12-24T08:42:50+08:00 ] 127.0.0.1 GET /index/two/search.html?orderno=2019122330614
[ info ] local.lizi.com/index/two/search.html?orderno=2019122330614 [运行时间：0.305017s][吞吐率：3.28req/s] [内存消耗：3,853.22kb] [文件加载：75]
[ info ] [ LANG ] C:\Users\Administrator\Desktop\phpEnv5.6.0-Green\www\lizi\thinkphp\lang\zh-cn.php
[ info ] [ ROUTE ] array (
  'type' => 'module',
  'module' => 
  array (
    0 => 'index',
    1 => 'two',
    2 => 'search',
  ),
)
[ info ] [ HEADER ] array (
  'cookie' => 'thinkphp_show_page_trace=0|0; PHPSESSID=2s6pdkqnnk3v5umdthg4jo9d21; thinkphp_show_page_trace=0|0; Hm_lvt_a251280bf86f57cd4043cbbb98c55f57=1576905939,1577067900; Hm_lpvt_a251280bf86f57cd4043cbbb98c55f57=1577082887',
  'accept-language' => 'zh-CN,zh;q=0.9',
  'accept-encoding' => 'gzip, deflate',
  'referer' => 'http://local.lizi.com/index/two/zdfahuo.html?orderno=2019122330614',
  'accept' => 'text/html,application/xhtml+xml,application/xml;q=0.9,image/webp,image/apng,*/*;q=0.8,application/signed-exchange;v=b3',
  'user-agent' => 'Mozilla/5.0 (Windows NT 6.1; Win64; x64) AppleWebKit/537.36 (KHTML, like Gecko) Chrome/78.0.3904.108 Safari/537.36',
  'upgrade-insecure-requests' => '1',
  'cache-control' => 'max-age=0',
  'connection' => 'close',
  'host' => 'local.lizi.com',
)
[ info ] [ PARAM ] array (
  'orderno' => '2019122330614',
)
[ info ] [ DB ] INIT mysql
[ info ] [ RUN ] app\index\controller\Two->search[ C:\Users\Administrator\Desktop\phpEnv5.6.0-Green\www\lizi\application\index\controller\Two.php ]
[ info ] [ VIEW ] C:\Users\Administrator\Desktop\phpEnv5.6.0-Green\www\lizi\public/../application/index\view\two\search.html [ array (
  0 => 'config',
  1 => 'shouye',
  2 => 'content',
  3 => 'goods',
  4 => 'info',
) ]
[ info ] [ LOG ] INIT File
[ sql ] [ DB ] CONNECT:[ UseTime:0.003000s ] mysql:host=localhost;port=3306;dbname=lizi;charset=utf8mb4
[ sql ] [ SQL ] SHOW COLUMNS FROM `bear_config` [ RunTime:0.001000s ]
[ sql ] [ SQL ] SELECT * FROM `bear_config` WHERE  `id` = 1 LIMIT 1 [ RunTime:0.000000s ]
[ sql ] [ SQL ] SHOW COLUMNS FROM `bear_content` [ RunTime:0.001000s ]
[ sql ] [ SQL ] SELECT * FROM `bear_content` WHERE  `id` = 24 LIMIT 1 [ RunTime:0.001000s ]
[ sql ] [ SQL ] SELECT * FROM `bear_config` WHERE  `id` = 1 LIMIT 1 [ RunTime:0.000000s ]
[ sql ] [ SQL ] SELECT * FROM `bear_content` WHERE  `id` = 5 LIMIT 1 [ RunTime:0.001000s ]
[ sql ] [ SQL ] SHOW COLUMNS FROM `bear_order` [ RunTime:0.001001s ]
[ sql ] [ SQL ] SELECT COUNT(*) AS tp_count FROM `bear_order` WHERE  ( `order_no` = '2019122330614' OR `mobile` = '2019122330614' )  AND `is_delete` = 0 LIMIT 1 [ RunTime:0.001000s ]
[ sql ] [ SQL ] SELECT * FROM `bear_order` WHERE  ( `order_no` = '2019122330614' OR `mobile` = '2019122330614' )  AND `is_delete` = 0 ORDER BY `create_time` DESC LIMIT 0,15 [ RunTime:0.000000s ]
[ sql ] [ SQL ] SHOW COLUMNS FROM `bear_goods` [ RunTime:0.001000s ]
[ sql ] [ SQL ] SELECT * FROM `bear_goods` ORDER BY `id` DESC [ RunTime:0.000000s ]
[ error ] [8]未定义变量: order[C:\Users\Administrator\Desktop\phpEnv5.6.0-Green\www\lizi\runtime\temp\8018340ab1fbffa2a4a7c738b22649c1.php:95]
---------------------------------------------------------------
[ 2019-12-24T08:42:50+08:00 ] 127.0.0.1 GET /favicon.ico
[ info ] local.lizi.com/favicon.ico [运行时间：0.048003s][吞吐率：20.83req/s] [内存消耗：2,011.45kb] [文件加载：53]
[ info ] [ LANG ] C:\Users\Administrator\Desktop\phpEnv5.6.0-Green\www\lizi\thinkphp\lang\zh-cn.php
[ info ] [ ROUTE ] array (
  'type' => 'module',
  'module' => 
  array (
    0 => 'favicon.ico',
    1 => NULL,
    2 => NULL,
  ),
)
[ info ] [ HEADER ] array (
  'cookie' => 'PHPSESSID=2s6pdkqnnk3v5umdthg4jo9d21; thinkphp_show_page_trace=0|0; Hm_lvt_a251280bf86f57cd4043cbbb98c55f57=1576905939,1577067900; Hm_lpvt_a251280bf86f57cd4043cbbb98c55f57=1577082887',
  'accept-language' => 'zh-CN,zh;q=0.9',
  'accept-encoding' => 'gzip, deflate',
  'referer' => 'http://local.lizi.com/index/two/search.html?orderno=2019122330614',
  'accept' => 'image/webp,image/apng,image/*,*/*;q=0.8',
  'user-agent' => 'Mozilla/5.0 (Windows NT 6.1; Win64; x64) AppleWebKit/537.36 (KHTML, like Gecko) Chrome/78.0.3904.108 Safari/537.36',
  'cache-control' => 'no-cache',
  'pragma' => 'no-cache',
  'connection' => 'close',
  'host' => 'local.lizi.com',
)
[ info ] [ PARAM ] array (
)
[ info ] [ LOG ] INIT File
---------------------------------------------------------------
[ 2019-12-24T08:42:57+08:00 ] 127.0.0.1 GET /
[ info ] local.lizi.com/ [运行时间：0.067004s][吞吐率：14.92req/s] [内存消耗：3,321.74kb] [文件加载：63]
[ info ] [ LANG ] C:\Users\Administrator\Desktop\phpEnv5.6.0-Green\www\lizi\thinkphp\lang\zh-cn.php
[ info ] [ ROUTE ] array (
  'type' => 'module',
  'module' => 
  array (
    0 => '',
    1 => NULL,
    2 => NULL,
  ),
)
[ info ] [ HEADER ] array (
  'cookie' => 'PHPSESSID=2s6pdkqnnk3v5umdthg4jo9d21; thinkphp_show_page_trace=0|0; Hm_lvt_a251280bf86f57cd4043cbbb98c55f57=1576905939,1577067900; Hm_lpvt_a251280bf86f57cd4043cbbb98c55f57=1577082887',
  'accept-language' => 'zh-CN,zh;q=0.9',
  'accept-encoding' => 'gzip, deflate',
  'referer' => 'http://local.lizi.com/index/two/zdfahuo.html?orderno=2019122330614',
  'accept' => 'text/html,application/xhtml+xml,application/xml;q=0.9,image/webp,image/apng,*/*;q=0.8,application/signed-exchange;v=b3',
  'user-agent' => 'Mozilla/5.0 (Windows NT 6.1; Win64; x64) AppleWebKit/537.36 (KHTML, like Gecko) Chrome/78.0.3904.108 Safari/537.36',
  'upgrade-insecure-requests' => '1',
  'connection' => 'close',
  'host' => 'local.lizi.com',
)
[ info ] [ PARAM ] array (
)
[ info ] [ DB ] INIT mysql
[ info ] [ LOG ] INIT File
[ sql ] [ DB ] CONNECT:[ UseTime:0.002000s ] mysql:host=localhost;port=3306;dbname=lizi;charset=utf8mb4
[ sql ] [ SQL ] SHOW COLUMNS FROM `bear_config` [ RunTime:0.001000s ]
[ sql ] [ SQL ] SELECT * FROM `bear_config` WHERE  `id` = 1 LIMIT 1 [ RunTime:0.001000s ]
[ sql ] [ SQL ] SHOW COLUMNS FROM `bear_content` [ RunTime:0.000000s ]
[ sql ] [ SQL ] SELECT * FROM `bear_content` WHERE  `id` = 24 LIMIT 1 [ RunTime:0.000000s ]
[ sql ] [ SQL ] SELECT * FROM `bear_config` WHERE  `id` = 1 LIMIT 1 [ RunTime:0.000000s ]
---------------------------------------------------------------
[ 2019-12-24T08:42:57+08:00 ] 127.0.0.1 GET /index/two/index.html
[ info ] local.lizi.com/index/two/index.html [运行时间：0.071004s][吞吐率：14.08req/s] [内存消耗：3,479.33kb] [文件加载：66]
[ info ] [ LANG ] C:\Users\Administrator\Desktop\phpEnv5.6.0-Green\www\lizi\thinkphp\lang\zh-cn.php
[ info ] [ ROUTE ] array (
  'type' => 'module',
  'module' => 
  array (
    0 => 'index',
    1 => 'two',
    2 => 'index',
  ),
)
[ info ] [ HEADER ] array (
  'cookie' => 'thinkphp_show_page_trace=0|0; PHPSESSID=2s6pdkqnnk3v5umdthg4jo9d21; thinkphp_show_page_trace=0|0; Hm_lvt_a251280bf86f57cd4043cbbb98c55f57=1576905939,1577067900; Hm_lpvt_a251280bf86f57cd4043cbbb98c55f57=1577082887',
  'accept-language' => 'zh-CN,zh;q=0.9',
  'accept-encoding' => 'gzip, deflate',
  'referer' => 'http://local.lizi.com/index/two/zdfahuo.html?orderno=2019122330614',
  'accept' => 'text/html,application/xhtml+xml,application/xml;q=0.9,image/webp,image/apng,*/*;q=0.8,application/signed-exchange;v=b3',
  'user-agent' => 'Mozilla/5.0 (Windows NT 6.1; Win64; x64) AppleWebKit/537.36 (KHTML, like Gecko) Chrome/78.0.3904.108 Safari/537.36',
  'upgrade-insecure-requests' => '1',
  'connection' => 'close',
  'host' => 'local.lizi.com',
)
[ info ] [ PARAM ] array (
)
[ info ] [ DB ] INIT mysql
[ info ] [ RUN ] app\index\controller\Two->index[ C:\Users\Administrator\Desktop\phpEnv5.6.0-Green\www\lizi\application\index\controller\Two.php ]
[ info ] [ VIEW ] C:\Users\Administrator\Desktop\phpEnv5.6.0-Green\www\lizi\public/../application/index\view\two\index.html [ array (
  0 => 'config',
  1 => 'shouye',
  2 => 'content',
  3 => 'list',
  4 => 'categorys',
  5 => 'indexs',
) ]
[ info ] [ LOG ] INIT File
[ sql ] [ DB ] CONNECT:[ UseTime:0.002000s ] mysql:host=localhost;port=3306;dbname=lizi;charset=utf8mb4
[ sql ] [ SQL ] SHOW COLUMNS FROM `bear_config` [ RunTime:0.001000s ]
[ sql ] [ SQL ] SELECT * FROM `bear_config` WHERE  `id` = 1 LIMIT 1 [ RunTime:0.000000s ]
[ sql ] [ SQL ] SHOW COLUMNS FROM `bear_content` [ RunTime:0.001000s ]
[ sql ] [ SQL ] SELECT * FROM `bear_content` WHERE  `id` = 24 LIMIT 1 [ RunTime:0.000000s ]
[ sql ] [ SQL ] SELECT * FROM `bear_config` WHERE  `id` = 1 LIMIT 1 [ RunTime:0.001000s ]
[ sql ] [ SQL ] SELECT * FROM `bear_content` WHERE  `id` = 5 LIMIT 1 [ RunTime:0.000000s ]
[ sql ] [ SQL ] SHOW COLUMNS FROM `bear_goods` [ RunTime:0.001000s ]
[ sql ] [ SQL ] SELECT * FROM `bear_goods` WHERE  `status` = 1 ORDER BY `sort` DESC [ RunTime:0.001000s ]
[ sql ] [ SQL ] SHOW COLUMNS FROM `bear_good_cates` [ RunTime:0.000000s ]
[ sql ] [ SQL ] SELECT * FROM `bear_good_cates` ORDER BY `id` DESC [ RunTime:0.000000s ]
[ sql ] [ SQL ] SELECT * FROM `bear_content` WHERE  `id` = 24 LIMIT 1 [ RunTime:0.000000s ]
[ sql ] [ SQL ] SHOW COLUMNS FROM `bear_card` [ RunTime:0.000000s ]
[ sql ] [ SQL ] SELECT gid,count(kami) as num FROM `bear_card` WHERE  `over` = 0 GROUP BY `gid` [ RunTime:0.000000s ]
---------------------------------------------------------------
[ 2019-12-24T08:43:11+08:00 ] 127.0.0.1 GET /admin/order/person.html
[ info ] local.lizi.com/admin/order/person.html [运行时间：0.187011s][吞吐率：5.35req/s] [内存消耗：4,480.02kb] [文件加载：79]
[ info ] [ LANG ] C:\Users\Administrator\Desktop\phpEnv5.6.0-Green\www\lizi\thinkphp\lang\zh-cn.php
[ info ] [ ROUTE ] array (
  'type' => 'module',
  'module' => 
  array (
    0 => 'admin',
    1 => 'order',
    2 => 'person',
  ),
)
[ info ] [ HEADER ] array (
  'cookie' => 'thinkphp_show_page_trace=0|0; PHPSESSID=2s6pdkqnnk3v5umdthg4jo9d21; thinkphp_show_page_trace=0|0; Hm_lvt_a251280bf86f57cd4043cbbb98c55f57=1576905939,1577067900; Hm_lpvt_a251280bf86f57cd4043cbbb98c55f57=1577082887',
  'accept-language' => 'zh-CN,zh;q=0.9',
  'accept-encoding' => 'gzip, deflate',
  'referer' => 'http://local.lizi.com/admin/wconfig/setconfig.html',
  'accept' => 'text/html,application/xhtml+xml,application/xml;q=0.9,image/webp,image/apng,*/*;q=0.8,application/signed-exchange;v=b3',
  'user-agent' => 'Mozilla/5.0 (Windows NT 6.1; Win64; x64) AppleWebKit/537.36 (KHTML, like Gecko) Chrome/78.0.3904.108 Safari/537.36',
  'upgrade-insecure-requests' => '1',
  'connection' => 'close',
  'host' => 'local.lizi.com',
)
[ info ] [ PARAM ] array (
)
[ info ] [ DB ] INIT mysql
[ info ] [ SESSION ] INIT array (
  'id' => '',
  'var_session_id' => '',
  'prefix' => 'bearadmin_',
  'type' => '',
  'auto_start' => true,
)
[ info ] [ RUN ] app\admin\controller\Order->person[ C:\Users\Administrator\Desktop\phpEnv5.6.0-Green\www\lizi\application\admin\controller\Order.php ]
[ info ] [ VIEW ] C:\Users\Administrator\Desktop\phpEnv5.6.0-Green\www\lizi\public/../application/admin\view\order\person.html [ array (
  0 => 'goods',
  1 => 'goodes',
  2 => 'list',
  3 => 'info',
  4 => 'showDataHeader',
  5 => 'showDataHeaderAddButton',
  6 => 'showDataHeaderDeleteButton',
  7 => 'showFormHeader',
  8 => 'showFormHeaderBackButton',
  9 => 'showFormFooter',
  10 => 'showFormFooterSubmitButton',
  11 => 'showFormFooterResetButton',
  12 => 'webData',
) ]
[ info ] [ LOG ] INIT File
[ sql ] [ DB ] CONNECT:[ UseTime:0.011000s ] mysql:host=localhost;port=3306;dbname=lizi;charset=utf8mb4
[ sql ] [ SQL ] SHOW COLUMNS FROM `bear_admin_menus` [ RunTime:0.001000s ]
[ sql ] [ SQL ] SELECT * FROM `bear_admin_menus` WHERE  `url` = 'admin/order/person' LIMIT 1 [ RunTime:0.000000s ]
[ sql ] [ SQL ] SHOW COLUMNS FROM `bear_admin_users` [ RunTime:0.001000s ]
[ sql ] [ SQL ] SELECT * FROM `bear_admin_users` WHERE (  `id` = 1 ) AND `bear_admin_users`.`delete_time` IS NULL LIMIT 1 [ RunTime:0.001000s ]
[ sql ] [ SQL ] SHOW COLUMNS FROM `bear_order` [ RunTime:0.001000s ]
[ sql ] [ SQL ] SELECT COUNT(*) AS tp_count FROM `bear_order` WHERE  `huo` = 1  AND `is_delete` = 0 LIMIT 1 [ RunTime:0.000000s ]
[ sql ] [ SQL ] SELECT * FROM `bear_order` WHERE  `huo` = 1  AND `is_delete` = 0 LIMIT 0,15 [ RunTime:0.001000s ]
[ sql ] [ SQL ] SHOW COLUMNS FROM `bear_goods` [ RunTime:0.000000s ]
[ sql ] [ SQL ] SELECT * FROM `bear_goods` WHERE  `huo` = 1 [ RunTime:0.001001s ]
[ sql ] [ SQL ] SHOW COLUMNS FROM `bear_member` [ RunTime:0.001000s ]
[ sql ] [ SQL ] SELECT `id`,`account` FROM `bear_member` [ RunTime:0.000000s ]
[ sql ] [ SQL ] SHOW COLUMNS FROM `bear_admin_group_access` [ RunTime:0.001000s ]
[ sql ] [ SQL ] SELECT `AdminGroupAccess`.`uid`,`AdminGroupAccess`.`group_id`,`AdminGroups`.`name`,`AdminGroups`.`rules` FROM `bear_admin_group_access` `AdminGroupAccess` LEFT JOIN `bear_admin_groups` `AdminGroups` ON `AdminGroupAccess`.`group_id`=`AdminGroups`.`id` WHERE  (  AdminGroupAccess.uid='1' and AdminGroups.status=1 ) [ RunTime:0.000000s ]
[ sql ] [ SQL ] SELECT `condition`,`url`,`id` FROM `bear_admin_menus` WHERE  `id` IN (1,45,46,47,48,49,50,51,52,53,54,55,65,71,77,56,66,70,75,57,69,67,68,74,58,64,59,60,61,62,63,72,76,2,3,4,5,6,7,8,9,10,11,12,13,14,15,16,17,18,19,20,21,22,23,24,25,26,27,28,29,30,31,32,33,34,35,36,37,38,39,40,41,42,43,44)  AND `type` = 1  AND `status` = 1 [ RunTime:0.000000s ]
[ sql ] [ SQL ] SELECT * FROM `bear_admin_menus` WHERE  `is_show` = 1 ORDER BY `sort_id` ASC,`id` ASC [ RunTime:0.000000s ]
[ sql ] [ SQL ] SHOW COLUMNS FROM `bear_sysconfigs` [ RunTime:0.001000s ]
[ sql ] [ SQL ] SELECT * FROM `bear_sysconfigs` WHERE (  `code` = 'backend_name'  AND `status` = 1 ) AND `bear_sysconfigs`.`delete_time` IS NULL LIMIT 1 [ RunTime:0.001000s ]
---------------------------------------------------------------
[ 2019-12-24T08:43:12+08:00 ] 127.0.0.1 GET /admin/order/dorder.html
[ info ] local.lizi.com/admin/order/dorder.html [运行时间：0.127007s][吞吐率：7.87req/s] [内存消耗：4,276.57kb] [文件加载：76]
[ info ] [ LANG ] C:\Users\Administrator\Desktop\phpEnv5.6.0-Green\www\lizi\thinkphp\lang\zh-cn.php
[ info ] [ ROUTE ] array (
  'type' => 'module',
  'module' => 
  array (
    0 => 'admin',
    1 => 'order',
    2 => 'dorder',
  ),
)
[ info ] [ HEADER ] array (
  'cookie' => 'thinkphp_show_page_trace=0|0; PHPSESSID=2s6pdkqnnk3v5umdthg4jo9d21; thinkphp_show_page_trace=0|0; Hm_lvt_a251280bf86f57cd4043cbbb98c55f57=1576905939,1577067900; Hm_lpvt_a251280bf86f57cd4043cbbb98c55f57=1577082887',
  'accept-language' => 'zh-CN,zh;q=0.9',
  'accept-encoding' => 'gzip, deflate',
  'referer' => 'http://local.lizi.com/admin/order/person.html',
  'accept' => 'text/html,application/xhtml+xml,application/xml;q=0.9,image/webp,image/apng,*/*;q=0.8,application/signed-exchange;v=b3',
  'user-agent' => 'Mozilla/5.0 (Windows NT 6.1; Win64; x64) AppleWebKit/537.36 (KHTML, like Gecko) Chrome/78.0.3904.108 Safari/537.36',
  'upgrade-insecure-requests' => '1',
  'connection' => 'close',
  'host' => 'local.lizi.com',
)
[ info ] [ PARAM ] array (
)
[ info ] [ DB ] INIT mysql
[ info ] [ SESSION ] INIT array (
  'id' => '',
  'var_session_id' => '',
  'prefix' => 'bearadmin_',
  'type' => '',
  'auto_start' => true,
)
[ info ] [ RUN ] app\admin\controller\Order->dorder[ C:\Users\Administrator\Desktop\phpEnv5.6.0-Green\www\lizi\application\admin\controller\Order.php ]
[ info ] [ VIEW ] C:\Users\Administrator\Desktop\phpEnv5.6.0-Green\www\lizi\public/../application/admin\view\order\dorder.html [ array (
  0 => 'showDataHeader',
  1 => 'showDataHeaderAddButton',
  2 => 'showDataHeaderDeleteButton',
  3 => 'showFormHeader',
  4 => 'showFormHeaderBackButton',
  5 => 'showFormFooter',
  6 => 'showFormFooterSubmitButton',
  7 => 'showFormFooterResetButton',
  8 => 'webData',
) ]
[ info ] [ LOG ] INIT File
[ sql ] [ DB ] CONNECT:[ UseTime:0.011001s ] mysql:host=localhost;port=3306;dbname=lizi;charset=utf8mb4
[ sql ] [ SQL ] SHOW COLUMNS FROM `bear_admin_menus` [ RunTime:0.001000s ]
[ sql ] [ SQL ] SELECT * FROM `bear_admin_menus` WHERE  `url` = 'admin/order/dorder' LIMIT 1 [ RunTime:0.001000s ]
[ sql ] [ SQL ] SHOW COLUMNS FROM `bear_admin_users` [ RunTime:0.001000s ]
[ sql ] [ SQL ] SELECT * FROM `bear_admin_users` WHERE (  `id` = 1 ) AND `bear_admin_users`.`delete_time` IS NULL LIMIT 1 [ RunTime:0.001000s ]
[ sql ] [ SQL ] SHOW COLUMNS FROM `bear_admin_group_access` [ RunTime:0.001000s ]
[ sql ] [ SQL ] SELECT `AdminGroupAccess`.`uid`,`AdminGroupAccess`.`group_id`,`AdminGroups`.`name`,`AdminGroups`.`rules` FROM `bear_admin_group_access` `AdminGroupAccess` LEFT JOIN `bear_admin_groups` `AdminGroups` ON `AdminGroupAccess`.`group_id`=`AdminGroups`.`id` WHERE  (  AdminGroupAccess.uid='1' and AdminGroups.status=1 ) [ RunTime:0.000000s ]
[ sql ] [ SQL ] SELECT `condition`,`url`,`id` FROM `bear_admin_menus` WHERE  `id` IN (1,45,46,47,48,49,50,51,52,53,54,55,65,71,77,56,66,70,75,57,69,67,68,74,58,64,59,60,61,62,63,72,76,2,3,4,5,6,7,8,9,10,11,12,13,14,15,16,17,18,19,20,21,22,23,24,25,26,27,28,29,30,31,32,33,34,35,36,37,38,39,40,41,42,43,44)  AND `type` = 1  AND `status` = 1 [ RunTime:0.000000s ]
[ sql ] [ SQL ] SELECT * FROM `bear_admin_menus` WHERE  `is_show` = 1 ORDER BY `sort_id` ASC,`id` ASC [ RunTime:0.001001s ]
[ sql ] [ SQL ] SHOW COLUMNS FROM `bear_sysconfigs` [ RunTime:0.001000s ]
[ sql ] [ SQL ] SELECT * FROM `bear_sysconfigs` WHERE (  `code` = 'backend_name'  AND `status` = 1 ) AND `bear_sysconfigs`.`delete_time` IS NULL LIMIT 1 [ RunTime:0.001000s ]
---------------------------------------------------------------
[ 2019-12-24T08:43:13+08:00 ] 127.0.0.1 GET /admin/order/person.html
[ info ] local.lizi.com/admin/order/person.html [运行时间：0.128007s][吞吐率：7.81req/s] [内存消耗：4,479.97kb] [文件加载：79]
[ info ] [ LANG ] C:\Users\Administrator\Desktop\phpEnv5.6.0-Green\www\lizi\thinkphp\lang\zh-cn.php
[ info ] [ ROUTE ] array (
  'type' => 'module',
  'module' => 
  array (
    0 => 'admin',
    1 => 'order',
    2 => 'person',
  ),
)
[ info ] [ HEADER ] array (
  'cookie' => 'thinkphp_show_page_trace=0|0; PHPSESSID=2s6pdkqnnk3v5umdthg4jo9d21; thinkphp_show_page_trace=0|0; Hm_lvt_a251280bf86f57cd4043cbbb98c55f57=1576905939,1577067900; Hm_lpvt_a251280bf86f57cd4043cbbb98c55f57=1577082887',
  'accept-language' => 'zh-CN,zh;q=0.9',
  'accept-encoding' => 'gzip, deflate',
  'referer' => 'http://local.lizi.com/admin/order/dorder.html',
  'accept' => 'text/html,application/xhtml+xml,application/xml;q=0.9,image/webp,image/apng,*/*;q=0.8,application/signed-exchange;v=b3',
  'user-agent' => 'Mozilla/5.0 (Windows NT 6.1; Win64; x64) AppleWebKit/537.36 (KHTML, like Gecko) Chrome/78.0.3904.108 Safari/537.36',
  'upgrade-insecure-requests' => '1',
  'connection' => 'close',
  'host' => 'local.lizi.com',
)
[ info ] [ PARAM ] array (
)
[ info ] [ DB ] INIT mysql
[ info ] [ SESSION ] INIT array (
  'id' => '',
  'var_session_id' => '',
  'prefix' => 'bearadmin_',
  'type' => '',
  'auto_start' => true,
)
[ info ] [ RUN ] app\admin\controller\Order->person[ C:\Users\Administrator\Desktop\phpEnv5.6.0-Green\www\lizi\application\admin\controller\Order.php ]
[ info ] [ VIEW ] C:\Users\Administrator\Desktop\phpEnv5.6.0-Green\www\lizi\public/../application/admin\view\order\person.html [ array (
  0 => 'goods',
  1 => 'goodes',
  2 => 'list',
  3 => 'info',
  4 => 'showDataHeader',
  5 => 'showDataHeaderAddButton',
  6 => 'showDataHeaderDeleteButton',
  7 => 'showFormHeader',
  8 => 'showFormHeaderBackButton',
  9 => 'showFormFooter',
  10 => 'showFormFooterSubmitButton',
  11 => 'showFormFooterResetButton',
  12 => 'webData',
) ]
[ info ] [ LOG ] INIT File
[ sql ] [ DB ] CONNECT:[ UseTime:0.002001s ] mysql:host=localhost;port=3306;dbname=lizi;charset=utf8mb4
[ sql ] [ SQL ] SHOW COLUMNS FROM `bear_admin_menus` [ RunTime:0.001000s ]
[ sql ] [ SQL ] SELECT * FROM `bear_admin_menus` WHERE  `url` = 'admin/order/person' LIMIT 1 [ RunTime:0.000000s ]
[ sql ] [ SQL ] SHOW COLUMNS FROM `bear_admin_users` [ RunTime:0.001000s ]
[ sql ] [ SQL ] SELECT * FROM `bear_admin_users` WHERE (  `id` = 1 ) AND `bear_admin_users`.`delete_time` IS NULL LIMIT 1 [ RunTime:0.000000s ]
[ sql ] [ SQL ] SHOW COLUMNS FROM `bear_order` [ RunTime:0.001000s ]
[ sql ] [ SQL ] SELECT COUNT(*) AS tp_count FROM `bear_order` WHERE  `huo` = 1  AND `is_delete` = 0 LIMIT 1 [ RunTime:0.000000s ]
[ sql ] [ SQL ] SELECT * FROM `bear_order` WHERE  `huo` = 1  AND `is_delete` = 0 LIMIT 0,15 [ RunTime:0.000000s ]
[ sql ] [ SQL ] SHOW COLUMNS FROM `bear_goods` [ RunTime:0.000000s ]
[ sql ] [ SQL ] SELECT * FROM `bear_goods` WHERE  `huo` = 1 [ RunTime:0.000000s ]
[ sql ] [ SQL ] SHOW COLUMNS FROM `bear_member` [ RunTime:0.000000s ]
[ sql ] [ SQL ] SELECT `id`,`account` FROM `bear_member` [ RunTime:0.000000s ]
[ sql ] [ SQL ] SHOW COLUMNS FROM `bear_admin_group_access` [ RunTime:0.001000s ]
[ sql ] [ SQL ] SELECT `AdminGroupAccess`.`uid`,`AdminGroupAccess`.`group_id`,`AdminGroups`.`name`,`AdminGroups`.`rules` FROM `bear_admin_group_access` `AdminGroupAccess` LEFT JOIN `bear_admin_groups` `AdminGroups` ON `AdminGroupAccess`.`group_id`=`AdminGroups`.`id` WHERE  (  AdminGroupAccess.uid='1' and AdminGroups.status=1 ) [ RunTime:0.000000s ]
[ sql ] [ SQL ] SELECT `condition`,`url`,`id` FROM `bear_admin_menus` WHERE  `id` IN (1,45,46,47,48,49,50,51,52,53,54,55,65,71,77,56,66,70,75,57,69,67,68,74,58,64,59,60,61,62,63,72,76,2,3,4,5,6,7,8,9,10,11,12,13,14,15,16,17,18,19,20,21,22,23,24,25,26,27,28,29,30,31,32,33,34,35,36,37,38,39,40,41,42,43,44)  AND `type` = 1  AND `status` = 1 [ RunTime:0.000000s ]
[ sql ] [ SQL ] SELECT * FROM `bear_admin_menus` WHERE  `is_show` = 1 ORDER BY `sort_id` ASC,`id` ASC [ RunTime:0.000000s ]
[ sql ] [ SQL ] SHOW COLUMNS FROM `bear_sysconfigs` [ RunTime:0.001000s ]
[ sql ] [ SQL ] SELECT * FROM `bear_sysconfigs` WHERE (  `code` = 'backend_name'  AND `status` = 1 ) AND `bear_sysconfigs`.`delete_time` IS NULL LIMIT 1 [ RunTime:0.000000s ]
---------------------------------------------------------------
[ 2019-12-24T08:43:16+08:00 ] 127.0.0.1 GET /admin/order/person.html
[ info ] local.lizi.com/admin/order/person.html [运行时间：0.112006s][吞吐率：8.93req/s] [内存消耗：4,480.56kb] [文件加载：79]
[ info ] [ LANG ] C:\Users\Administrator\Desktop\phpEnv5.6.0-Green\www\lizi\thinkphp\lang\zh-cn.php
[ info ] [ ROUTE ] array (
  'type' => 'module',
  'module' => 
  array (
    0 => 'admin',
    1 => 'order',
    2 => 'person',
  ),
)
[ info ] [ HEADER ] array (
  'cookie' => 'thinkphp_show_page_trace=0|0; PHPSESSID=2s6pdkqnnk3v5umdthg4jo9d21; thinkphp_show_page_trace=0|0; Hm_lvt_a251280bf86f57cd4043cbbb98c55f57=1576905939,1577067900; Hm_lpvt_a251280bf86f57cd4043cbbb98c55f57=1577082887',
  'accept-language' => 'zh-CN,zh;q=0.9',
  'accept-encoding' => 'gzip, deflate',
  'referer' => 'http://local.lizi.com/admin/order/dorder.html',
  'accept' => 'text/html,application/xhtml+xml,application/xml;q=0.9,image/webp,image/apng,*/*;q=0.8,application/signed-exchange;v=b3',
  'user-agent' => 'Mozilla/5.0 (Windows NT 6.1; Win64; x64) AppleWebKit/537.36 (KHTML, like Gecko) Chrome/78.0.3904.108 Safari/537.36',
  'upgrade-insecure-requests' => '1',
  'cache-control' => 'max-age=0',
  'connection' => 'close',
  'host' => 'local.lizi.com',
)
[ info ] [ PARAM ] array (
)
[ info ] [ DB ] INIT mysql
[ info ] [ SESSION ] INIT array (
  'id' => '',
  'var_session_id' => '',
  'prefix' => 'bearadmin_',
  'type' => '',
  'auto_start' => true,
)
[ info ] [ RUN ] app\admin\controller\Order->person[ C:\Users\Administrator\Desktop\phpEnv5.6.0-Green\www\lizi\application\admin\controller\Order.php ]
[ info ] [ VIEW ] C:\Users\Administrator\Desktop\phpEnv5.6.0-Green\www\lizi\public/../application/admin\view\order\person.html [ array (
  0 => 'goods',
  1 => 'goodes',
  2 => 'list',
  3 => 'info',
  4 => 'showDataHeader',
  5 => 'showDataHeaderAddButton',
  6 => 'showDataHeaderDeleteButton',
  7 => 'showFormHeader',
  8 => 'showFormHeaderBackButton',
  9 => 'showFormFooter',
  10 => 'showFormFooterSubmitButton',
  11 => 'showFormFooterResetButton',
  12 => 'webData',
) ]
[ info ] [ LOG ] INIT File
[ sql ] [ DB ] CONNECT:[ UseTime:0.010000s ] mysql:host=localhost;port=3306;dbname=lizi;charset=utf8mb4
[ sql ] [ SQL ] SHOW COLUMNS FROM `bear_admin_menus` [ RunTime:0.000000s ]
[ sql ] [ SQL ] SELECT * FROM `bear_admin_menus` WHERE  `url` = 'admin/order/person' LIMIT 1 [ RunTime:0.001000s ]
[ sql ] [ SQL ] SHOW COLUMNS FROM `bear_admin_users` [ RunTime:0.001000s ]
[ sql ] [ SQL ] SELECT * FROM `bear_admin_users` WHERE (  `id` = 1 ) AND `bear_admin_users`.`delete_time` IS NULL LIMIT 1 [ RunTime:0.001000s ]
[ sql ] [ SQL ] SHOW COLUMNS FROM `bear_order` [ RunTime:0.000000s ]
[ sql ] [ SQL ] SELECT COUNT(*) AS tp_count FROM `bear_order` WHERE  `huo` = 1  AND `is_delete` = 0 LIMIT 1 [ RunTime:0.000000s ]
[ sql ] [ SQL ] SELECT * FROM `bear_order` WHERE  `huo` = 1  AND `is_delete` = 0 LIMIT 0,15 [ RunTime:0.001000s ]
[ sql ] [ SQL ] SHOW COLUMNS FROM `bear_goods` [ RunTime:0.000000s ]
[ sql ] [ SQL ] SELECT * FROM `bear_goods` WHERE  `huo` = 1 [ RunTime:0.001000s ]
[ sql ] [ SQL ] SHOW COLUMNS FROM `bear_member` [ RunTime:0.000000s ]
[ sql ] [ SQL ] SELECT `id`,`account` FROM `bear_member` [ RunTime:0.001000s ]
[ sql ] [ SQL ] SHOW COLUMNS FROM `bear_admin_group_access` [ RunTime:0.000000s ]
[ sql ] [ SQL ] SELECT `AdminGroupAccess`.`uid`,`AdminGroupAccess`.`group_id`,`AdminGroups`.`name`,`AdminGroups`.`rules` FROM `bear_admin_group_access` `AdminGroupAccess` LEFT JOIN `bear_admin_groups` `AdminGroups` ON `AdminGroupAccess`.`group_id`=`AdminGroups`.`id` WHERE  (  AdminGroupAccess.uid='1' and AdminGroups.status=1 ) [ RunTime:0.001000s ]
[ sql ] [ SQL ] SELECT `condition`,`url`,`id` FROM `bear_admin_menus` WHERE  `id` IN (1,45,46,47,48,49,50,51,52,53,54,55,65,71,77,56,66,70,75,57,69,67,68,74,58,64,59,60,61,62,63,72,76,2,3,4,5,6,7,8,9,10,11,12,13,14,15,16,17,18,19,20,21,22,23,24,25,26,27,28,29,30,31,32,33,34,35,36,37,38,39,40,41,42,43,44)  AND `type` = 1  AND `status` = 1 [ RunTime:0.001000s ]
[ sql ] [ SQL ] SELECT * FROM `bear_admin_menus` WHERE  `is_show` = 1 ORDER BY `sort_id` ASC,`id` ASC [ RunTime:0.000000s ]
[ sql ] [ SQL ] SHOW COLUMNS FROM `bear_sysconfigs` [ RunTime:0.000000s ]
[ sql ] [ SQL ] SELECT * FROM `bear_sysconfigs` WHERE (  `code` = 'backend_name'  AND `status` = 1 ) AND `bear_sysconfigs`.`delete_time` IS NULL LIMIT 1 [ RunTime:0.000000s ]
---------------------------------------------------------------
[ 2019-12-24T08:43:17+08:00 ] 127.0.0.1 GET /admin/order/pedit.html?id=66
[ info ] local.lizi.com/admin/order/pedit.html?id=66 [运行时间：0.123007s][吞吐率：8.13req/s] [内存消耗：4,290.41kb] [文件加载：76]
[ info ] [ LANG ] C:\Users\Administrator\Desktop\phpEnv5.6.0-Green\www\lizi\thinkphp\lang\zh-cn.php
[ info ] [ ROUTE ] array (
  'type' => 'module',
  'module' => 
  array (
    0 => 'admin',
    1 => 'order',
    2 => 'pedit',
  ),
)
[ info ] [ HEADER ] array (
  'cookie' => 'thinkphp_show_page_trace=0|0; PHPSESSID=2s6pdkqnnk3v5umdthg4jo9d21; thinkphp_show_page_trace=0|0; Hm_lvt_a251280bf86f57cd4043cbbb98c55f57=1576905939,1577067900; Hm_lpvt_a251280bf86f57cd4043cbbb98c55f57=1577082887',
  'accept-language' => 'zh-CN,zh;q=0.9',
  'accept-encoding' => 'gzip, deflate',
  'referer' => 'http://local.lizi.com/admin/order/person.html',
  'accept' => 'text/html,application/xhtml+xml,application/xml;q=0.9,image/webp,image/apng,*/*;q=0.8,application/signed-exchange;v=b3',
  'user-agent' => 'Mozilla/5.0 (Windows NT 6.1; Win64; x64) AppleWebKit/537.36 (KHTML, like Gecko) Chrome/78.0.3904.108 Safari/537.36',
  'upgrade-insecure-requests' => '1',
  'connection' => 'close',
  'host' => 'local.lizi.com',
)
[ info ] [ PARAM ] array (
  'id' => '66',
)
[ info ] [ DB ] INIT mysql
[ info ] [ SESSION ] INIT array (
  'id' => '',
  'var_session_id' => '',
  'prefix' => 'bearadmin_',
  'type' => '',
  'auto_start' => true,
)
[ info ] [ RUN ] app\admin\controller\Order->pedit[ C:\Users\Administrator\Desktop\phpEnv5.6.0-Green\www\lizi\application\admin\controller\Order.php ]
[ info ] [ VIEW ] C:\Users\Administrator\Desktop\phpEnv5.6.0-Green\www\lizi\public/../application/admin\view\order\pedit.html [ array (
  0 => 'info',
  1 => 'goods',
  2 => 'showDataHeader',
  3 => 'showDataHeaderAddButton',
  4 => 'showDataHeaderDeleteButton',
  5 => 'showFormHeader',
  6 => 'showFormHeaderBackButton',
  7 => 'showFormFooter',
  8 => 'showFormFooterSubmitButton',
  9 => 'showFormFooterResetButton',
  10 => 'webData',
) ]
[ info ] [ LOG ] INIT File
[ sql ] [ DB ] CONNECT:[ UseTime:0.011001s ] mysql:host=localhost;port=3306;dbname=lizi;charset=utf8mb4
[ sql ] [ SQL ] SHOW COLUMNS FROM `bear_admin_menus` [ RunTime:0.001000s ]
[ sql ] [ SQL ] SELECT * FROM `bear_admin_menus` WHERE  `url` = 'admin/order/pedit' LIMIT 1 [ RunTime:0.001000s ]
[ sql ] [ SQL ] SHOW COLUMNS FROM `bear_admin_users` [ RunTime:0.001000s ]
[ sql ] [ SQL ] SELECT * FROM `bear_admin_users` WHERE (  `id` = 1 ) AND `bear_admin_users`.`delete_time` IS NULL LIMIT 1 [ RunTime:0.000000s ]
[ sql ] [ SQL ] SHOW COLUMNS FROM `bear_order` [ RunTime:0.000000s ]
[ sql ] [ SQL ] SELECT * FROM `bear_order` WHERE  `id` = 66  AND `huo` = 1  AND `is_delete` = 0 LIMIT 1 [ RunTime:0.000000s ]
[ sql ] [ SQL ] SHOW COLUMNS FROM `bear_goods` [ RunTime:0.001000s ]
[ sql ] [ SQL ] SELECT `id`,`title` FROM `bear_goods` [ RunTime:0.000000s ]
[ sql ] [ SQL ] SHOW COLUMNS FROM `bear_admin_group_access` [ RunTime:0.001000s ]
[ sql ] [ SQL ] SELECT `AdminGroupAccess`.`uid`,`AdminGroupAccess`.`group_id`,`AdminGroups`.`name`,`AdminGroups`.`rules` FROM `bear_admin_group_access` `AdminGroupAccess` LEFT JOIN `bear_admin_groups` `AdminGroups` ON `AdminGroupAccess`.`group_id`=`AdminGroups`.`id` WHERE  (  AdminGroupAccess.uid='1' and AdminGroups.status=1 ) [ RunTime:0.001000s ]
[ sql ] [ SQL ] SELECT `condition`,`url`,`id` FROM `bear_admin_menus` WHERE  `id` IN (1,45,46,47,48,49,50,51,52,53,54,55,65,71,77,56,66,70,75,57,69,67,68,74,58,64,59,60,61,62,63,72,76,2,3,4,5,6,7,8,9,10,11,12,13,14,15,16,17,18,19,20,21,22,23,24,25,26,27,28,29,30,31,32,33,34,35,36,37,38,39,40,41,42,43,44)  AND `type` = 1  AND `status` = 1 [ RunTime:0.001001s ]
[ sql ] [ SQL ] SELECT * FROM `bear_admin_menus` WHERE  `is_show` = 1 ORDER BY `sort_id` ASC,`id` ASC [ RunTime:0.000000s ]
[ sql ] [ SQL ] SHOW COLUMNS FROM `bear_sysconfigs` [ RunTime:0.001000s ]
[ sql ] [ SQL ] SELECT * FROM `bear_sysconfigs` WHERE (  `code` = 'backend_name'  AND `status` = 1 ) AND `bear_sysconfigs`.`delete_time` IS NULL LIMIT 1 [ RunTime:0.000000s ]
---------------------------------------------------------------
[ 2019-12-24T08:43:31+08:00 ] 127.0.0.1 GET /admin/order/pedit.html?id=64
[ info ] local.lizi.com/admin/order/pedit.html?id=64 [运行时间：0.114007s][吞吐率：8.77req/s] [内存消耗：4,290.92kb] [文件加载：76]
[ info ] [ LANG ] C:\Users\Administrator\Desktop\phpEnv5.6.0-Green\www\lizi\thinkphp\lang\zh-cn.php
[ info ] [ ROUTE ] array (
  'type' => 'module',
  'module' => 
  array (
    0 => 'admin',
    1 => 'order',
    2 => 'pedit',
  ),
)
[ info ] [ HEADER ] array (
  'cookie' => 'thinkphp_show_page_trace=0|0; PHPSESSID=2s6pdkqnnk3v5umdthg4jo9d21; thinkphp_show_page_trace=0|0; Hm_lvt_a251280bf86f57cd4043cbbb98c55f57=1576905939,1577067900; Hm_lpvt_a251280bf86f57cd4043cbbb98c55f57=1577082887',
  'accept-language' => 'zh-CN,zh;q=0.9',
  'accept-encoding' => 'gzip, deflate',
  'referer' => 'http://local.lizi.com/admin/order/person.html',
  'accept' => 'text/html,application/xhtml+xml,application/xml;q=0.9,image/webp,image/apng,*/*;q=0.8,application/signed-exchange;v=b3',
  'user-agent' => 'Mozilla/5.0 (Windows NT 6.1; Win64; x64) AppleWebKit/537.36 (KHTML, like Gecko) Chrome/78.0.3904.108 Safari/537.36',
  'upgrade-insecure-requests' => '1',
  'connection' => 'close',
  'host' => 'local.lizi.com',
)
[ info ] [ PARAM ] array (
  'id' => '64',
)
[ info ] [ DB ] INIT mysql
[ info ] [ SESSION ] INIT array (
  'id' => '',
  'var_session_id' => '',
  'prefix' => 'bearadmin_',
  'type' => '',
  'auto_start' => true,
)
[ info ] [ RUN ] app\admin\controller\Order->pedit[ C:\Users\Administrator\Desktop\phpEnv5.6.0-Green\www\lizi\application\admin\controller\Order.php ]
[ info ] [ VIEW ] C:\Users\Administrator\Desktop\phpEnv5.6.0-Green\www\lizi\public/../application/admin\view\order\pedit.html [ array (
  0 => 'info',
  1 => 'goods',
  2 => 'showDataHeader',
  3 => 'showDataHeaderAddButton',
  4 => 'showDataHeaderDeleteButton',
  5 => 'showFormHeader',
  6 => 'showFormHeaderBackButton',
  7 => 'showFormFooter',
  8 => 'showFormFooterSubmitButton',
  9 => 'showFormFooterResetButton',
  10 => 'webData',
) ]
[ info ] [ LOG ] INIT File
[ sql ] [ DB ] CONNECT:[ UseTime:0.002000s ] mysql:host=localhost;port=3306;dbname=lizi;charset=utf8mb4
[ sql ] [ SQL ] SHOW COLUMNS FROM `bear_admin_menus` [ RunTime:0.000000s ]
[ sql ] [ SQL ] SELECT * FROM `bear_admin_menus` WHERE  `url` = 'admin/order/pedit' LIMIT 1 [ RunTime:0.000000s ]
[ sql ] [ SQL ] SHOW COLUMNS FROM `bear_admin_users` [ RunTime:0.001000s ]
[ sql ] [ SQL ] SELECT * FROM `bear_admin_users` WHERE (  `id` = 1 ) AND `bear_admin_users`.`delete_time` IS NULL LIMIT 1 [ RunTime:0.000000s ]
[ sql ] [ SQL ] SHOW COLUMNS FROM `bear_order` [ RunTime:0.001000s ]
[ sql ] [ SQL ] SELECT * FROM `bear_order` WHERE  `id` = 64  AND `huo` = 1  AND `is_delete` = 0 LIMIT 1 [ RunTime:0.001001s ]
[ sql ] [ SQL ] SHOW COLUMNS FROM `bear_goods` [ RunTime:0.001000s ]
[ sql ] [ SQL ] SELECT `id`,`title` FROM `bear_goods` [ RunTime:0.000000s ]
[ sql ] [ SQL ] SHOW COLUMNS FROM `bear_admin_group_access` [ RunTime:0.001000s ]
[ sql ] [ SQL ] SELECT `AdminGroupAccess`.`uid`,`AdminGroupAccess`.`group_id`,`AdminGroups`.`name`,`AdminGroups`.`rules` FROM `bear_admin_group_access` `AdminGroupAccess` LEFT JOIN `bear_admin_groups` `AdminGroups` ON `AdminGroupAccess`.`group_id`=`AdminGroups`.`id` WHERE  (  AdminGroupAccess.uid='1' and AdminGroups.status=1 ) [ RunTime:0.001000s ]
[ sql ] [ SQL ] SELECT `condition`,`url`,`id` FROM `bear_admin_menus` WHERE  `id` IN (1,45,46,47,48,49,50,51,52,53,54,55,65,71,77,56,66,70,75,57,69,67,68,74,58,64,59,60,61,62,63,72,76,2,3,4,5,6,7,8,9,10,11,12,13,14,15,16,17,18,19,20,21,22,23,24,25,26,27,28,29,30,31,32,33,34,35,36,37,38,39,40,41,42,43,44)  AND `type` = 1  AND `status` = 1 [ RunTime:0.001000s ]
[ sql ] [ SQL ] SELECT * FROM `bear_admin_menus` WHERE  `is_show` = 1 ORDER BY `sort_id` ASC,`id` ASC [ RunTime:0.001000s ]
[ sql ] [ SQL ] SHOW COLUMNS FROM `bear_sysconfigs` [ RunTime:0.001000s ]
[ sql ] [ SQL ] SELECT * FROM `bear_sysconfigs` WHERE (  `code` = 'backend_name'  AND `status` = 1 ) AND `bear_sysconfigs`.`delete_time` IS NULL LIMIT 1 [ RunTime:0.000000s ]
---------------------------------------------------------------
[ 2019-12-24T08:46:13+08:00 ] 127.0.0.1 GET /admin/member/index.html
[ info ] local.lizi.com/admin/member/index.html [运行时间：0.111006s][吞吐率：9.01req/s] [内存消耗：4,425.73kb] [文件加载：79]
[ info ] [ LANG ] C:\Users\Administrator\Desktop\phpEnv5.6.0-Green\www\lizi\thinkphp\lang\zh-cn.php
[ info ] [ ROUTE ] array (
  'type' => 'module',
  'module' => 
  array (
    0 => 'admin',
    1 => 'member',
    2 => 'index',
  ),
)
[ info ] [ HEADER ] array (
  'cookie' => 'thinkphp_show_page_trace=0|0; PHPSESSID=2s6pdkqnnk3v5umdthg4jo9d21; thinkphp_show_page_trace=0|0; Hm_lvt_a251280bf86f57cd4043cbbb98c55f57=1576905939,1577067900; Hm_lpvt_a251280bf86f57cd4043cbbb98c55f57=1577082887',
  'accept-language' => 'zh-CN,zh;q=0.9',
  'accept-encoding' => 'gzip, deflate',
  'referer' => 'http://local.lizi.com/admin/order/person.html',
  'accept' => 'text/html,application/xhtml+xml,application/xml;q=0.9,image/webp,image/apng,*/*;q=0.8,application/signed-exchange;v=b3',
  'user-agent' => 'Mozilla/5.0 (Windows NT 6.1; Win64; x64) AppleWebKit/537.36 (KHTML, like Gecko) Chrome/78.0.3904.108 Safari/537.36',
  'upgrade-insecure-requests' => '1',
  'connection' => 'close',
  'host' => 'local.lizi.com',
)
[ info ] [ PARAM ] array (
)
[ info ] [ DB ] INIT mysql
[ info ] [ SESSION ] INIT array (
  'id' => '',
  'var_session_id' => '',
  'prefix' => 'bearadmin_',
  'type' => '',
  'auto_start' => true,
)
[ info ] [ RUN ] app\admin\controller\Member->index[ C:\Users\Administrator\Desktop\phpEnv5.6.0-Green\www\lizi\application\admin\controller\Member.php ]
[ info ] [ VIEW ] C:\Users\Administrator\Desktop\phpEnv5.6.0-Green\www\lizi\public/../application/admin\view\member\index.html [ array (
  0 => 'list',
  1 => 'showDataHeader',
  2 => 'showDataHeaderAddButton',
  3 => 'showDataHeaderDeleteButton',
  4 => 'showFormHeader',
  5 => 'showFormHeaderBackButton',
  6 => 'showFormFooter',
  7 => 'showFormFooterSubmitButton',
  8 => 'showFormFooterResetButton',
  9 => 'webData',
) ]
[ info ] [ LOG ] INIT File
[ sql ] [ DB ] CONNECT:[ UseTime:0.001000s ] mysql:host=localhost;port=3306;dbname=lizi;charset=utf8mb4
[ sql ] [ SQL ] SHOW COLUMNS FROM `bear_admin_menus` [ RunTime:0.001000s ]
[ sql ] [ SQL ] SELECT * FROM `bear_admin_menus` WHERE  `url` = 'admin/member/index' LIMIT 1 [ RunTime:0.001001s ]
[ sql ] [ SQL ] SHOW COLUMNS FROM `bear_admin_users` [ RunTime:0.001000s ]
[ sql ] [ SQL ] SELECT * FROM `bear_admin_users` WHERE (  `id` = 1 ) AND `bear_admin_users`.`delete_time` IS NULL LIMIT 1 [ RunTime:0.001000s ]
[ sql ] [ SQL ] SHOW COLUMNS FROM `bear_member` [ RunTime:0.001000s ]
[ sql ] [ SQL ] SELECT COUNT(*) AS tp_count FROM `bear_member` WHERE  `status` = 1 LIMIT 1 [ RunTime:0.000000s ]
[ sql ] [ SQL ] SELECT * FROM `bear_member` WHERE  `status` = 1 ORDER BY `id` DESC LIMIT 0,10 [ RunTime:0.000000s ]
[ sql ] [ SQL ] SHOW COLUMNS FROM `bear_admin_group_access` [ RunTime:0.001000s ]
[ sql ] [ SQL ] SELECT `AdminGroupAccess`.`uid`,`AdminGroupAccess`.`group_id`,`AdminGroups`.`name`,`AdminGroups`.`rules` FROM `bear_admin_group_access` `AdminGroupAccess` LEFT JOIN `bear_admin_groups` `AdminGroups` ON `AdminGroupAccess`.`group_id`=`AdminGroups`.`id` WHERE  (  AdminGroupAccess.uid='1' and AdminGroups.status=1 ) [ RunTime:0.000000s ]
[ sql ] [ SQL ] SELECT `condition`,`url`,`id` FROM `bear_admin_menus` WHERE  `id` IN (1,45,46,47,48,49,50,51,52,53,54,55,65,71,77,56,66,70,75,57,69,67,68,74,58,64,59,60,61,62,63,72,76,2,3,4,5,6,7,8,9,10,11,12,13,14,15,16,17,18,19,20,21,22,23,24,25,26,27,28,29,30,31,32,33,34,35,36,37,38,39,40,41,42,43,44)  AND `type` = 1  AND `status` = 1 [ RunTime:0.000000s ]
[ sql ] [ SQL ] SELECT * FROM `bear_admin_menus` WHERE  `is_show` = 1 ORDER BY `sort_id` ASC,`id` ASC [ RunTime:0.000000s ]
[ sql ] [ SQL ] SHOW COLUMNS FROM `bear_sysconfigs` [ RunTime:0.001000s ]
[ sql ] [ SQL ] SELECT * FROM `bear_sysconfigs` WHERE (  `code` = 'backend_name'  AND `status` = 1 ) AND `bear_sysconfigs`.`delete_time` IS NULL LIMIT 1 [ RunTime:0.000000s ]
---------------------------------------------------------------
[ 2019-12-24T08:46:14+08:00 ] 127.0.0.1 GET /admin/order/chong.html
[ info ] local.lizi.com/admin/order/chong.html [运行时间：0.131008s][吞吐率：7.63req/s] [内存消耗：4,276.10kb] [文件加载：76]
[ info ] [ LANG ] C:\Users\Administrator\Desktop\phpEnv5.6.0-Green\www\lizi\thinkphp\lang\zh-cn.php
[ info ] [ ROUTE ] array (
  'type' => 'module',
  'module' => 
  array (
    0 => 'admin',
    1 => 'order',
    2 => 'chong',
  ),
)
[ info ] [ HEADER ] array (
  'cookie' => 'thinkphp_show_page_trace=0|0; PHPSESSID=2s6pdkqnnk3v5umdthg4jo9d21; thinkphp_show_page_trace=0|0; Hm_lvt_a251280bf86f57cd4043cbbb98c55f57=1576905939,1577067900; Hm_lpvt_a251280bf86f57cd4043cbbb98c55f57=1577082887',
  'accept-language' => 'zh-CN,zh;q=0.9',
  'accept-encoding' => 'gzip, deflate',
  'referer' => 'http://local.lizi.com/admin/member/index.html',
  'accept' => 'text/html,application/xhtml+xml,application/xml;q=0.9,image/webp,image/apng,*/*;q=0.8,application/signed-exchange;v=b3',
  'user-agent' => 'Mozilla/5.0 (Windows NT 6.1; Win64; x64) AppleWebKit/537.36 (KHTML, like Gecko) Chrome/78.0.3904.108 Safari/537.36',
  'upgrade-insecure-requests' => '1',
  'connection' => 'close',
  'host' => 'local.lizi.com',
)
[ info ] [ PARAM ] array (
)
[ info ] [ DB ] INIT mysql
[ info ] [ SESSION ] INIT array (
  'id' => '',
  'var_session_id' => '',
  'prefix' => 'bearadmin_',
  'type' => '',
  'auto_start' => true,
)
[ info ] [ RUN ] app\admin\controller\Order->chong[ C:\Users\Administrator\Desktop\phpEnv5.6.0-Green\www\lizi\application\admin\controller\Order.php ]
[ info ] [ VIEW ] C:\Users\Administrator\Desktop\phpEnv5.6.0-Green\www\lizi\public/../application/admin\view\order\chong.html [ array (
  0 => 'showDataHeader',
  1 => 'showDataHeaderAddButton',
  2 => 'showDataHeaderDeleteButton',
  3 => 'showFormHeader',
  4 => 'showFormHeaderBackButton',
  5 => 'showFormFooter',
  6 => 'showFormFooterSubmitButton',
  7 => 'showFormFooterResetButton',
  8 => 'webData',
) ]
[ info ] [ LOG ] INIT File
[ sql ] [ DB ] CONNECT:[ UseTime:0.010000s ] mysql:host=localhost;port=3306;dbname=lizi;charset=utf8mb4
[ sql ] [ SQL ] SHOW COLUMNS FROM `bear_admin_menus` [ RunTime:0.001000s ]
[ sql ] [ SQL ] SELECT * FROM `bear_admin_menus` WHERE  `url` = 'admin/order/chong' LIMIT 1 [ RunTime:0.001000s ]
[ sql ] [ SQL ] SHOW COLUMNS FROM `bear_admin_users` [ RunTime:0.001000s ]
[ sql ] [ SQL ] SELECT * FROM `bear_admin_users` WHERE (  `id` = 1 ) AND `bear_admin_users`.`delete_time` IS NULL LIMIT 1 [ RunTime:0.000000s ]
[ sql ] [ SQL ] SHOW COLUMNS FROM `bear_admin_group_access` [ RunTime:0.001000s ]
[ sql ] [ SQL ] SELECT `AdminGroupAccess`.`uid`,`AdminGroupAccess`.`group_id`,`AdminGroups`.`name`,`AdminGroups`.`rules` FROM `bear_admin_group_access` `AdminGroupAccess` LEFT JOIN `bear_admin_groups` `AdminGroups` ON `AdminGroupAccess`.`group_id`=`AdminGroups`.`id` WHERE  (  AdminGroupAccess.uid='1' and AdminGroups.status=1 ) [ RunTime:0.000000s ]
[ sql ] [ SQL ] SELECT `condition`,`url`,`id` FROM `bear_admin_menus` WHERE  `id` IN (1,45,46,47,48,49,50,51,52,53,54,55,65,71,77,56,66,70,75,57,69,67,68,74,58,64,59,60,61,62,63,72,76,2,3,4,5,6,7,8,9,10,11,12,13,14,15,16,17,18,19,20,21,22,23,24,25,26,27,28,29,30,31,32,33,34,35,36,37,38,39,40,41,42,43,44)  AND `type` = 1  AND `status` = 1 [ RunTime:0.000000s ]
[ sql ] [ SQL ] SELECT * FROM `bear_admin_menus` WHERE  `is_show` = 1 ORDER BY `sort_id` ASC,`id` ASC [ RunTime:0.000000s ]
[ sql ] [ SQL ] SHOW COLUMNS FROM `bear_sysconfigs` [ RunTime:0.001000s ]
[ sql ] [ SQL ] SELECT * FROM `bear_sysconfigs` WHERE (  `code` = 'backend_name'  AND `status` = 1 ) AND `bear_sysconfigs`.`delete_time` IS NULL LIMIT 1 [ RunTime:0.001000s ]
---------------------------------------------------------------
[ 2019-12-24T08:46:15+08:00 ] 127.0.0.1 GET /admin/member/index.html
[ info ] local.lizi.com/admin/member/index.html [运行时间：0.141008s][吞吐率：7.09req/s] [内存消耗：4,425.73kb] [文件加载：79]
[ info ] [ LANG ] C:\Users\Administrator\Desktop\phpEnv5.6.0-Green\www\lizi\thinkphp\lang\zh-cn.php
[ info ] [ ROUTE ] array (
  'type' => 'module',
  'module' => 
  array (
    0 => 'admin',
    1 => 'member',
    2 => 'index',
  ),
)
[ info ] [ HEADER ] array (
  'cookie' => 'thinkphp_show_page_trace=0|0; PHPSESSID=2s6pdkqnnk3v5umdthg4jo9d21; thinkphp_show_page_trace=0|0; Hm_lvt_a251280bf86f57cd4043cbbb98c55f57=1576905939,1577067900; Hm_lpvt_a251280bf86f57cd4043cbbb98c55f57=1577082887',
  'accept-language' => 'zh-CN,zh;q=0.9',
  'accept-encoding' => 'gzip, deflate',
  'referer' => 'http://local.lizi.com/admin/order/chong.html',
  'accept' => 'text/html,application/xhtml+xml,application/xml;q=0.9,image/webp,image/apng,*/*;q=0.8,application/signed-exchange;v=b3',
  'user-agent' => 'Mozilla/5.0 (Windows NT 6.1; Win64; x64) AppleWebKit/537.36 (KHTML, like Gecko) Chrome/78.0.3904.108 Safari/537.36',
  'upgrade-insecure-requests' => '1',
  'connection' => 'close',
  'host' => 'local.lizi.com',
)
[ info ] [ PARAM ] array (
)
[ info ] [ DB ] INIT mysql
[ info ] [ SESSION ] INIT array (
  'id' => '',
  'var_session_id' => '',
  'prefix' => 'bearadmin_',
  'type' => '',
  'auto_start' => true,
)
[ info ] [ RUN ] app\admin\controller\Member->index[ C:\Users\Administrator\Desktop\phpEnv5.6.0-Green\www\lizi\application\admin\controller\Member.php ]
[ info ] [ VIEW ] C:\Users\Administrator\Desktop\phpEnv5.6.0-Green\www\lizi\public/../application/admin\view\member\index.html [ array (
  0 => 'list',
  1 => 'showDataHeader',
  2 => 'showDataHeaderAddButton',
  3 => 'showDataHeaderDeleteButton',
  4 => 'showFormHeader',
  5 => 'showFormHeaderBackButton',
  6 => 'showFormFooter',
  7 => 'showFormFooterSubmitButton',
  8 => 'showFormFooterResetButton',
  9 => 'webData',
) ]
[ info ] [ LOG ] INIT File
[ sql ] [ DB ] CONNECT:[ UseTime:0.011000s ] mysql:host=localhost;port=3306;dbname=lizi;charset=utf8mb4
[ sql ] [ SQL ] SHOW COLUMNS FROM `bear_admin_menus` [ RunTime:0.001000s ]
[ sql ] [ SQL ] SELECT * FROM `bear_admin_menus` WHERE  `url` = 'admin/member/index' LIMIT 1 [ RunTime:0.000000s ]
[ sql ] [ SQL ] SHOW COLUMNS FROM `bear_admin_users` [ RunTime:0.001000s ]
[ sql ] [ SQL ] SELECT * FROM `bear_admin_users` WHERE (  `id` = 1 ) AND `bear_admin_users`.`delete_time` IS NULL LIMIT 1 [ RunTime:0.001000s ]
[ sql ] [ SQL ] SHOW COLUMNS FROM `bear_member` [ RunTime:0.001000s ]
[ sql ] [ SQL ] SELECT COUNT(*) AS tp_count FROM `bear_member` WHERE  `status` = 1 LIMIT 1 [ RunTime:0.001000s ]
[ sql ] [ SQL ] SELECT * FROM `bear_member` WHERE  `status` = 1 ORDER BY `id` DESC LIMIT 0,10 [ RunTime:0.000000s ]
[ sql ] [ SQL ] SHOW COLUMNS FROM `bear_admin_group_access` [ RunTime:0.001000s ]
[ sql ] [ SQL ] SELECT `AdminGroupAccess`.`uid`,`AdminGroupAccess`.`group_id`,`AdminGroups`.`name`,`AdminGroups`.`rules` FROM `bear_admin_group_access` `AdminGroupAccess` LEFT JOIN `bear_admin_groups` `AdminGroups` ON `AdminGroupAccess`.`group_id`=`AdminGroups`.`id` WHERE  (  AdminGroupAccess.uid='1' and AdminGroups.status=1 ) [ RunTime:0.000000s ]
[ sql ] [ SQL ] SELECT `condition`,`url`,`id` FROM `bear_admin_menus` WHERE  `id` IN (1,45,46,47,48,49,50,51,52,53,54,55,65,71,77,56,66,70,75,57,69,67,68,74,58,64,59,60,61,62,63,72,76,2,3,4,5,6,7,8,9,10,11,12,13,14,15,16,17,18,19,20,21,22,23,24,25,26,27,28,29,30,31,32,33,34,35,36,37,38,39,40,41,42,43,44)  AND `type` = 1  AND `status` = 1 [ RunTime:0.000000s ]
[ sql ] [ SQL ] SELECT * FROM `bear_admin_menus` WHERE  `is_show` = 1 ORDER BY `sort_id` ASC,`id` ASC [ RunTime:0.001000s ]
[ sql ] [ SQL ] SHOW COLUMNS FROM `bear_sysconfigs` [ RunTime:0.001000s ]
[ sql ] [ SQL ] SELECT * FROM `bear_sysconfigs` WHERE (  `code` = 'backend_name'  AND `status` = 1 ) AND `bear_sysconfigs`.`delete_time` IS NULL LIMIT 1 [ RunTime:0.000000s ]
---------------------------------------------------------------
[ 2019-12-24T08:46:17+08:00 ] 127.0.0.1 GET /admin/member/edit.html?id=25
[ info ] local.lizi.com/admin/member/edit.html?id=25 [运行时间：0.131007s][吞吐率：7.63req/s] [内存消耗：4,274.71kb] [文件加载：76]
[ info ] [ LANG ] C:\Users\Administrator\Desktop\phpEnv5.6.0-Green\www\lizi\thinkphp\lang\zh-cn.php
[ info ] [ ROUTE ] array (
  'type' => 'module',
  'module' => 
  array (
    0 => 'admin',
    1 => 'member',
    2 => 'edit',
  ),
)
[ info ] [ HEADER ] array (
  'cookie' => 'thinkphp_show_page_trace=0|0; PHPSESSID=2s6pdkqnnk3v5umdthg4jo9d21; thinkphp_show_page_trace=0|0; Hm_lvt_a251280bf86f57cd4043cbbb98c55f57=1576905939,1577067900; Hm_lpvt_a251280bf86f57cd4043cbbb98c55f57=1577082887',
  'accept-language' => 'zh-CN,zh;q=0.9',
  'accept-encoding' => 'gzip, deflate',
  'referer' => 'http://local.lizi.com/admin/member/index.html',
  'accept' => 'text/html,application/xhtml+xml,application/xml;q=0.9,image/webp,image/apng,*/*;q=0.8,application/signed-exchange;v=b3',
  'user-agent' => 'Mozilla/5.0 (Windows NT 6.1; Win64; x64) AppleWebKit/537.36 (KHTML, like Gecko) Chrome/78.0.3904.108 Safari/537.36',
  'upgrade-insecure-requests' => '1',
  'connection' => 'close',
  'host' => 'local.lizi.com',
)
[ info ] [ PARAM ] array (
  'id' => '25',
)
[ info ] [ DB ] INIT mysql
[ info ] [ SESSION ] INIT array (
  'id' => '',
  'var_session_id' => '',
  'prefix' => 'bearadmin_',
  'type' => '',
  'auto_start' => true,
)
[ info ] [ RUN ] app\admin\controller\Member->edit[ C:\Users\Administrator\Desktop\phpEnv5.6.0-Green\www\lizi\application\admin\controller\Member.php ]
[ info ] [ VIEW ] C:\Users\Administrator\Desktop\phpEnv5.6.0-Green\www\lizi\public/../application/admin\view\member\edit.html [ array (
  0 => 'info',
  1 => 'showDataHeader',
  2 => 'showDataHeaderAddButton',
  3 => 'showDataHeaderDeleteButton',
  4 => 'showFormHeader',
  5 => 'showFormHeaderBackButton',
  6 => 'showFormFooter',
  7 => 'showFormFooterSubmitButton',
  8 => 'showFormFooterResetButton',
  9 => 'webData',
) ]
[ info ] [ LOG ] INIT File
[ sql ] [ DB ] CONNECT:[ UseTime:0.011001s ] mysql:host=localhost;port=3306;dbname=lizi;charset=utf8mb4
[ sql ] [ SQL ] SHOW COLUMNS FROM `bear_admin_menus` [ RunTime:0.001000s ]
[ sql ] [ SQL ] SELECT * FROM `bear_admin_menus` WHERE  `url` = 'admin/member/edit' LIMIT 1 [ RunTime:0.001000s ]
[ sql ] [ SQL ] SHOW COLUMNS FROM `bear_admin_users` [ RunTime:0.001000s ]
[ sql ] [ SQL ] SELECT * FROM `bear_admin_users` WHERE (  `id` = 1 ) AND `bear_admin_users`.`delete_time` IS NULL LIMIT 1 [ RunTime:0.001000s ]
[ sql ] [ SQL ] SHOW COLUMNS FROM `bear_member` [ RunTime:0.000000s ]
[ sql ] [ SQL ] SELECT * FROM `bear_member` WHERE  `id` = 25 LIMIT 1 [ RunTime:0.000000s ]
[ sql ] [ SQL ] SHOW COLUMNS FROM `bear_admin_group_access` [ RunTime:0.000000s ]
[ sql ] [ SQL ] SELECT `AdminGroupAccess`.`uid`,`AdminGroupAccess`.`group_id`,`AdminGroups`.`name`,`AdminGroups`.`rules` FROM `bear_admin_group_access` `AdminGroupAccess` LEFT JOIN `bear_admin_groups` `AdminGroups` ON `AdminGroupAccess`.`group_id`=`AdminGroups`.`id` WHERE  (  AdminGroupAccess.uid='1' and AdminGroups.status=1 ) [ RunTime:0.000000s ]
[ sql ] [ SQL ] SELECT `condition`,`url`,`id` FROM `bear_admin_menus` WHERE  `id` IN (1,45,46,47,48,49,50,51,52,53,54,55,65,71,77,56,66,70,75,57,69,67,68,74,58,64,59,60,61,62,63,72,76,2,3,4,5,6,7,8,9,10,11,12,13,14,15,16,17,18,19,20,21,22,23,24,25,26,27,28,29,30,31,32,33,34,35,36,37,38,39,40,41,42,43,44)  AND `type` = 1  AND `status` = 1 [ RunTime:0.001001s ]
[ sql ] [ SQL ] SELECT * FROM `bear_admin_menus` WHERE  `is_show` = 1 ORDER BY `sort_id` ASC,`id` ASC [ RunTime:0.000000s ]
[ sql ] [ SQL ] SHOW COLUMNS FROM `bear_sysconfigs` [ RunTime:0.001000s ]
[ sql ] [ SQL ] SELECT * FROM `bear_sysconfigs` WHERE (  `code` = 'backend_name'  AND `status` = 1 ) AND `bear_sysconfigs`.`delete_time` IS NULL LIMIT 1 [ RunTime:0.000000s ]
---------------------------------------------------------------
[ 2019-12-24T08:46:20+08:00 ] 127.0.0.1 GET /admin/member/index.html
[ info ] local.lizi.com/admin/member/index.html [运行时间：0.137008s][吞吐率：7.30req/s] [内存消耗：4,425.73kb] [文件加载：79]
[ info ] [ LANG ] C:\Users\Administrator\Desktop\phpEnv5.6.0-Green\www\lizi\thinkphp\lang\zh-cn.php
[ info ] [ ROUTE ] array (
  'type' => 'module',
  'module' => 
  array (
    0 => 'admin',
    1 => 'member',
    2 => 'index',
  ),
)
[ info ] [ HEADER ] array (
  'cookie' => 'thinkphp_show_page_trace=0|0; PHPSESSID=2s6pdkqnnk3v5umdthg4jo9d21; thinkphp_show_page_trace=0|0; Hm_lvt_a251280bf86f57cd4043cbbb98c55f57=1576905939,1577067900; Hm_lpvt_a251280bf86f57cd4043cbbb98c55f57=1577082887',
  'accept-language' => 'zh-CN,zh;q=0.9',
  'accept-encoding' => 'gzip, deflate',
  'referer' => 'http://local.lizi.com/admin/order/chong.html',
  'accept' => 'text/html,application/xhtml+xml,application/xml;q=0.9,image/webp,image/apng,*/*;q=0.8,application/signed-exchange;v=b3',
  'user-agent' => 'Mozilla/5.0 (Windows NT 6.1; Win64; x64) AppleWebKit/537.36 (KHTML, like Gecko) Chrome/78.0.3904.108 Safari/537.36',
  'upgrade-insecure-requests' => '1',
  'connection' => 'close',
  'host' => 'local.lizi.com',
)
[ info ] [ PARAM ] array (
)
[ info ] [ DB ] INIT mysql
[ info ] [ SESSION ] INIT array (
  'id' => '',
  'var_session_id' => '',
  'prefix' => 'bearadmin_',
  'type' => '',
  'auto_start' => true,
)
[ info ] [ RUN ] app\admin\controller\Member->index[ C:\Users\Administrator\Desktop\phpEnv5.6.0-Green\www\lizi\application\admin\controller\Member.php ]
[ info ] [ VIEW ] C:\Users\Administrator\Desktop\phpEnv5.6.0-Green\www\lizi\public/../application/admin\view\member\index.html [ array (
  0 => 'list',
  1 => 'showDataHeader',
  2 => 'showDataHeaderAddButton',
  3 => 'showDataHeaderDeleteButton',
  4 => 'showFormHeader',
  5 => 'showFormHeaderBackButton',
  6 => 'showFormFooter',
  7 => 'showFormFooterSubmitButton',
  8 => 'showFormFooterResetButton',
  9 => 'webData',
) ]
[ info ] [ LOG ] INIT File
[ sql ] [ DB ] CONNECT:[ UseTime:0.011001s ] mysql:host=localhost;port=3306;dbname=lizi;charset=utf8mb4
[ sql ] [ SQL ] SHOW COLUMNS FROM `bear_admin_menus` [ RunTime:0.002000s ]
[ sql ] [ SQL ] SELECT * FROM `bear_admin_menus` WHERE  `url` = 'admin/member/index' LIMIT 1 [ RunTime:0.001000s ]
[ sql ] [ SQL ] SHOW COLUMNS FROM `bear_admin_users` [ RunTime:0.001001s ]
[ sql ] [ SQL ] SELECT * FROM `bear_admin_users` WHERE (  `id` = 1 ) AND `bear_admin_users`.`delete_time` IS NULL LIMIT 1 [ RunTime:0.001000s ]
[ sql ] [ SQL ] SHOW COLUMNS FROM `bear_member` [ RunTime:0.000000s ]
[ sql ] [ SQL ] SELECT COUNT(*) AS tp_count FROM `bear_member` WHERE  `status` = 1 LIMIT 1 [ RunTime:0.000000s ]
[ sql ] [ SQL ] SELECT * FROM `bear_member` WHERE  `status` = 1 ORDER BY `id` DESC LIMIT 0,10 [ RunTime:0.000000s ]
[ sql ] [ SQL ] SHOW COLUMNS FROM `bear_admin_group_access` [ RunTime:0.001000s ]
[ sql ] [ SQL ] SELECT `AdminGroupAccess`.`uid`,`AdminGroupAccess`.`group_id`,`AdminGroups`.`name`,`AdminGroups`.`rules` FROM `bear_admin_group_access` `AdminGroupAccess` LEFT JOIN `bear_admin_groups` `AdminGroups` ON `AdminGroupAccess`.`group_id`=`AdminGroups`.`id` WHERE  (  AdminGroupAccess.uid='1' and AdminGroups.status=1 ) [ RunTime:0.000000s ]
[ sql ] [ SQL ] SELECT `condition`,`url`,`id` FROM `bear_admin_menus` WHERE  `id` IN (1,45,46,47,48,49,50,51,52,53,54,55,65,71,77,56,66,70,75,57,69,67,68,74,58,64,59,60,61,62,63,72,76,2,3,4,5,6,7,8,9,10,11,12,13,14,15,16,17,18,19,20,21,22,23,24,25,26,27,28,29,30,31,32,33,34,35,36,37,38,39,40,41,42,43,44)  AND `type` = 1  AND `status` = 1 [ RunTime:0.000000s ]
[ sql ] [ SQL ] SELECT * FROM `bear_admin_menus` WHERE  `is_show` = 1 ORDER BY `sort_id` ASC,`id` ASC [ RunTime:0.001000s ]
[ sql ] [ SQL ] SHOW COLUMNS FROM `bear_sysconfigs` [ RunTime:0.001000s ]
[ sql ] [ SQL ] SELECT * FROM `bear_sysconfigs` WHERE (  `code` = 'backend_name'  AND `status` = 1 ) AND `bear_sysconfigs`.`delete_time` IS NULL LIMIT 1 [ RunTime:0.000000s ]
---------------------------------------------------------------
[ 2019-12-24T08:46:22+08:00 ] 127.0.0.1 GET /admin/order/chong.html
[ info ] local.lizi.com/admin/order/chong.html [运行时间：0.120007s][吞吐率：8.33req/s] [内存消耗：4,276.10kb] [文件加载：76]
[ info ] [ LANG ] C:\Users\Administrator\Desktop\phpEnv5.6.0-Green\www\lizi\thinkphp\lang\zh-cn.php
[ info ] [ ROUTE ] array (
  'type' => 'module',
  'module' => 
  array (
    0 => 'admin',
    1 => 'order',
    2 => 'chong',
  ),
)
[ info ] [ HEADER ] array (
  'cookie' => 'thinkphp_show_page_trace=0|0; PHPSESSID=2s6pdkqnnk3v5umdthg4jo9d21; thinkphp_show_page_trace=0|0; Hm_lvt_a251280bf86f57cd4043cbbb98c55f57=1576905939,1577067900; Hm_lpvt_a251280bf86f57cd4043cbbb98c55f57=1577082887',
  'accept-language' => 'zh-CN,zh;q=0.9',
  'accept-encoding' => 'gzip, deflate',
  'referer' => 'http://local.lizi.com/admin/member/index.html',
  'accept' => 'text/html,application/xhtml+xml,application/xml;q=0.9,image/webp,image/apng,*/*;q=0.8,application/signed-exchange;v=b3',
  'user-agent' => 'Mozilla/5.0 (Windows NT 6.1; Win64; x64) AppleWebKit/537.36 (KHTML, like Gecko) Chrome/78.0.3904.108 Safari/537.36',
  'upgrade-insecure-requests' => '1',
  'connection' => 'close',
  'host' => 'local.lizi.com',
)
[ info ] [ PARAM ] array (
)
[ info ] [ DB ] INIT mysql
[ info ] [ SESSION ] INIT array (
  'id' => '',
  'var_session_id' => '',
  'prefix' => 'bearadmin_',
  'type' => '',
  'auto_start' => true,
)
[ info ] [ RUN ] app\admin\controller\Order->chong[ C:\Users\Administrator\Desktop\phpEnv5.6.0-Green\www\lizi\application\admin\controller\Order.php ]
[ info ] [ VIEW ] C:\Users\Administrator\Desktop\phpEnv5.6.0-Green\www\lizi\public/../application/admin\view\order\chong.html [ array (
  0 => 'showDataHeader',
  1 => 'showDataHeaderAddButton',
  2 => 'showDataHeaderDeleteButton',
  3 => 'showFormHeader',
  4 => 'showFormHeaderBackButton',
  5 => 'showFormFooter',
  6 => 'showFormFooterSubmitButton',
  7 => 'showFormFooterResetButton',
  8 => 'webData',
) ]
[ info ] [ LOG ] INIT File
[ sql ] [ DB ] CONNECT:[ UseTime:0.002000s ] mysql:host=localhost;port=3306;dbname=lizi;charset=utf8mb4
[ sql ] [ SQL ] SHOW COLUMNS FROM `bear_admin_menus` [ RunTime:0.001000s ]
[ sql ] [ SQL ] SELECT * FROM `bear_admin_menus` WHERE  `url` = 'admin/order/chong' LIMIT 1 [ RunTime:0.001000s ]
[ sql ] [ SQL ] SHOW COLUMNS FROM `bear_admin_users` [ RunTime:0.001000s ]
[ sql ] [ SQL ] SELECT * FROM `bear_admin_users` WHERE (  `id` = 1 ) AND `bear_admin_users`.`delete_time` IS NULL LIMIT 1 [ RunTime:0.000000s ]
[ sql ] [ SQL ] SHOW COLUMNS FROM `bear_admin_group_access` [ RunTime:0.001000s ]
[ sql ] [ SQL ] SELECT `AdminGroupAccess`.`uid`,`AdminGroupAccess`.`group_id`,`AdminGroups`.`name`,`AdminGroups`.`rules` FROM `bear_admin_group_access` `AdminGroupAccess` LEFT JOIN `bear_admin_groups` `AdminGroups` ON `AdminGroupAccess`.`group_id`=`AdminGroups`.`id` WHERE  (  AdminGroupAccess.uid='1' and AdminGroups.status=1 ) [ RunTime:0.000000s ]
[ sql ] [ SQL ] SELECT `condition`,`url`,`id` FROM `bear_admin_menus` WHERE  `id` IN (1,45,46,47,48,49,50,51,52,53,54,55,65,71,77,56,66,70,75,57,69,67,68,74,58,64,59,60,61,62,63,72,76,2,3,4,5,6,7,8,9,10,11,12,13,14,15,16,17,18,19,20,21,22,23,24,25,26,27,28,29,30,31,32,33,34,35,36,37,38,39,40,41,42,43,44)  AND `type` = 1  AND `status` = 1 [ RunTime:0.000000s ]
[ sql ] [ SQL ] SELECT * FROM `bear_admin_menus` WHERE  `is_show` = 1 ORDER BY `sort_id` ASC,`id` ASC [ RunTime:0.000000s ]
[ sql ] [ SQL ] SHOW COLUMNS FROM `bear_sysconfigs` [ RunTime:0.000000s ]
[ sql ] [ SQL ] SELECT * FROM `bear_sysconfigs` WHERE (  `code` = 'backend_name'  AND `status` = 1 ) AND `bear_sysconfigs`.`delete_time` IS NULL LIMIT 1 [ RunTime:0.000000s ]
---------------------------------------------------------------
[ 2019-12-24T08:46:23+08:00 ] 127.0.0.1 GET /admin/member/hei.html
[ info ] local.lizi.com/admin/member/hei.html [运行时间：0.117007s][吞吐率：8.55req/s] [内存消耗：4,425.60kb] [文件加载：79]
[ info ] [ LANG ] C:\Users\Administrator\Desktop\phpEnv5.6.0-Green\www\lizi\thinkphp\lang\zh-cn.php
[ info ] [ ROUTE ] array (
  'type' => 'module',
  'module' => 
  array (
    0 => 'admin',
    1 => 'member',
    2 => 'hei',
  ),
)
[ info ] [ HEADER ] array (
  'cookie' => 'thinkphp_show_page_trace=0|0; PHPSESSID=2s6pdkqnnk3v5umdthg4jo9d21; thinkphp_show_page_trace=0|0; Hm_lvt_a251280bf86f57cd4043cbbb98c55f57=1576905939,1577067900; Hm_lpvt_a251280bf86f57cd4043cbbb98c55f57=1577082887',
  'accept-language' => 'zh-CN,zh;q=0.9',
  'accept-encoding' => 'gzip, deflate',
  'referer' => 'http://local.lizi.com/admin/order/chong.html',
  'accept' => 'text/html,application/xhtml+xml,application/xml;q=0.9,image/webp,image/apng,*/*;q=0.8,application/signed-exchange;v=b3',
  'user-agent' => 'Mozilla/5.0 (Windows NT 6.1; Win64; x64) AppleWebKit/537.36 (KHTML, like Gecko) Chrome/78.0.3904.108 Safari/537.36',
  'upgrade-insecure-requests' => '1',
  'connection' => 'close',
  'host' => 'local.lizi.com',
)
[ info ] [ PARAM ] array (
)
[ info ] [ DB ] INIT mysql
[ info ] [ SESSION ] INIT array (
  'id' => '',
  'var_session_id' => '',
  'prefix' => 'bearadmin_',
  'type' => '',
  'auto_start' => true,
)
[ info ] [ RUN ] app\admin\controller\Member->hei[ C:\Users\Administrator\Desktop\phpEnv5.6.0-Green\www\lizi\application\admin\controller\Member.php ]
[ info ] [ VIEW ] C:\Users\Administrator\Desktop\phpEnv5.6.0-Green\www\lizi\public/../application/admin\view\member\hei.html [ array (
  0 => 'list',
  1 => 'showDataHeader',
  2 => 'showDataHeaderAddButton',
  3 => 'showDataHeaderDeleteButton',
  4 => 'showFormHeader',
  5 => 'showFormHeaderBackButton',
  6 => 'showFormFooter',
  7 => 'showFormFooterSubmitButton',
  8 => 'showFormFooterResetButton',
  9 => 'webData',
) ]
[ info ] [ LOG ] INIT File
[ sql ] [ DB ] CONNECT:[ UseTime:0.001000s ] mysql:host=localhost;port=3306;dbname=lizi;charset=utf8mb4
[ sql ] [ SQL ] SHOW COLUMNS FROM `bear_admin_menus` [ RunTime:0.001000s ]
[ sql ] [ SQL ] SELECT * FROM `bear_admin_menus` WHERE  `url` = 'admin/member/hei' LIMIT 1 [ RunTime:0.001000s ]
[ sql ] [ SQL ] SHOW COLUMNS FROM `bear_admin_users` [ RunTime:0.001000s ]
[ sql ] [ SQL ] SELECT * FROM `bear_admin_users` WHERE (  `id` = 1 ) AND `bear_admin_users`.`delete_time` IS NULL LIMIT 1 [ RunTime:0.000000s ]
[ sql ] [ SQL ] SHOW COLUMNS FROM `bear_member` [ RunTime:0.001000s ]
[ sql ] [ SQL ] SELECT COUNT(*) AS tp_count FROM `bear_member` WHERE  `status` = 0 LIMIT 1 [ RunTime:0.000000s ]
[ sql ] [ SQL ] SELECT * FROM `bear_member` WHERE  `status` = 0 ORDER BY `id` DESC LIMIT 0,10 [ RunTime:0.001000s ]
[ sql ] [ SQL ] SHOW COLUMNS FROM `bear_admin_group_access` [ RunTime:0.000000s ]
[ sql ] [ SQL ] SELECT `AdminGroupAccess`.`uid`,`AdminGroupAccess`.`group_id`,`AdminGroups`.`name`,`AdminGroups`.`rules` FROM `bear_admin_group_access` `AdminGroupAccess` LEFT JOIN `bear_admin_groups` `AdminGroups` ON `AdminGroupAccess`.`group_id`=`AdminGroups`.`id` WHERE  (  AdminGroupAccess.uid='1' and AdminGroups.status=1 ) [ RunTime:0.000000s ]
[ sql ] [ SQL ] SELECT `condition`,`url`,`id` FROM `bear_admin_menus` WHERE  `id` IN (1,45,46,47,48,49,50,51,52,53,54,55,65,71,77,56,66,70,75,57,69,67,68,74,58,64,59,60,61,62,63,72,76,2,3,4,5,6,7,8,9,10,11,12,13,14,15,16,17,18,19,20,21,22,23,24,25,26,27,28,29,30,31,32,33,34,35,36,37,38,39,40,41,42,43,44)  AND `type` = 1  AND `status` = 1 [ RunTime:0.001000s ]
[ sql ] [ SQL ] SELECT * FROM `bear_admin_menus` WHERE  `is_show` = 1 ORDER BY `sort_id` ASC,`id` ASC [ RunTime:0.001000s ]
[ sql ] [ SQL ] SHOW COLUMNS FROM `bear_sysconfigs` [ RunTime:0.000000s ]
[ sql ] [ SQL ] SELECT * FROM `bear_sysconfigs` WHERE (  `code` = 'backend_name'  AND `status` = 1 ) AND `bear_sysconfigs`.`delete_time` IS NULL LIMIT 1 [ RunTime:0.000000s ]
---------------------------------------------------------------
[ 2019-12-24T08:46:33+08:00 ] 127.0.0.1 GET /admin/motels/index.html
[ info ] local.lizi.com/admin/motels/index.html [运行时间：0.122007s][吞吐率：8.20req/s] [内存消耗：4,418.37kb] [文件加载：79]
[ info ] [ LANG ] C:\Users\Administrator\Desktop\phpEnv5.6.0-Green\www\lizi\thinkphp\lang\zh-cn.php
[ info ] [ ROUTE ] array (
  'type' => 'module',
  'module' => 
  array (
    0 => 'admin',
    1 => 'motels',
    2 => 'index',
  ),
)
[ info ] [ HEADER ] array (
  'cookie' => 'thinkphp_show_page_trace=0|0; PHPSESSID=2s6pdkqnnk3v5umdthg4jo9d21; thinkphp_show_page_trace=0|0; Hm_lvt_a251280bf86f57cd4043cbbb98c55f57=1576905939,1577067900; Hm_lpvt_a251280bf86f57cd4043cbbb98c55f57=1577082887',
  'accept-language' => 'zh-CN,zh;q=0.9',
  'accept-encoding' => 'gzip, deflate',
  'referer' => 'http://local.lizi.com/admin/member/hei.html',
  'accept' => 'text/html,application/xhtml+xml,application/xml;q=0.9,image/webp,image/apng,*/*;q=0.8,application/signed-exchange;v=b3',
  'user-agent' => 'Mozilla/5.0 (Windows NT 6.1; Win64; x64) AppleWebKit/537.36 (KHTML, like Gecko) Chrome/78.0.3904.108 Safari/537.36',
  'upgrade-insecure-requests' => '1',
  'connection' => 'close',
  'host' => 'local.lizi.com',
)
[ info ] [ PARAM ] array (
)
[ info ] [ DB ] INIT mysql
[ info ] [ SESSION ] INIT array (
  'id' => '',
  'var_session_id' => '',
  'prefix' => 'bearadmin_',
  'type' => '',
  'auto_start' => true,
)
[ info ] [ RUN ] app\admin\controller\Motels->index[ C:\Users\Administrator\Desktop\phpEnv5.6.0-Green\www\lizi\application\admin\controller\Motels.php ]
[ info ] [ VIEW ] C:\Users\Administrator\Desktop\phpEnv5.6.0-Green\www\lizi\public/../application/admin\view\motels\index.html [ array (
  0 => 'list',
  1 => 'showDataHeader',
  2 => 'showDataHeaderAddButton',
  3 => 'showDataHeaderDeleteButton',
  4 => 'showFormHeader',
  5 => 'showFormHeaderBackButton',
  6 => 'showFormFooter',
  7 => 'showFormFooterSubmitButton',
  8 => 'showFormFooterResetButton',
  9 => 'webData',
) ]
[ info ] [ LOG ] INIT File
[ sql ] [ DB ] CONNECT:[ UseTime:0.011000s ] mysql:host=localhost;port=3306;dbname=lizi;charset=utf8mb4
[ sql ] [ SQL ] SHOW COLUMNS FROM `bear_admin_menus` [ RunTime:0.001000s ]
[ sql ] [ SQL ] SELECT * FROM `bear_admin_menus` WHERE  `url` = 'admin/motels/index' LIMIT 1 [ RunTime:0.000000s ]
[ sql ] [ SQL ] SHOW COLUMNS FROM `bear_admin_users` [ RunTime:0.001000s ]
[ sql ] [ SQL ] SELECT * FROM `bear_admin_users` WHERE (  `id` = 1 ) AND `bear_admin_users`.`delete_time` IS NULL LIMIT 1 [ RunTime:0.001000s ]
[ sql ] [ SQL ] SHOW COLUMNS FROM `bear_moban` [ RunTime:0.002000s ]
[ sql ] [ SQL ] SELECT COUNT(*) AS tp_count FROM `bear_moban` LIMIT 1 [ RunTime:0.000000s ]
[ sql ] [ SQL ] SELECT * FROM `bear_moban` ORDER BY `sort` DESC,`id` DESC LIMIT 0,15 [ RunTime:0.001000s ]
[ sql ] [ SQL ] SHOW COLUMNS FROM `bear_admin_group_access` [ RunTime:0.001000s ]
[ sql ] [ SQL ] SELECT `AdminGroupAccess`.`uid`,`AdminGroupAccess`.`group_id`,`AdminGroups`.`name`,`AdminGroups`.`rules` FROM `bear_admin_group_access` `AdminGroupAccess` LEFT JOIN `bear_admin_groups` `AdminGroups` ON `AdminGroupAccess`.`group_id`=`AdminGroups`.`id` WHERE  (  AdminGroupAccess.uid='1' and AdminGroups.status=1 ) [ RunTime:0.000000s ]
[ sql ] [ SQL ] SELECT `condition`,`url`,`id` FROM `bear_admin_menus` WHERE  `id` IN (1,45,46,47,48,49,50,51,52,53,54,55,65,71,77,56,66,70,75,57,69,67,68,74,58,64,59,60,61,62,63,72,76,2,3,4,5,6,7,8,9,10,11,12,13,14,15,16,17,18,19,20,21,22,23,24,25,26,27,28,29,30,31,32,33,34,35,36,37,38,39,40,41,42,43,44)  AND `type` = 1  AND `status` = 1 [ RunTime:0.001000s ]
[ sql ] [ SQL ] SELECT * FROM `bear_admin_menus` WHERE  `is_show` = 1 ORDER BY `sort_id` ASC,`id` ASC [ RunTime:0.001000s ]
[ sql ] [ SQL ] SHOW COLUMNS FROM `bear_sysconfigs` [ RunTime:0.001001s ]
[ sql ] [ SQL ] SELECT * FROM `bear_sysconfigs` WHERE (  `code` = 'backend_name'  AND `status` = 1 ) AND `bear_sysconfigs`.`delete_time` IS NULL LIMIT 1 [ RunTime:0.000000s ]
---------------------------------------------------------------
[ 2019-12-24T08:46:37+08:00 ] 127.0.0.1 GET /admin/wconfig/index.html
[ info ] local.lizi.com/admin/wconfig/index.html [运行时间：0.109006s][吞吐率：9.17req/s] [内存消耗：4,314.42kb] [文件加载：76]
[ info ] [ LANG ] C:\Users\Administrator\Desktop\phpEnv5.6.0-Green\www\lizi\thinkphp\lang\zh-cn.php
[ info ] [ ROUTE ] array (
  'type' => 'module',
  'module' => 
  array (
    0 => 'admin',
    1 => 'wconfig',
    2 => 'index',
  ),
)
[ info ] [ HEADER ] array (
  'cookie' => 'thinkphp_show_page_trace=0|0; PHPSESSID=2s6pdkqnnk3v5umdthg4jo9d21; thinkphp_show_page_trace=0|0; Hm_lvt_a251280bf86f57cd4043cbbb98c55f57=1576905939,1577067900; Hm_lpvt_a251280bf86f57cd4043cbbb98c55f57=1577082887',
  'accept-language' => 'zh-CN,zh;q=0.9',
  'accept-encoding' => 'gzip, deflate',
  'referer' => 'http://local.lizi.com/admin/motels/index.html',
  'accept' => 'text/html,application/xhtml+xml,application/xml;q=0.9,image/webp,image/apng,*/*;q=0.8,application/signed-exchange;v=b3',
  'user-agent' => 'Mozilla/5.0 (Windows NT 6.1; Win64; x64) AppleWebKit/537.36 (KHTML, like Gecko) Chrome/78.0.3904.108 Safari/537.36',
  'upgrade-insecure-requests' => '1',
  'connection' => 'close',
  'host' => 'local.lizi.com',
)
[ info ] [ PARAM ] array (
)
[ info ] [ DB ] INIT mysql
[ info ] [ SESSION ] INIT array (
  'id' => '',
  'var_session_id' => '',
  'prefix' => 'bearadmin_',
  'type' => '',
  'auto_start' => true,
)
[ info ] [ RUN ] app\admin\controller\Wconfig->index[ C:\Users\Administrator\Desktop\phpEnv5.6.0-Green\www\lizi\application\admin\controller\Wconfig.php ]
[ info ] [ VIEW ] C:\Users\Administrator\Desktop\phpEnv5.6.0-Green\www\lizi\public/../application/admin\view\wconfig\index.html [ array (
  0 => 'info',
  1 => 'infod',
  2 => 'infoc',
  3 => 'infoa',
  4 => 'pay',
  5 => 'showDataHeader',
  6 => 'showDataHeaderAddButton',
  7 => 'showDataHeaderDeleteButton',
  8 => 'showFormHeader',
  9 => 'showFormHeaderBackButton',
  10 => 'showFormFooter',
  11 => 'showFormFooterSubmitButton',
  12 => 'showFormFooterResetButton',
  13 => 'webData',
) ]
[ info ] [ LOG ] INIT File
[ sql ] [ DB ] CONNECT:[ UseTime:0.002000s ] mysql:host=localhost;port=3306;dbname=lizi;charset=utf8mb4
[ sql ] [ SQL ] SHOW COLUMNS FROM `bear_admin_menus` [ RunTime:0.000000s ]
[ sql ] [ SQL ] SELECT * FROM `bear_admin_menus` WHERE  `url` = 'admin/wconfig/index' LIMIT 1 [ RunTime:0.001000s ]
[ sql ] [ SQL ] SHOW COLUMNS FROM `bear_admin_users` [ RunTime:0.000000s ]
[ sql ] [ SQL ] SELECT * FROM `bear_admin_users` WHERE (  `id` = 1 ) AND `bear_admin_users`.`delete_time` IS NULL LIMIT 1 [ RunTime:0.000000s ]
[ sql ] [ SQL ] SHOW COLUMNS FROM `bear_content` [ RunTime:0.001000s ]
[ sql ] [ SQL ] SELECT * FROM `bear_content` WHERE  `id` = 24 LIMIT 1 [ RunTime:0.000000s ]
[ sql ] [ SQL ] SELECT * FROM `bear_content` WHERE  `id` = 5 LIMIT 1 [ RunTime:0.001000s ]
[ sql ] [ SQL ] SELECT * FROM `bear_content` WHERE  `id` = 20 LIMIT 1 [ RunTime:0.000000s ]
[ sql ] [ SQL ] SELECT * FROM `bear_content` WHERE  `id` = 21 LIMIT 1 [ RunTime:0.000000s ]
[ sql ] [ SQL ] SHOW COLUMNS FROM `bear_pay` [ RunTime:0.001000s ]
[ sql ] [ SQL ] SELECT * FROM `bear_pay` WHERE  `id` = 7 LIMIT 1 [ RunTime:0.001000s ]
[ sql ] [ SQL ] SHOW COLUMNS FROM `bear_admin_group_access` [ RunTime:0.001001s ]
[ sql ] [ SQL ] SELECT `AdminGroupAccess`.`uid`,`AdminGroupAccess`.`group_id`,`AdminGroups`.`name`,`AdminGroups`.`rules` FROM `bear_admin_group_access` `AdminGroupAccess` LEFT JOIN `bear_admin_groups` `AdminGroups` ON `AdminGroupAccess`.`group_id`=`AdminGroups`.`id` WHERE  (  AdminGroupAccess.uid='1' and AdminGroups.status=1 ) [ RunTime:0.000000s ]
[ sql ] [ SQL ] SELECT `condition`,`url`,`id` FROM `bear_admin_menus` WHERE  `id` IN (1,45,46,47,48,49,50,51,52,53,54,55,65,71,77,56,66,70,75,57,69,67,68,74,58,64,59,60,61,62,63,72,76,2,3,4,5,6,7,8,9,10,11,12,13,14,15,16,17,18,19,20,21,22,23,24,25,26,27,28,29,30,31,32,33,34,35,36,37,38,39,40,41,42,43,44)  AND `type` = 1  AND `status` = 1 [ RunTime:0.001000s ]
[ sql ] [ SQL ] SELECT * FROM `bear_admin_menus` WHERE  `is_show` = 1 ORDER BY `sort_id` ASC,`id` ASC [ RunTime:0.001000s ]
[ sql ] [ SQL ] SHOW COLUMNS FROM `bear_sysconfigs` [ RunTime:0.001000s ]
[ sql ] [ SQL ] SELECT * FROM `bear_sysconfigs` WHERE (  `code` = 'backend_name'  AND `status` = 1 ) AND `bear_sysconfigs`.`delete_time` IS NULL LIMIT 1 [ RunTime:0.000000s ]
---------------------------------------------------------------
[ 2019-12-24T08:46:37+08:00 ] 127.0.0.1 GET /admin/extend/ueserver.html?action=config&&noCache=1577148397517
[ info ] local.lizi.com/admin/extend/ueserver.html?action=config&&noCache=1577148397517 [运行时间：0.099005s][吞吐率：10.10req/s] [内存消耗：4,089.23kb] [文件加载：71]
[ info ] [ LANG ] C:\Users\Administrator\Desktop\phpEnv5.6.0-Green\www\lizi\thinkphp\lang\zh-cn.php
[ info ] [ ROUTE ] array (
  'type' => 'module',
  'module' => 
  array (
    0 => 'admin',
    1 => 'extend',
    2 => 'ueserver',
  ),
)
[ info ] [ HEADER ] array (
  'cookie' => 'PHPSESSID=2s6pdkqnnk3v5umdthg4jo9d21; thinkphp_show_page_trace=0|0; Hm_lvt_a251280bf86f57cd4043cbbb98c55f57=1576905939,1577067900; Hm_lpvt_a251280bf86f57cd4043cbbb98c55f57=1577082887',
  'accept-language' => 'zh-CN,zh;q=0.9',
  'accept-encoding' => 'gzip, deflate',
  'referer' => 'http://local.lizi.com/admin/wconfig/index.html',
  'accept' => '*/*',
  'user-agent' => 'Mozilla/5.0 (Windows NT 6.1; Win64; x64) AppleWebKit/537.36 (KHTML, like Gecko) Chrome/78.0.3904.108 Safari/537.36',
  'connection' => 'close',
  'host' => 'local.lizi.com',
)
[ info ] [ PARAM ] array (
  'action' => 'config',
  'noCache' => '1577148397517',
)
[ info ] [ DB ] INIT mysql
[ info ] [ SESSION ] INIT array (
  'id' => '',
  'var_session_id' => '',
  'prefix' => 'bearadmin_',
  'type' => '',
  'auto_start' => true,
)
[ info ] [ RUN ] app\admin\controller\Extend->ueserver[ C:\Users\Administrator\Desktop\phpEnv5.6.0-Green\www\lizi\application\admin\controller\Extend.php ]
[ info ] [ LOG ] INIT File
[ sql ] [ DB ] CONNECT:[ UseTime:0.013001s ] mysql:host=localhost;port=3306;dbname=lizi;charset=utf8mb4
[ sql ] [ SQL ] SHOW COLUMNS FROM `bear_admin_menus` [ RunTime:0.001000s ]
[ sql ] [ SQL ] SELECT * FROM `bear_admin_menus` WHERE  `url` = 'admin/extend/ueserver' LIMIT 1 [ RunTime:0.001000s ]
[ sql ] [ SQL ] SHOW COLUMNS FROM `bear_admin_users` [ RunTime:0.003001s ]
[ sql ] [ SQL ] SELECT * FROM `bear_admin_users` WHERE (  `id` = 1 ) AND `bear_admin_users`.`delete_time` IS NULL LIMIT 1 [ RunTime:0.001000s ]
---------------------------------------------------------------
[ 2019-12-24T08:46:37+08:00 ] 127.0.0.1 GET /admin/extend/ueserver.html?action=config&&noCache=1577148397518
[ info ] local.lizi.com/admin/extend/ueserver.html?action=config&&noCache=1577148397518 [运行时间：0.114006s][吞吐率：8.77req/s] [内存消耗：4,089.23kb] [文件加载：71]
[ info ] [ LANG ] C:\Users\Administrator\Desktop\phpEnv5.6.0-Green\www\lizi\thinkphp\lang\zh-cn.php
[ info ] [ ROUTE ] array (
  'type' => 'module',
  'module' => 
  array (
    0 => 'admin',
    1 => 'extend',
    2 => 'ueserver',
  ),
)
[ info ] [ HEADER ] array (
  'cookie' => 'PHPSESSID=2s6pdkqnnk3v5umdthg4jo9d21; thinkphp_show_page_trace=0|0; Hm_lvt_a251280bf86f57cd4043cbbb98c55f57=1576905939,1577067900; Hm_lpvt_a251280bf86f57cd4043cbbb98c55f57=1577082887',
  'accept-language' => 'zh-CN,zh;q=0.9',
  'accept-encoding' => 'gzip, deflate',
  'referer' => 'http://local.lizi.com/admin/wconfig/index.html',
  'accept' => '*/*',
  'user-agent' => 'Mozilla/5.0 (Windows NT 6.1; Win64; x64) AppleWebKit/537.36 (KHTML, like Gecko) Chrome/78.0.3904.108 Safari/537.36',
  'connection' => 'close',
  'host' => 'local.lizi.com',
)
[ info ] [ PARAM ] array (
  'action' => 'config',
  'noCache' => '1577148397518',
)
[ info ] [ DB ] INIT mysql
[ info ] [ SESSION ] INIT array (
  'id' => '',
  'var_session_id' => '',
  'prefix' => 'bearadmin_',
  'type' => '',
  'auto_start' => true,
)
[ info ] [ RUN ] app\admin\controller\Extend->ueserver[ C:\Users\Administrator\Desktop\phpEnv5.6.0-Green\www\lizi\application\admin\controller\Extend.php ]
[ info ] [ LOG ] INIT File
[ sql ] [ DB ] CONNECT:[ UseTime:0.008001s ] mysql:host=localhost;port=3306;dbname=lizi;charset=utf8mb4
[ sql ] [ SQL ] SHOW COLUMNS FROM `bear_admin_menus` [ RunTime:0.003000s ]
[ sql ] [ SQL ] SELECT * FROM `bear_admin_menus` WHERE  `url` = 'admin/extend/ueserver' LIMIT 1 [ RunTime:0.002000s ]
[ sql ] [ SQL ] SHOW COLUMNS FROM `bear_admin_users` [ RunTime:0.001000s ]
[ sql ] [ SQL ] SELECT * FROM `bear_admin_users` WHERE (  `id` = 1 ) AND `bear_admin_users`.`delete_time` IS NULL LIMIT 1 [ RunTime:0.001000s ]
---------------------------------------------------------------
[ 2019-12-24T08:46:37+08:00 ] 127.0.0.1 GET /admin/extend/ueserver.html?action=config&&noCache=1577148397518
[ info ] local.lizi.com/admin/extend/ueserver.html?action=config&&noCache=1577148397518 [运行时间：0.078004s][吞吐率：12.82req/s] [内存消耗：4,089.23kb] [文件加载：71]
[ info ] [ LANG ] C:\Users\Administrator\Desktop\phpEnv5.6.0-Green\www\lizi\thinkphp\lang\zh-cn.php
[ info ] [ ROUTE ] array (
  'type' => 'module',
  'module' => 
  array (
    0 => 'admin',
    1 => 'extend',
    2 => 'ueserver',
  ),
)
[ info ] [ HEADER ] array (
  'cookie' => 'PHPSESSID=2s6pdkqnnk3v5umdthg4jo9d21; thinkphp_show_page_trace=0|0; Hm_lvt_a251280bf86f57cd4043cbbb98c55f57=1576905939,1577067900; Hm_lpvt_a251280bf86f57cd4043cbbb98c55f57=1577082887',
  'accept-language' => 'zh-CN,zh;q=0.9',
  'accept-encoding' => 'gzip, deflate',
  'referer' => 'http://local.lizi.com/admin/wconfig/index.html',
  'accept' => '*/*',
  'user-agent' => 'Mozilla/5.0 (Windows NT 6.1; Win64; x64) AppleWebKit/537.36 (KHTML, like Gecko) Chrome/78.0.3904.108 Safari/537.36',
  'connection' => 'close',
  'host' => 'local.lizi.com',
)
[ info ] [ PARAM ] array (
  'action' => 'config',
  'noCache' => '1577148397518',
)
[ info ] [ DB ] INIT mysql
[ info ] [ SESSION ] INIT array (
  'id' => '',
  'var_session_id' => '',
  'prefix' => 'bearadmin_',
  'type' => '',
  'auto_start' => true,
)
[ info ] [ RUN ] app\admin\controller\Extend->ueserver[ C:\Users\Administrator\Desktop\phpEnv5.6.0-Green\www\lizi\application\admin\controller\Extend.php ]
[ info ] [ LOG ] INIT File
[ sql ] [ DB ] CONNECT:[ UseTime:0.002000s ] mysql:host=localhost;port=3306;dbname=lizi;charset=utf8mb4
[ sql ] [ SQL ] SHOW COLUMNS FROM `bear_admin_menus` [ RunTime:0.002000s ]
[ sql ] [ SQL ] SELECT * FROM `bear_admin_menus` WHERE  `url` = 'admin/extend/ueserver' LIMIT 1 [ RunTime:0.001000s ]
[ sql ] [ SQL ] SHOW COLUMNS FROM `bear_admin_users` [ RunTime:0.001000s ]
[ sql ] [ SQL ] SELECT * FROM `bear_admin_users` WHERE (  `id` = 1 ) AND `bear_admin_users`.`delete_time` IS NULL LIMIT 1 [ RunTime:0.001000s ]
---------------------------------------------------------------
[ 2019-12-24T08:46:38+08:00 ] 127.0.0.1 GET /admin/extend/ueserver.html?action=config&&noCache=1577148397532
[ info ] local.lizi.com/admin/extend/ueserver.html?action=config&&noCache=1577148397532 [运行时间：0.110006s][吞吐率：9.09req/s] [内存消耗：4,089.23kb] [文件加载：71]
[ info ] [ LANG ] C:\Users\Administrator\Desktop\phpEnv5.6.0-Green\www\lizi\thinkphp\lang\zh-cn.php
[ info ] [ ROUTE ] array (
  'type' => 'module',
  'module' => 
  array (
    0 => 'admin',
    1 => 'extend',
    2 => 'ueserver',
  ),
)
[ info ] [ HEADER ] array (
  'cookie' => 'PHPSESSID=2s6pdkqnnk3v5umdthg4jo9d21; thinkphp_show_page_trace=0|0; Hm_lvt_a251280bf86f57cd4043cbbb98c55f57=1576905939,1577067900; Hm_lpvt_a251280bf86f57cd4043cbbb98c55f57=1577082887',
  'accept-language' => 'zh-CN,zh;q=0.9',
  'accept-encoding' => 'gzip, deflate',
  'referer' => 'http://local.lizi.com/admin/wconfig/index.html',
  'accept' => '*/*',
  'user-agent' => 'Mozilla/5.0 (Windows NT 6.1; Win64; x64) AppleWebKit/537.36 (KHTML, like Gecko) Chrome/78.0.3904.108 Safari/537.36',
  'connection' => 'close',
  'host' => 'local.lizi.com',
)
[ info ] [ PARAM ] array (
  'action' => 'config',
  'noCache' => '1577148397532',
)
[ info ] [ DB ] INIT mysql
[ info ] [ SESSION ] INIT array (
  'id' => '',
  'var_session_id' => '',
  'prefix' => 'bearadmin_',
  'type' => '',
  'auto_start' => true,
)
[ info ] [ RUN ] app\admin\controller\Extend->ueserver[ C:\Users\Administrator\Desktop\phpEnv5.6.0-Green\www\lizi\application\admin\controller\Extend.php ]
[ info ] [ LOG ] INIT File
[ sql ] [ DB ] CONNECT:[ UseTime:0.011001s ] mysql:host=localhost;port=3306;dbname=lizi;charset=utf8mb4
[ sql ] [ SQL ] SHOW COLUMNS FROM `bear_admin_menus` [ RunTime:0.001000s ]
[ sql ] [ SQL ] SELECT * FROM `bear_admin_menus` WHERE  `url` = 'admin/extend/ueserver' LIMIT 1 [ RunTime:0.001000s ]
[ sql ] [ SQL ] SHOW COLUMNS FROM `bear_admin_users` [ RunTime:0.001000s ]
[ sql ] [ SQL ] SELECT * FROM `bear_admin_users` WHERE (  `id` = 1 ) AND `bear_admin_users`.`delete_time` IS NULL LIMIT 1 [ RunTime:0.001000s ]
---------------------------------------------------------------
[ 2019-12-24T08:46:44+08:00 ] 127.0.0.1 GET /admin/motels/index.html
[ info ] local.lizi.com/admin/motels/index.html [运行时间：0.109006s][吞吐率：9.17req/s] [内存消耗：4,418.37kb] [文件加载：79]
[ info ] [ LANG ] C:\Users\Administrator\Desktop\phpEnv5.6.0-Green\www\lizi\thinkphp\lang\zh-cn.php
[ info ] [ ROUTE ] array (
  'type' => 'module',
  'module' => 
  array (
    0 => 'admin',
    1 => 'motels',
    2 => 'index',
  ),
)
[ info ] [ HEADER ] array (
  'cookie' => 'thinkphp_show_page_trace=0|0; PHPSESSID=2s6pdkqnnk3v5umdthg4jo9d21; thinkphp_show_page_trace=0|0; Hm_lvt_a251280bf86f57cd4043cbbb98c55f57=1576905939,1577067900; Hm_lpvt_a251280bf86f57cd4043cbbb98c55f57=1577082887',
  'accept-language' => 'zh-CN,zh;q=0.9',
  'accept-encoding' => 'gzip, deflate',
  'referer' => 'http://local.lizi.com/admin/member/hei.html',
  'accept' => 'text/html,application/xhtml+xml,application/xml;q=0.9,image/webp,image/apng,*/*;q=0.8,application/signed-exchange;v=b3',
  'user-agent' => 'Mozilla/5.0 (Windows NT 6.1; Win64; x64) AppleWebKit/537.36 (KHTML, like Gecko) Chrome/78.0.3904.108 Safari/537.36',
  'upgrade-insecure-requests' => '1',
  'connection' => 'close',
  'host' => 'local.lizi.com',
)
[ info ] [ PARAM ] array (
)
[ info ] [ DB ] INIT mysql
[ info ] [ SESSION ] INIT array (
  'id' => '',
  'var_session_id' => '',
  'prefix' => 'bearadmin_',
  'type' => '',
  'auto_start' => true,
)
[ info ] [ RUN ] app\admin\controller\Motels->index[ C:\Users\Administrator\Desktop\phpEnv5.6.0-Green\www\lizi\application\admin\controller\Motels.php ]
[ info ] [ VIEW ] C:\Users\Administrator\Desktop\phpEnv5.6.0-Green\www\lizi\public/../application/admin\view\motels\index.html [ array (
  0 => 'list',
  1 => 'showDataHeader',
  2 => 'showDataHeaderAddButton',
  3 => 'showDataHeaderDeleteButton',
  4 => 'showFormHeader',
  5 => 'showFormHeaderBackButton',
  6 => 'showFormFooter',
  7 => 'showFormFooterSubmitButton',
  8 => 'showFormFooterResetButton',
  9 => 'webData',
) ]
[ info ] [ LOG ] INIT File
[ sql ] [ DB ] CONNECT:[ UseTime:0.002000s ] mysql:host=localhost;port=3306;dbname=lizi;charset=utf8mb4
[ sql ] [ SQL ] SHOW COLUMNS FROM `bear_admin_menus` [ RunTime:0.001000s ]
[ sql ] [ SQL ] SELECT * FROM `bear_admin_menus` WHERE  `url` = 'admin/motels/index' LIMIT 1 [ RunTime:0.000000s ]
[ sql ] [ SQL ] SHOW COLUMNS FROM `bear_admin_users` [ RunTime:0.001000s ]
[ sql ] [ SQL ] SELECT * FROM `bear_admin_users` WHERE (  `id` = 1 ) AND `bear_admin_users`.`delete_time` IS NULL LIMIT 1 [ RunTime:0.001000s ]
[ sql ] [ SQL ] SHOW COLUMNS FROM `bear_moban` [ RunTime:0.001000s ]
[ sql ] [ SQL ] SELECT COUNT(*) AS tp_count FROM `bear_moban` LIMIT 1 [ RunTime:0.000000s ]
[ sql ] [ SQL ] SELECT * FROM `bear_moban` ORDER BY `sort` DESC,`id` DESC LIMIT 0,15 [ RunTime:0.001000s ]
[ sql ] [ SQL ] SHOW COLUMNS FROM `bear_admin_group_access` [ RunTime:0.001000s ]
[ sql ] [ SQL ] SELECT `AdminGroupAccess`.`uid`,`AdminGroupAccess`.`group_id`,`AdminGroups`.`name`,`AdminGroups`.`rules` FROM `bear_admin_group_access` `AdminGroupAccess` LEFT JOIN `bear_admin_groups` `AdminGroups` ON `AdminGroupAccess`.`group_id`=`AdminGroups`.`id` WHERE  (  AdminGroupAccess.uid='1' and AdminGroups.status=1 ) [ RunTime:0.001001s ]
[ sql ] [ SQL ] SELECT `condition`,`url`,`id` FROM `bear_admin_menus` WHERE  `id` IN (1,45,46,47,48,49,50,51,52,53,54,55,65,71,77,56,66,70,75,57,69,67,68,74,58,64,59,60,61,62,63,72,76,2,3,4,5,6,7,8,9,10,11,12,13,14,15,16,17,18,19,20,21,22,23,24,25,26,27,28,29,30,31,32,33,34,35,36,37,38,39,40,41,42,43,44)  AND `type` = 1  AND `status` = 1 [ RunTime:0.001000s ]
[ sql ] [ SQL ] SELECT * FROM `bear_admin_menus` WHERE  `is_show` = 1 ORDER BY `sort_id` ASC,`id` ASC [ RunTime:0.000000s ]
[ sql ] [ SQL ] SHOW COLUMNS FROM `bear_sysconfigs` [ RunTime:0.001000s ]
[ sql ] [ SQL ] SELECT * FROM `bear_sysconfigs` WHERE (  `code` = 'backend_name'  AND `status` = 1 ) AND `bear_sysconfigs`.`delete_time` IS NULL LIMIT 1 [ RunTime:0.000000s ]
---------------------------------------------------------------
[ 2019-12-24T08:46:48+08:00 ] 127.0.0.1 GET /admin/motels/edit.html?id=3
[ info ] local.lizi.com/admin/motels/edit.html?id=3 [运行时间：0.118007s][吞吐率：8.47req/s] [内存消耗：4,479.34kb] [文件加载：78]
[ info ] [ LANG ] C:\Users\Administrator\Desktop\phpEnv5.6.0-Green\www\lizi\thinkphp\lang\zh-cn.php
[ info ] [ ROUTE ] array (
  'type' => 'module',
  'module' => 
  array (
    0 => 'admin',
    1 => 'motels',
    2 => 'edit',
  ),
)
[ info ] [ HEADER ] array (
  'cookie' => 'thinkphp_show_page_trace=0|0; PHPSESSID=2s6pdkqnnk3v5umdthg4jo9d21; thinkphp_show_page_trace=0|0; Hm_lvt_a251280bf86f57cd4043cbbb98c55f57=1576905939,1577067900; Hm_lpvt_a251280bf86f57cd4043cbbb98c55f57=1577082887',
  'accept-language' => 'zh-CN,zh;q=0.9',
  'accept-encoding' => 'gzip, deflate',
  'referer' => 'http://local.lizi.com/admin/motels/index.html',
  'accept' => 'text/html,application/xhtml+xml,application/xml;q=0.9,image/webp,image/apng,*/*;q=0.8,application/signed-exchange;v=b3',
  'user-agent' => 'Mozilla/5.0 (Windows NT 6.1; Win64; x64) AppleWebKit/537.36 (KHTML, like Gecko) Chrome/78.0.3904.108 Safari/537.36',
  'upgrade-insecure-requests' => '1',
  'connection' => 'close',
  'host' => 'local.lizi.com',
)
[ info ] [ PARAM ] array (
  'id' => '3',
)
[ info ] [ DB ] INIT mysql
[ info ] [ SESSION ] INIT array (
  'id' => '',
  'var_session_id' => '',
  'prefix' => 'bearadmin_',
  'type' => '',
  'auto_start' => true,
)
[ info ] [ RUN ] app\admin\controller\Motels->edit[ C:\Users\Administrator\Desktop\phpEnv5.6.0-Green\www\lizi\application\admin\controller\Motels.php ]
[ info ] [ VIEW ] C:\Users\Administrator\Desktop\phpEnv5.6.0-Green\www\lizi\public/../application/admin\view\motels\edit.html [ array (
  0 => 'info',
  1 => 'showDataHeader',
  2 => 'showDataHeaderAddButton',
  3 => 'showDataHeaderDeleteButton',
  4 => 'showFormHeader',
  5 => 'showFormHeaderBackButton',
  6 => 'showFormFooter',
  7 => 'showFormFooterSubmitButton',
  8 => 'showFormFooterResetButton',
  9 => 'webData',
) ]
[ info ] [ LOG ] INIT File
[ sql ] [ DB ] CONNECT:[ UseTime:0.011001s ] mysql:host=localhost;port=3306;dbname=lizi;charset=utf8mb4
[ sql ] [ SQL ] SHOW COLUMNS FROM `bear_admin_menus` [ RunTime:0.001000s ]
[ sql ] [ SQL ] SELECT * FROM `bear_admin_menus` WHERE  `url` = 'admin/motels/edit' LIMIT 1 [ RunTime:0.000000s ]
[ sql ] [ SQL ] SHOW COLUMNS FROM `bear_admin_users` [ RunTime:0.001000s ]
[ sql ] [ SQL ] SELECT * FROM `bear_admin_users` WHERE (  `id` = 1 ) AND `bear_admin_users`.`delete_time` IS NULL LIMIT 1 [ RunTime:0.001000s ]
[ sql ] [ SQL ] SHOW COLUMNS FROM `bear_moban` [ RunTime:0.001000s ]
[ sql ] [ SQL ] SELECT * FROM `bear_moban` WHERE  `id` = 3 LIMIT 1 [ RunTime:0.000000s ]
[ sql ] [ SQL ] SHOW COLUMNS FROM `bear_admin_group_access` [ RunTime:0.001000s ]
[ sql ] [ SQL ] SELECT `AdminGroupAccess`.`uid`,`AdminGroupAccess`.`group_id`,`AdminGroups`.`name`,`AdminGroups`.`rules` FROM `bear_admin_group_access` `AdminGroupAccess` LEFT JOIN `bear_admin_groups` `AdminGroups` ON `AdminGroupAccess`.`group_id`=`AdminGroups`.`id` WHERE  (  AdminGroupAccess.uid='1' and AdminGroups.status=1 ) [ RunTime:0.000000s ]
[ sql ] [ SQL ] SELECT `condition`,`url`,`id` FROM `bear_admin_menus` WHERE  `id` IN (1,45,46,47,48,49,50,51,52,53,54,55,65,71,77,56,66,70,75,57,69,67,68,74,58,64,59,60,61,62,63,72,76,2,3,4,5,6,7,8,9,10,11,12,13,14,15,16,17,18,19,20,21,22,23,24,25,26,27,28,29,30,31,32,33,34,35,36,37,38,39,40,41,42,43,44)  AND `type` = 1  AND `status` = 1 [ RunTime:0.000000s ]
[ sql ] [ SQL ] SELECT * FROM `bear_admin_menus` WHERE  `is_show` = 1 ORDER BY `sort_id` ASC,`id` ASC [ RunTime:0.001000s ]
[ sql ] [ SQL ] SHOW COLUMNS FROM `bear_sysconfigs` [ RunTime:0.001000s ]
[ sql ] [ SQL ] SELECT * FROM `bear_sysconfigs` WHERE (  `code` = 'backend_name'  AND `status` = 1 ) AND `bear_sysconfigs`.`delete_time` IS NULL LIMIT 1 [ RunTime:0.000000s ]
---------------------------------------------------------------
[ 2019-12-24T08:46:51+08:00 ] 127.0.0.1 GET /admin/motels/index.html
[ info ] local.lizi.com/admin/motels/index.html [运行时间：0.116007s][吞吐率：8.62req/s] [内存消耗：4,418.48kb] [文件加载：79]
[ info ] [ LANG ] C:\Users\Administrator\Desktop\phpEnv5.6.0-Green\www\lizi\thinkphp\lang\zh-cn.php
[ info ] [ ROUTE ] array (
  'type' => 'module',
  'module' => 
  array (
    0 => 'admin',
    1 => 'motels',
    2 => 'index',
  ),
)
[ info ] [ HEADER ] array (
  'cookie' => 'thinkphp_show_page_trace=0|0; PHPSESSID=2s6pdkqnnk3v5umdthg4jo9d21; thinkphp_show_page_trace=0|0; Hm_lvt_a251280bf86f57cd4043cbbb98c55f57=1576905939,1577067900; Hm_lpvt_a251280bf86f57cd4043cbbb98c55f57=1577082887',
  'accept-language' => 'zh-CN,zh;q=0.9',
  'accept-encoding' => 'gzip, deflate',
  'referer' => 'http://local.lizi.com/admin/member/hei.html',
  'accept' => 'text/html,application/xhtml+xml,application/xml;q=0.9,image/webp,image/apng,*/*;q=0.8,application/signed-exchange;v=b3',
  'user-agent' => 'Mozilla/5.0 (Windows NT 6.1; Win64; x64) AppleWebKit/537.36 (KHTML, like Gecko) Chrome/78.0.3904.108 Safari/537.36',
  'upgrade-insecure-requests' => '1',
  'connection' => 'close',
  'host' => 'local.lizi.com',
)
[ info ] [ PARAM ] array (
)
[ info ] [ DB ] INIT mysql
[ info ] [ SESSION ] INIT array (
  'id' => '',
  'var_session_id' => '',
  'prefix' => 'bearadmin_',
  'type' => '',
  'auto_start' => true,
)
[ info ] [ RUN ] app\admin\controller\Motels->index[ C:\Users\Administrator\Desktop\phpEnv5.6.0-Green\www\lizi\application\admin\controller\Motels.php ]
[ info ] [ VIEW ] C:\Users\Administrator\Desktop\phpEnv5.6.0-Green\www\lizi\public/../application/admin\view\motels\index.html [ array (
  0 => 'list',
  1 => 'showDataHeader',
  2 => 'showDataHeaderAddButton',
  3 => 'showDataHeaderDeleteButton',
  4 => 'showFormHeader',
  5 => 'showFormHeaderBackButton',
  6 => 'showFormFooter',
  7 => 'showFormFooterSubmitButton',
  8 => 'showFormFooterResetButton',
  9 => 'webData',
) ]
[ info ] [ LOG ] INIT File
[ sql ] [ DB ] CONNECT:[ UseTime:0.011001s ] mysql:host=localhost;port=3306;dbname=lizi;charset=utf8mb4
[ sql ] [ SQL ] SHOW COLUMNS FROM `bear_admin_menus` [ RunTime:0.001000s ]
[ sql ] [ SQL ] SELECT * FROM `bear_admin_menus` WHERE  `url` = 'admin/motels/index' LIMIT 1 [ RunTime:0.000000s ]
[ sql ] [ SQL ] SHOW COLUMNS FROM `bear_admin_users` [ RunTime:0.001000s ]
[ sql ] [ SQL ] SELECT * FROM `bear_admin_users` WHERE (  `id` = 1 ) AND `bear_admin_users`.`delete_time` IS NULL LIMIT 1 [ RunTime:0.001000s ]
[ sql ] [ SQL ] SHOW COLUMNS FROM `bear_moban` [ RunTime:0.001001s ]
[ sql ] [ SQL ] SELECT COUNT(*) AS tp_count FROM `bear_moban` LIMIT 1 [ RunTime:0.000000s ]
[ sql ] [ SQL ] SELECT * FROM `bear_moban` ORDER BY `sort` DESC,`id` DESC LIMIT 0,15 [ RunTime:0.000000s ]
[ sql ] [ SQL ] SHOW COLUMNS FROM `bear_admin_group_access` [ RunTime:0.001000s ]
[ sql ] [ SQL ] SELECT `AdminGroupAccess`.`uid`,`AdminGroupAccess`.`group_id`,`AdminGroups`.`name`,`AdminGroups`.`rules` FROM `bear_admin_group_access` `AdminGroupAccess` LEFT JOIN `bear_admin_groups` `AdminGroups` ON `AdminGroupAccess`.`group_id`=`AdminGroups`.`id` WHERE  (  AdminGroupAccess.uid='1' and AdminGroups.status=1 ) [ RunTime:0.000000s ]
[ sql ] [ SQL ] SELECT `condition`,`url`,`id` FROM `bear_admin_menus` WHERE  `id` IN (1,45,46,47,48,49,50,51,52,53,54,55,65,71,77,56,66,70,75,57,69,67,68,74,58,64,59,60,61,62,63,72,76,2,3,4,5,6,7,8,9,10,11,12,13,14,15,16,17,18,19,20,21,22,23,24,25,26,27,28,29,30,31,32,33,34,35,36,37,38,39,40,41,42,43,44)  AND `type` = 1  AND `status` = 1 [ RunTime:0.000000s ]
[ sql ] [ SQL ] SELECT * FROM `bear_admin_menus` WHERE  `is_show` = 1 ORDER BY `sort_id` ASC,`id` ASC [ RunTime:0.001000s ]
[ sql ] [ SQL ] SHOW COLUMNS FROM `bear_sysconfigs` [ RunTime:0.000000s ]
[ sql ] [ SQL ] SELECT * FROM `bear_sysconfigs` WHERE (  `code` = 'backend_name'  AND `status` = 1 ) AND `bear_sysconfigs`.`delete_time` IS NULL LIMIT 1 [ RunTime:0.000000s ]
---------------------------------------------------------------
[ 2019-12-24T08:46:53+08:00 ] 127.0.0.1 GET /admin/motels/edit.html?id=4
[ info ] local.lizi.com/admin/motels/edit.html?id=4 [运行时间：0.120007s][吞吐率：8.33req/s] [内存消耗：4,266.53kb] [文件加载：76]
[ info ] [ LANG ] C:\Users\Administrator\Desktop\phpEnv5.6.0-Green\www\lizi\thinkphp\lang\zh-cn.php
[ info ] [ ROUTE ] array (
  'type' => 'module',
  'module' => 
  array (
    0 => 'admin',
    1 => 'motels',
    2 => 'edit',
  ),
)
[ info ] [ HEADER ] array (
  'cookie' => 'thinkphp_show_page_trace=0|0; PHPSESSID=2s6pdkqnnk3v5umdthg4jo9d21; thinkphp_show_page_trace=0|0; Hm_lvt_a251280bf86f57cd4043cbbb98c55f57=1576905939,1577067900; Hm_lpvt_a251280bf86f57cd4043cbbb98c55f57=1577082887',
  'accept-language' => 'zh-CN,zh;q=0.9',
  'accept-encoding' => 'gzip, deflate',
  'referer' => 'http://local.lizi.com/admin/motels/index.html',
  'accept' => 'text/html,application/xhtml+xml,application/xml;q=0.9,image/webp,image/apng,*/*;q=0.8,application/signed-exchange;v=b3',
  'user-agent' => 'Mozilla/5.0 (Windows NT 6.1; Win64; x64) AppleWebKit/537.36 (KHTML, like Gecko) Chrome/78.0.3904.108 Safari/537.36',
  'upgrade-insecure-requests' => '1',
  'connection' => 'close',
  'host' => 'local.lizi.com',
)
[ info ] [ PARAM ] array (
  'id' => '4',
)
[ info ] [ DB ] INIT mysql
[ info ] [ SESSION ] INIT array (
  'id' => '',
  'var_session_id' => '',
  'prefix' => 'bearadmin_',
  'type' => '',
  'auto_start' => true,
)
[ info ] [ RUN ] app\admin\controller\Motels->edit[ C:\Users\Administrator\Desktop\phpEnv5.6.0-Green\www\lizi\application\admin\controller\Motels.php ]
[ info ] [ VIEW ] C:\Users\Administrator\Desktop\phpEnv5.6.0-Green\www\lizi\public/../application/admin\view\motels\edit.html [ array (
  0 => 'info',
  1 => 'showDataHeader',
  2 => 'showDataHeaderAddButton',
  3 => 'showDataHeaderDeleteButton',
  4 => 'showFormHeader',
  5 => 'showFormHeaderBackButton',
  6 => 'showFormFooter',
  7 => 'showFormFooterSubmitButton',
  8 => 'showFormFooterResetButton',
  9 => 'webData',
) ]
[ info ] [ LOG ] INIT File
[ sql ] [ DB ] CONNECT:[ UseTime:0.011000s ] mysql:host=localhost;port=3306;dbname=lizi;charset=utf8mb4
[ sql ] [ SQL ] SHOW COLUMNS FROM `bear_admin_menus` [ RunTime:0.001001s ]
[ sql ] [ SQL ] SELECT * FROM `bear_admin_menus` WHERE  `url` = 'admin/motels/edit' LIMIT 1 [ RunTime:0.000000s ]
[ sql ] [ SQL ] SHOW COLUMNS FROM `bear_admin_users` [ RunTime:0.001000s ]
[ sql ] [ SQL ] SELECT * FROM `bear_admin_users` WHERE (  `id` = 1 ) AND `bear_admin_users`.`delete_time` IS NULL LIMIT 1 [ RunTime:0.001000s ]
[ sql ] [ SQL ] SHOW COLUMNS FROM `bear_moban` [ RunTime:0.001000s ]
[ sql ] [ SQL ] SELECT * FROM `bear_moban` WHERE  `id` = 4 LIMIT 1 [ RunTime:0.000000s ]
[ sql ] [ SQL ] SHOW COLUMNS FROM `bear_admin_group_access` [ RunTime:0.000000s ]
[ sql ] [ SQL ] SELECT `AdminGroupAccess`.`uid`,`AdminGroupAccess`.`group_id`,`AdminGroups`.`name`,`AdminGroups`.`rules` FROM `bear_admin_group_access` `AdminGroupAccess` LEFT JOIN `bear_admin_groups` `AdminGroups` ON `AdminGroupAccess`.`group_id`=`AdminGroups`.`id` WHERE  (  AdminGroupAccess.uid='1' and AdminGroups.status=1 ) [ RunTime:0.001000s ]
[ sql ] [ SQL ] SELECT `condition`,`url`,`id` FROM `bear_admin_menus` WHERE  `id` IN (1,45,46,47,48,49,50,51,52,53,54,55,65,71,77,56,66,70,75,57,69,67,68,74,58,64,59,60,61,62,63,72,76,2,3,4,5,6,7,8,9,10,11,12,13,14,15,16,17,18,19,20,21,22,23,24,25,26,27,28,29,30,31,32,33,34,35,36,37,38,39,40,41,42,43,44)  AND `type` = 1  AND `status` = 1 [ RunTime:0.001000s ]
[ sql ] [ SQL ] SELECT * FROM `bear_admin_menus` WHERE  `is_show` = 1 ORDER BY `sort_id` ASC,`id` ASC [ RunTime:0.000000s ]
[ sql ] [ SQL ] SHOW COLUMNS FROM `bear_sysconfigs` [ RunTime:0.001000s ]
[ sql ] [ SQL ] SELECT * FROM `bear_sysconfigs` WHERE (  `code` = 'backend_name'  AND `status` = 1 ) AND `bear_sysconfigs`.`delete_time` IS NULL LIMIT 1 [ RunTime:0.000000s ]
---------------------------------------------------------------
[ 2019-12-24T08:46:55+08:00 ] 127.0.0.1 GET /admin/motels/index.html
[ info ] local.lizi.com/admin/motels/index.html [运行时间：0.123007s][吞吐率：8.13req/s] [内存消耗：4,418.48kb] [文件加载：79]
[ info ] [ LANG ] C:\Users\Administrator\Desktop\phpEnv5.6.0-Green\www\lizi\thinkphp\lang\zh-cn.php
[ info ] [ ROUTE ] array (
  'type' => 'module',
  'module' => 
  array (
    0 => 'admin',
    1 => 'motels',
    2 => 'index',
  ),
)
[ info ] [ HEADER ] array (
  'cookie' => 'thinkphp_show_page_trace=0|0; PHPSESSID=2s6pdkqnnk3v5umdthg4jo9d21; thinkphp_show_page_trace=0|0; Hm_lvt_a251280bf86f57cd4043cbbb98c55f57=1576905939,1577067900; Hm_lpvt_a251280bf86f57cd4043cbbb98c55f57=1577082887',
  'accept-language' => 'zh-CN,zh;q=0.9',
  'accept-encoding' => 'gzip, deflate',
  'referer' => 'http://local.lizi.com/admin/member/hei.html',
  'accept' => 'text/html,application/xhtml+xml,application/xml;q=0.9,image/webp,image/apng,*/*;q=0.8,application/signed-exchange;v=b3',
  'user-agent' => 'Mozilla/5.0 (Windows NT 6.1; Win64; x64) AppleWebKit/537.36 (KHTML, like Gecko) Chrome/78.0.3904.108 Safari/537.36',
  'upgrade-insecure-requests' => '1',
  'connection' => 'close',
  'host' => 'local.lizi.com',
)
[ info ] [ PARAM ] array (
)
[ info ] [ DB ] INIT mysql
[ info ] [ SESSION ] INIT array (
  'id' => '',
  'var_session_id' => '',
  'prefix' => 'bearadmin_',
  'type' => '',
  'auto_start' => true,
)
[ info ] [ RUN ] app\admin\controller\Motels->index[ C:\Users\Administrator\Desktop\phpEnv5.6.0-Green\www\lizi\application\admin\controller\Motels.php ]
[ info ] [ VIEW ] C:\Users\Administrator\Desktop\phpEnv5.6.0-Green\www\lizi\public/../application/admin\view\motels\index.html [ array (
  0 => 'list',
  1 => 'showDataHeader',
  2 => 'showDataHeaderAddButton',
  3 => 'showDataHeaderDeleteButton',
  4 => 'showFormHeader',
  5 => 'showFormHeaderBackButton',
  6 => 'showFormFooter',
  7 => 'showFormFooterSubmitButton',
  8 => 'showFormFooterResetButton',
  9 => 'webData',
) ]
[ info ] [ LOG ] INIT File
[ sql ] [ DB ] CONNECT:[ UseTime:0.010000s ] mysql:host=localhost;port=3306;dbname=lizi;charset=utf8mb4
[ sql ] [ SQL ] SHOW COLUMNS FROM `bear_admin_menus` [ RunTime:0.001000s ]
[ sql ] [ SQL ] SELECT * FROM `bear_admin_menus` WHERE  `url` = 'admin/motels/index' LIMIT 1 [ RunTime:0.001000s ]
[ sql ] [ SQL ] SHOW COLUMNS FROM `bear_admin_users` [ RunTime:0.001000s ]
[ sql ] [ SQL ] SELECT * FROM `bear_admin_users` WHERE (  `id` = 1 ) AND `bear_admin_users`.`delete_time` IS NULL LIMIT 1 [ RunTime:0.001000s ]
[ sql ] [ SQL ] SHOW COLUMNS FROM `bear_moban` [ RunTime:0.001000s ]
[ sql ] [ SQL ] SELECT COUNT(*) AS tp_count FROM `bear_moban` LIMIT 1 [ RunTime:0.000000s ]
[ sql ] [ SQL ] SELECT * FROM `bear_moban` ORDER BY `sort` DESC,`id` DESC LIMIT 0,15 [ RunTime:0.001000s ]
[ sql ] [ SQL ] SHOW COLUMNS FROM `bear_admin_group_access` [ RunTime:0.002000s ]
[ sql ] [ SQL ] SELECT `AdminGroupAccess`.`uid`,`AdminGroupAccess`.`group_id`,`AdminGroups`.`name`,`AdminGroups`.`rules` FROM `bear_admin_group_access` `AdminGroupAccess` LEFT JOIN `bear_admin_groups` `AdminGroups` ON `AdminGroupAccess`.`group_id`=`AdminGroups`.`id` WHERE  (  AdminGroupAccess.uid='1' and AdminGroups.status=1 ) [ RunTime:0.000000s ]
[ sql ] [ SQL ] SELECT `condition`,`url`,`id` FROM `bear_admin_menus` WHERE  `id` IN (1,45,46,47,48,49,50,51,52,53,54,55,65,71,77,56,66,70,75,57,69,67,68,74,58,64,59,60,61,62,63,72,76,2,3,4,5,6,7,8,9,10,11,12,13,14,15,16,17,18,19,20,21,22,23,24,25,26,27,28,29,30,31,32,33,34,35,36,37,38,39,40,41,42,43,44)  AND `type` = 1  AND `status` = 1 [ RunTime:0.001000s ]
[ sql ] [ SQL ] SELECT * FROM `bear_admin_menus` WHERE  `is_show` = 1 ORDER BY `sort_id` ASC,`id` ASC [ RunTime:0.000000s ]
[ sql ] [ SQL ] SHOW COLUMNS FROM `bear_sysconfigs` [ RunTime:0.001000s ]
[ sql ] [ SQL ] SELECT * FROM `bear_sysconfigs` WHERE (  `code` = 'backend_name'  AND `status` = 1 ) AND `bear_sysconfigs`.`delete_time` IS NULL LIMIT 1 [ RunTime:0.000000s ]
